0007465c b _COLS
00075124 b _Carg
0007161c D _EOF_Reached
00075120 b _Farg
0007510c b _Garg
00074658 b _LINES
00071580 D _NXArgc
0007157c D _NXArgv
00075114 b _Parg
000754e0 S _SB
00075118 b _Sarg
00075110 b _Warg
0007511c b _Xarg
         U __DefaultRuneLocale
         U ___divdi3
         U ___divsi3
         U ___error
         U ___floatdidf
         U ___maskrune
         U ___mb_cur_max
         U ___moddi3
         U ___modsi3
         U ___muldi3
00071574 D ___progname
         U ___stderrp
         U ___stdinp
         U ___stdoutp
0005b40c t ___switch16
0005b3f4 t ___switch8
0005b3dc t ___switchu8
         U ___tolower
         U ___toupper
         U ___udivdi3
         U ___udivsi3
         U ___umoddi3
         U ___umodsi3
0000206c t __dyld_func_lookup
00043df0 t __evalfile
0004bbbc t __findlim
00051198 T __getenv
000375b8 t __ignore_completion_names
0001b784 t __is_arithop
00001000 A __mh_execute_header
000522a8 t __path_isdir
0000f650 t __print_word_list
00071c2c d __redir_special_filenames
0002f6d0 t __run_trap_internal
00036924 t __strcompare
         U _abort
0000d5d2 T _absolute_pathname
0000e0f4 T _absolute_program
         U _access
00073ec4 b _act_like_sh
00032d74 T _add_alias
0003da1c t _add_exec_redirect
         U _add_history
0002ea34 t _add_mail_file
000179cc T _add_or_supercede_exported_var
00017e88 t _add_temp_array_to_env
0003dae8 t _add_undo_close_redirect
0003db18 t _add_undo_redirect
0003093c T _add_unwind_protect
00030a14 t _add_unwind_protect_internal
00051dfc T _addtimeval
00019d58 T _adjust_shell_level
         U _alarm
00040b28 T _alias_builtin
000735f0 S _alias_doc
00032e60 T _alias_expand
00071bd0 D _alias_expand_all
0003b594 t _alias_expand_line
00032d0c T _alias_expand_word
00074e4c b _alias_list.8937
00071bd4 D _aliases
00032ba0 T _all_aliases
00017970 T _all_array_variables
0000d470 T _all_digits
00017998 T _all_exported_variables
00017898 T _all_local_variables
00017944 T _all_shell_functions
000179c0 T _all_shell_variables
00017f7c T _all_variables_matching_prefix
00017932 T _all_visible_functions
000179ac T _all_visible_variables
0000ef92 T _alloc_word_desc
00030400 t _allocate_buffers
00074f58 b _allocated
00075618 S _allow_null_glob_expansion
00071aa0 D _already_making_children
00004028 t _alrm_catcher
00074ff8 b _alrmbuf
000327e0 t _and
00054990 T _ansic_quote
00054934 T _ansic_shouldquote
00054af8 T _ansicstr
00054fbc T _ansiexpand
         U _append_history
00074dfc b _argc
00074e00 b _argv
000737e8 S _arith_doc
00073790 S _arith_for_doc
00073f50 b _arith_for_lineno
000320a8 t _arithcomp
00033788 T _array_assign_list
00035d0c t _array_concat
000334ea T _array_copy
00033446 T _array_create
00033342 T _array_create_element
00033e16 T _array_dequote
00033dd2 T _array_dequote_escapes
000339e4 T _array_dispose
00033664 T _array_dispose_element
0003433c T _array_expand_index
000337e0 T _array_flush
000337c8 T _array_from_word_list
0003367e T _array_insert
0003429c T _array_keys
00033cde T _array_keys_to_word_list
00033e9e T _array_modcase
0007188c D _array_needs_making
00033f94 T _array_patsub
000339a0 T _array_quote
00033e5a T _array_quote_escapes
0003330c T _array_reference
00033294 T _array_remove
00033d9a T _array_remove_quoted_nulls
00033396 T _array_rshift
0003381a T _array_shift
00033438 T _array_shift_element
00033478 T _array_slice
0003408c T _array_subrange
00033c50 T _array_to_argv
00033a00 T _array_to_assign
00033544 T _array_to_string
00033d50 T _array_to_word_list
00033992 T _array_unshift_element
00034556 T _array_value
000343b4 t _array_value_internal
000341b8 T _array_variable_name
00034272 T _array_variable_part
00033258 T _array_walk
0004e108 t _asciicode
         U _asprintf
0001a9a8 t _assign_aliasvar
00035058 T _assign_array_element
00034fc0 T _assign_array_from_string
00034e0c T _assign_array_var_from_string
00034818 T _assign_array_var_from_word_list
000176d2 t _assign_comp_wordbreaks
00034994 T _assign_compound_array_list
0001aa54 t _assign_dirstack
0001a9bc t _assign_hashcmd
00018454 T _assign_in_env
00016a14 t _assign_lineno
0001ab40 t _assign_random
0001a970 t _assign_seconds
000169d8 t _assign_subshell
0007561c S _assigning_in_environment
0000e9b4 T _assignment
000746a8 b _assigntok
000356e8 T _assoc_dequote
00035682 T _assoc_dequote_escapes
0003584e T _assoc_dispose
00035842 T _assoc_flush
000357d4 T _assoc_insert
00035218 T _assoc_keys_to_word_list
00035866 T _assoc_modcase
0003597c T _assoc_patsub
00035138 T _assoc_quote
0003574e T _assoc_quote_escapes
000357b4 T _assoc_reference
0003581a T _assoc_remove
0003563e T _assoc_remove_quoted_nulls
00035576 T _assoc_subrange
00035324 T _assoc_to_assign
00035230 T _assoc_to_string
00035224 T _assoc_to_word_list
0003519e t _assoc_to_word_list_internal
000123c6 t _async_redirect_stdin
000719b4 D _asynchronous_notification
         U _atoi
00039c78 t _attempt_shell_completion
000715c4 D _autocd
0000e0ba T _base_pathname
00036a84 T _bash_add_history
0003bb2c t _bash_backward_kill_shellword
0003b928 t _bash_backward_shellword
000735e4 S _bash_badsub_errmsg
000365d4 T _bash_brace_completion
0003729c T _bash_clear_history
0003b280 t _bash_complete_command
0003afa8 t _bash_complete_command_internal
0003b2c8 t _bash_complete_filename
0003b028 t _bash_complete_filename_internal
0003b2b0 t _bash_complete_hostname
0003afe8 t _bash_complete_hostname_internal
0003b2e0 t _bash_complete_username
0003b008 t _bash_complete_username_internal
0003b298 t _bash_complete_variable
0003afc8 t _bash_complete_variable_internal
000735e8 s _bash_completer_word_break_characters
000735dc S _bash_copyright
0003ad04 t _bash_dabbrev_expand
00038e98 T _bash_default_completion
00036efc T _bash_delete_histent
00037230 T _bash_delete_last_history
0003749c t _bash_dequote_filename
0003754c T _bash_dequote_text
00039a84 t _bash_directory_completion_hook
00037868 T _bash_directory_completion_matches
00037b34 t _bash_execute_unix_command
0003b5bc t _bash_forward_shellword
000734fc S _bash_getcwd_errstr
0003b128 t _bash_glob_complete_word
0003af7c t _bash_glob_completion_internal
0003af9c t _bash_glob_expand_word
0003af90 t _bash_glob_list_expansions
0003aa8c t _bash_glob_quote_filename
00037ff0 T _bash_groupname_completion_function
00036990 T _bash_history_disable
00037330 T _bash_history_enable
0003737c t _bash_history_inhibit_expansion
00036944 T _bash_history_reinit
00037840 t _bash_ignore_everything
00037854 t _bash_ignore_filenames
00037408 T _bash_initialize_history
000754a0 S _bash_input
000759b8 S _bash_input_fd_changed
0003bb80 t _bash_kill_shellword
000735e0 S _bash_license
00044d74 T _bash_logout
000735ec s _bash_nohostname_word_break_characters
0003afbc t _bash_possible_command_completions
0003b0b0 t _bash_possible_filename_completions
0003affc t _bash_possible_hostname_completions
0003b01c t _bash_possible_username_completions
0003afdc t _bash_possible_variable_completions
00037e08 t _bash_push_line
0003a8dc t _bash_quote_filename
00037f44 T _bash_re_edit
00071bfc D _bash_readline_initialized
000380a4 T _bash_servicename_completion_function
00049c84 t _bash_set_history
0000deca t _bash_special_tilde_expansions
0003af44 t _bash_specific_completion
0000dd34 T _bash_tilde_expand
0000de18 T _bash_tilde_find_word
000745a0 b _bash_tilde_prefixes
000745a4 b _bash_tilde_prefixes2
000745a8 b _bash_tilde_suffixes
000745ac b _bash_tilde_suffixes2
0003b174 t _bash_vi_complete
00037450 T _bashline_reinitialize
00039a04 T _bashline_reset
00071600 d _bashrc_file
         U _bcopy
00030954 T _begin_unwind_frame
00031b24 t _beyond
00045e70 T _bg_builtin
000736b8 S _bg_doc
0001eb50 t _bgp_clear
0001eb84 t _bgp_delete
00071a6c D _bgpids
0003236a t _binary_operator
000321b4 T _binary_test
00002ab4 t _bind_args
00034be4 T _bind_array_element
0003489a t _bind_array_var_internal
00034fe4 T _bind_array_variable
00034e36 T _bind_assoc_variable
00040c70 T _bind_builtin
0003f334 t _bind_compfunc_variables
00073600 S _bind_doc
0001868c T _bind_function
00018628 T _bind_function_def
00019544 T _bind_int_variable
0003799c T _bind_keyseq_to_unix_command
000121a8 t _bind_lastarg
00048a58 t _bind_read_variable
000195a8 T _bind_var_to_int
00019440 T _bind_variable
00019100 t _bind_variable_internal
00019048 T _bind_variable_value
00041608 t _bindpwd
00035ec8 T _brace_expand
00071a04 D _brace_expansion
00035a94 t _brace_gobbler
000411fc T _break_builtin
00073608 S _break_doc
00072968 D _breaking
00074f54 b _brkfound
00073f04 b _buffer_size.8836
0003027c T _buffered_getchar
00030244 T _buffered_ungetchar
00074ce0 b _buffers
00050144 t _build_actions
0001808c t _build_aliasvar
0003f498 t _build_arg_list
0001813e t _build_hashcmd
00070930 S _build_version
00041ecc T _builtin_address
00041e00 T _builtin_address_internal
00041284 T _builtin_builtin
00073618 S _builtin_doc
000423c8 T _builtin_error
00042308 t _builtin_error_prolog
0004227c T _builtin_usage
0004237c T _builtin_warning
0002cf58 t _call_expand_word_internal
000412d4 T _caller_builtin
00073620 S _caller_doc
000737a8 S _case_doc
00074cdc b _catch_flag
0004184c T _cd_builtin
00073628 S _cd_doc
00048314 t _cd_to_string
00075b90 S _cdable_vars
00072970 D _cdspelling
0001d594 T _change_flag
0002f46c t _change_signal
000416cc t _change_to_directory
00048348 t _change_to_temp
00074f60 b _changed_dollar_vars
000285e0 T _char_is_quoted
         U _chdir
00036b90 T _check_add_history
00030794 T _check_bash_input
0000d4e4 T _check_binary_file
0000e43e T _check_dev_tty
00075a6c S _check_hashed_filenames
0000eb58 T _check_identifier
000715c0 D _check_jobs_at_exit
00041138 t _check_loop_level
0002e7c4 T _check_mail
00075614 S _check_window_size
0002288c t _chk_atstar
0003f7a4 T _clean_itemlist
0000eba8 T _clean_simple_command
00020670 t _cleanup_dead_jobs
0003b4c4 t _cleanup_expansion_error
00012344 t _cleanup_redirects
0001eac0 T _cleanup_the_pipeline
         U _clear_history
00037564 T _clear_hostname_list
000309ac T _clear_unwind_protect_list
00030aac t _clear_unwind_protects_internal
         U _clearerr
         U _close
000303b6 T _close_buffered_fd
000303a0 T _close_buffered_stream
00011978 T _close_fd_bitmap
000118de t _close_pipes
         U _closedir
00073504 s _cmd_error_table
00074ed4 b _cmd_index.9171
0000efc4 T _cmd_init
00074f1c b _cmd_xmap
00075094 b _cmdlist
0007509c b _cmdlistsz
00041ae4 T _colon_builtin
00073638 S _colon_doc
00041aec T _command_builtin
0000ee5a T _command_connect
00073650 S _command_doc
0001b310 T _command_error
0001b260 T _command_errstr
00075400 S _command_execution_string
00071be0 D _command_oriented_history
0000f6b0 t _command_print_word_list
0007181c D _command_string_index
000390b8 t _command_subst_completion_function
000255c6 T _command_substitute
00074e28 b _command_word
00038470 T _command_word_completion_function
00073d88 s _compacts
000504cc T _compgen_builtin
00073830 S _compgen_doc
00050d1c T _complete_builtin
00073828 S _complete_doc
0003ee14 T _completions_to_stringlist
0004ffbc T _compopt_builtin
00073838 S _compopt_doc
00073d50 s _compopts
00040586 T _compspec_copy
00040564 T _compspec_create
0004064c T _compspec_dispose
00071834 D _comsub_ignore_return
0000b0d0 t _cond_and
0002d8d4 T _cond_expand_word
0000b140 t _cond_expr
00074170 b _cond_lineno
0000b108 t _cond_or
0000acb4 t _cond_skip_newlines
0000ad00 t _cond_term
00074174 b _cond_token
000737f0 S _conditional_doc
         U _confstr
         U _connect
0000ee7a T _connect_async_list
00041174 T _continue_builtin
00073610 S _continue_doc
0007296c D _continuing
000750f0 b _conv_buf
000750f4 b _conv_bufsize
000750d4 b _conversion_error
00034ee8 T _convert_var_to_array
00034e80 T _convert_var_to_assoc
000120e8 T _coproc_alloc
000122b0 T _coproc_checkfd
00011934 T _coproc_close
00011964 T _coproc_closeall
00012154 T _coproc_dispose
000737c8 S _coproc_doc
000122e4 T _coproc_fdchk
00012294 T _coproc_fdclose
000118b6 T _coproc_fdrestore
000118ac T _coproc_fdsave
00012194 T _coproc_flush
00011894 T _coproc_init
00071864 D _coproc_list
000118c0 T _coproc_pidchk
00011916 T _coproc_rclose
0001217a T _coproc_reap
000121d4 T _coproc_setvars
00012118 T _coproc_unsetvars
000118f8 T _coproc_wclose
0001af68 T _copy_command
0001ae6a t _copy_cond_command
0001b22c t _copy_for_command
0001b216 T _copy_function_def
0001b1d6 T _copy_function_def_contents
0001aeac T _copy_redirect
0001af04 T _copy_redirects
0001ae58 T _copy_word
0001af2e T _copy_word_list
0001da90 T _count_all_jobs
0000f754 t _cprintf
00017768 t _create_variable_tables
00075b8c S _current_builtin
00071be4 D _current_command_first_line_saved
000754b4 S _current_command_line_count
000715d4 D _current_command_number
00071ab8 D _current_command_subst_pid
00073f0c b _current_decoded_prompt
00071840 D _current_fds_to_close
000715ac D _current_host_name
000754b8 S _current_prompt_string
00071624 D _current_readline_line
00071628 D _current_readline_line_index
00071620 D _current_readline_prompt
000754bc S _current_token
00071590 D _current_user
0001e18c t _current_working_directory
00074648 b _currently_executing_command
000746a0 b _curtok
0007473c b _d.7034
00022530 T _de_backslash
00073ed4 b _debugging
000715cc D _debugging_login_shell
000715e4 D _debugging_mode
000433cc T _declare_builtin
00073658 S _declare_doc
00042be8 t _declare_internal
00005690 T _decode_prompt_string
0002fecc T _decode_signal
000715f8 D _default_buffered_input
00074f28 b _default_dir
00074f24 b _default_domain
00073eec b _default_input
00074f20 b _default_locale
0001da54 T _default_tty_job_signals
000745cc b _deferred_heredocs
00075078 b _deftext
00032c68 T _delete_all_aliases
00016c48 T _delete_all_contexts
0002022c T _delete_all_jobs
00016c0c T _delete_all_variables
0001ff38 T _delete_job
00075070 b _delim
0007508c b _delim_char
0002525c T _dequote_escapes
00025200 T _dequote_list
00056c8c t _dequote_pathname
00025070 T _dequote_string
00074e88 b _dequoted_hint.8922
00074e74 b _dequoted_len.8927
0004b664 T _describe_command
0001e0ec T _describe_pid
00074f4c b _dfn.8249
00051dc4 T _difftimeval
00071c08 D _dircomplete_spelling
00074ff0 b _directory_list_offset
00074fec b _directory_list_size
00074e84 b _directory_part.8923
00047fb8 T _dirs_builtin
00073810 S _dirs_doc
000540a0 T _dirspell
000021a2 T _disable_priv_mode
000719bc D _disallow_filename_globbing
0001ea54 t _discard_pipeline
000308f4 T _discard_unwind_frame
00047080 T _disown_builtin
000736e0 S _disown_doc
0003b2f8 t _display_shell_version
000427ac T _display_signal_list
000113d8 T _dispose_command
000113a8 T _dispose_cond_node
00012328 T _dispose_exec_redirects
000119c8 T _dispose_fd_bitmap
00011546 T _dispose_function_def
00011528 T _dispose_function_def_contents
00011304 T _dispose_redirects
00016b20 T _dispose_saved_dollar_vars
0001700c t _dispose_temporary_env
0001ae34 T _dispose_used_env_vars
00016c20 T _dispose_var_context
0001825e T _dispose_variable
00018228 t _dispose_variable_value
000112ac T _dispose_word
0001125c T _dispose_word_desc
00011348 T _dispose_words
000735d0 S _dist_version
         U _dlclose
         U _dlerror
         U _dlopen
         U _dlsym
00027360 T _do_assignment
00027094 t _do_assignment_internal
0002733c T _do_assignment_no_expand
00012358 t _do_piping
0003dc68 t _do_redirection_internal
0003e7e4 T _do_redirections
00073ee0 b _do_version
00027354 T _do_word_assignment
00074668 b _dollar_arg_stack
00074690 b _dollar_arg_stack_index
0007468c b _dollar_arg_stack_slots
000755e4 S _dollar_dollar_pid
000755e8 S _dollar_vars
00041cfc T _dollar_vars_changed
00075a38 S _dont_save_function_defs
00073738 S _dot_doc
00071c28 D _dot_found_in_search
00074e48 b _dot_in_path
0006e568 s _dots.4069
000717e0 D _dstack
00075404 S _dump_po_strings
00075408 S _dump_translatable_strings
         U _dup
         U _dup2
000119ae t _dup_error
000305a8 T _duplicate_buffered_stream
0003b0bc t _dynamic_complete_history
000433d8 T _echo_builtin
000719d8 D _echo_command_at_execute
00073670 S _echo_doc
000719d4 D _echo_input_at_read
0003ab34 t _edit_and_execute_command
         U _emacs_ctlx_keymap
0003acbc t _emacs_edit_and_execute_command
         U _emacs_meta_keymap
         U _emacs_standard_keymap
00043638 T _enable_builtin
00073678 S _enable_doc
00071bdc D _enable_history_list
000381cc T _enable_hostname_completion
0001f914 T _end_job_control
         U _endgrent
         U _endpwent
         U _endservent
00071578 D _environ
000717f0 D _eof_encountered
000717f4 D _eof_encountered_limit
00073efc b _eol_ungetc_lookahead
0001b740 T _err_badarraysub
0001b718 T _err_readonly
0001b72c T _err_unboundvar
0001b520 t _error_prolog
00004e5c t _error_token_from_token
00071a0c D _error_trace_mode
000729b0 d _errstr.5911
0007417c b _esacs_needed_count
00012614 t _eval_arith_for_expr
00043db8 T _eval_builtin
00073680 S _eval_doc
000746bc b _evalbuf
0001b88a t _evalerror
0001d30c T _evalexp
00044af6 T _exec_builtin
00073690 S _exec_doc
00071828 D _exec_redirection_undo_list
0003da00 T _executable_file
0003d730 T _executable_or_directory
0001240c t _execute_builtin
00012976 T _execute_command
00013b94 T _execute_command_internal
00012710 t _execute_cond_node
00013608 t _execute_connection
0001631c t _execute_coproc
00002564 t _execute_env_file
000132f4 t _execute_for_command
00014bec t _execute_function
00015fdc t _execute_in_subshell
00012b48 t _execute_select_command
00015300 T _execute_shell_function
0001535c t _execute_simple_command
00015158 t _execute_subshell_builtin_or_function
0000b158 T _execute_variable_command
00012a14 t _execute_while_or_until
000715d0 D _executing
0007182c D _executing_builtin
00011558 T _executing_line_number
00071830 D _executing_list
         U _execve
         U _exit
000452d0 T _exit_builtin
00073698 S _exit_doc
000719b8 D _exit_immediately_on_error
00044dbc t _exit_or_logout
000022a0 T _exit_shell
0001c42c t _exp0
0001c6d4 t _exp1
0001c7cc t _exp2
0001c870 t _exp3
0001c954 t _exp4
0001c9fc t _exp5
00023ce2 t _exp_jump_to_top_level
00071610 D _expand_aliases
00027080 T _expand_arith_string
00024098 T _expand_assignment_string_to_string
00034bfa T _expand_compound_array_assignment
00074c10 b _expand_no_split_dollar_star
00074c38 b _expand_param_error
00074c39 b _expand_param_fatal
0002cea4 T _expand_prompt_string
0002d344 T _expand_string
0002d254 T _expand_string_assignment
0002d030 t _expand_string_for_rhs
00026f44 t _expand_string_if_necessary
0002d2f0 t _expand_string_internal
00026d02 T _expand_string_to_string
0002d880 T _expand_string_unsplit
00026cd4 T _expand_string_unsplit_to_string
00074c28 b _expand_wdesc_error
00074c30 b _expand_wdesc_fatal
0002d000 T _expand_word
00074c18 b _expand_word_error
00074c20 b _expand_word_fatal
0002aeb0 t _expand_word_internal
0002cfc0 T _expand_word_leave_quoted
0002c7c8 t _expand_word_list_internal
0002cfd4 T _expand_word_unsplit
0002ce98 T _expand_words
0002ce8c T _expand_words_no_vars
0002ce80 T _expand_words_shellexp
00075a70 S _expanding_redir
0001cd34 t _expassign
0001ca68 t _expband
0001caf8 t _expbor
0001cab0 t _expbxor
0001c3fc t _expcomma
0001cbd8 t _expcond
0001cb40 t _expland
0004ad96 T _export_builtin
00073718 S _export_doc
00071894 D _export_env
00074674 b _export_env_index
00074678 b _export_env_size
0001c720 t _exppower
000328ac t _expr
0001b878 t _expr_bind_variable
00074734 b _expr_depth
00074730 b _expr_stack
00074738 b _expr_stack_size
0001b7f8 t _expr_unwind
00074694 b _expression
0001c8b4 t _expshift
00071ac4 D _extended_glob
00071618 D _extended_quote
0005a8dc t _extmatch
00059108 t _extmatch_wc
00027840 T _extract_arithmetic_subst
000226d4 T _extract_array_assignment_list
0000df48 T _extract_colon_unit
0002786c T _extract_command_subst
00027378 t _extract_delimited_string
00027a48 t _extract_dollar_brace_string
00027814 T _extract_process_subst
00074c3a b _extract_string_error
00074c3b b _extract_string_fatal
00075620 S _fail_glob_expansion
00055fea T _falarm
00041ae8 T _false_builtin
00073648 S _false_doc
0001791c t _fapply
0001b68c T _fatal_error
00045688 T _fc_builtin
000736a8 S _fc_doc
00044338 T _fc_execute_file
00045330 t _fc_gethnum
         U _fclose
         U _fcntl
000301e0 T _fd_is_bash_input
000304ac T _fd_to_buffered_stream
         U _fdopen
         U _ferror
         U _fflush
00045d8c t _fg_bg
00045ed0 T _fg_builtin
000736b0 S _fg_doc
000737e0 S _fg_percent_doc
         U _fgets
00074c0c b _fifo_list
00074c40 b _fifo_list_size
00021eba T _fifos_pending
00071c10 d _fignore
0001b760 T _file_error
0000e162 T _file_exists
0000e106 T _file_isdir
0000e13c T _file_iswdir
0003d330 T _file_status
00074f40 b _file_to_lose_on
00032008 t _filecomp
00039a58 t _filename_completion_ignore
00074e8c b _filename_hint.8921
00074ed8 b _filename_text.9170
         U _fileno
000729bc d _filenum
0003f66c T _filter_stringlist
0003d4f0 t _find_absolute_program
00032ce8 T _find_alias
0004fd78 t _find_compopt
0001d3b0 T _find_flag
00016d74 T _find_function
00016d60 T _find_function_def
0003d3cc t _find_in_path_element
0003c3ec T _find_index_in_alist
0001d73c t _find_job
0001dff8 t _find_last_pid
0001df94 t _find_last_proc
00034f4c T _find_or_make_array_variable
0003d8fc T _find_path_file
0001d7c4 t _find_pipeline
00004bb8 T _find_reserved_word
00041eec T _find_shell_builtin
0004cfc0 t _find_shopt
00041ea4 T _find_special_builtin
0003c46e T _find_string_in_alist
00016d42 T _find_tempenv_variable
0003c0a6 T _find_token_in_alist
0003d908 T _find_user_command
0003d750 t _find_user_command_in_path
0003d8b4 t _find_user_command_internal
00016e10 T _find_variable
00016dae T _find_variable_internal
000407c6 t _findbrk
000752f0 b _finddirs_error_return
00074ebc b _first_char.9248
00074ea8 b _first_char.9293
00074eb8 b _first_char_loc.9249
00074ea4 b _first_char_loc.9294
00071aac d _first_pid
00074e38 b _firstc.9327
0001721c t _flatten
00055504 T _fmtulong
00055714 T _fmtumax
         U _fopen
00073788 S _for_doc
00075a3c S _force_append_history
00071c04 D _force_fignore
000719e0 D _forced_interactive
         U _fork
         U _fprintf
         U _fpurge
         U _fputc
         U _fputs
         U _free
00032b86 t _free_alias_data
00030374 T _free_buffered_stream
         U _free_history_entry
0002e6e4 T _free_mail_files
000406aa t _free_progcomp
0000499c T _free_pushed_string_input
000048bc t _free_string_list
0002f32c t _free_trap_command
000182a0 t _free_variable_hash_data
         U _freeaddrinfo
00055fcc T _fsleep
         U _fstat
0000e070 T _full_pathname
00074640 b _funcnest.9170
00073f4c b _function_bstart
000737d0 S _function_doc
00073f48 b _function_dstart
0007464c b _function_line_number
00071a08 D _function_trace_mode
         U _fwrite
         U _gai_strerror
00074c08 b _garglist
000750cc b _garglist
0000884c T _gather_here_documents
0003f93a t _gen_action_completions
0003fd78 T _gen_compspec_completions
0003f7e4 t _gen_matches_from_itemlist
00032d30 T _get_alias_value
00018130 t _get_aliasvar
00034544 T _get_array_value
00017720 t _get_bash_command
00019962 t _get_bashpid
0001aa92 t _get_comp_wordbreaks
00004860 T _get_current_prompt_level
00002078 T _get_current_user_info
00047df0 T _get_directory_stack
0001aa6c t _get_dirstack
00047f0c T _get_dirstack_from_string
00047d84 t _get_dirstack_index
00022700 T _get_dollar_var_value
00049b3c t _get_edit_mode
00042ad0 T _get_exitstat
000168a8 t _get_funcname
0000d958 T _get_group_array
0000dc58 T _get_group_list
0001a9d4 t _get_groupset
000181e0 t _get_hashcmd
0001aaf8 t _get_histcmd
00039894 T _get_hostname_list
00042404 T _get_job_by_name
0001e004 T _get_job_by_pid
00042580 T _get_job_spec
0004bbe8 t _get_limit
0001ab1c t _get_lineno
0003c9d8 T _get_locale_var
0004a284 T _get_minus_o_opts
0001b340 T _get_name_for_error
00055b84 T _get_new_window_size
0003d300 t _get_next_path_element
00042b50 T _get_numeric_arg
00019a50 t _get_random
000199b2 T _get_random_number
0001a914 t _get_seconds
0001688c t _get_self
0004d22c T _get_shopt_options
00019674 T _get_string_value
00016954 t _get_subshell
00052c74 t _get_tmpdir
0001fba4 T _get_tty_state
00025420 t _get_var_and_type
00018ddc T _get_variable_value
00025ed0 T _get_word_from_string
00041f3c T _get_working_directory
         U _getaddrinfo
000307cc T _getc_with_restart
000122f8 T _getcoprocbyname
0001187c T _getcoprocbypid
00056620 T _getcwd
         U _getdtablesize
         U _getegid
000510b8 T _getenv
         U _geteuid
         U _getgid
         U _getgrent
         U _getgroups
         U _gethostname
00021ec8 T _getifs
0004e238 t _getint
0004e18c t _getintmax
000511a4 T _getmaxchild
000511c4 T _getmaxgroups
0004c944 t _getopts_bind_variable
0004c974 T _getopts_builtin
00073688 S _getopts_doc
0004c928 T _getopts_reset
0002d200 t _getpattern
         U _getpeername
         U _getpgrp
         U _getpid
         U _getppid
         U _getpwuid
         U _getrlimit
         U _getrusage
         U _getservent
0004d4b0 t _getstr
         U _gettimeofday
         U _getuid
0001ec08 T _give_terminal_to
00030bd4 T _glob_char_p
00038324 t _glob_complete_word
00056da4 t _glob_dir_to_array
000759bc S _glob_dot_filenames
00075c20 S _glob_error_return
000577b4 T _glob_filename
000729c8 D _glob_ignore_case
00074e80 b _glob_matches.8924
00030f70 t _glob_name_is_acceptable
00056bd0 T _glob_pattern_p
00071ac8 D _glob_star
00056d74 t _glob_testdir
00056f3c T _glob_vector
0007158c D _global_command
00075a68 S _global_error_list
00071870 D _global_variables
00071acc d _globignore
00074f18 b _globorig
00074e54 b _globpat.8935
00074f14 b _globtext
0005980e t _gmatch
000583dc t _gmatch_wc
00074e34 b _gname.9378
00074e2c b _gnamelen.9380
000719ac D _gnu_error_format
00074e30 b _grent.9379
00074190 b _group_array
000745d0 b _group_command_nesting
00074194 b _group_iarray.6651
0000da90 T _group_member
00074670 b _group_set.8506
00074198 b _group_vector.6628
000737d8 S _grouping_braces_doc
000368b8 t _hack_braces_completion
00074d78 b _handling_termsig.6472
0001f838 T _hangup_all_jobs
00074f10 b _harry_len
00074f0c b _harry_size
0002e170 T _hash_bucket
00045f70 T _hash_builtin
0002e510 T _hash_copy
0002e274 T _hash_create
0002e1d0 T _hash_dispose
000736c0 S _hash_doc
0002e1e4 T _hash_flush
0002e4a2 T _hash_insert
00016d30 t _hash_lookup
0002e368 T _hash_remove
0002e3f2 T _hash_search
0002e140 T _hash_size
0002e148 T _hash_string
0002e182 T _hash_walk
00071ac0 D _hashed_filenames
000719ec D _hashing_enabled
000715e0 D _have_devfd
000309e0 T _have_unwind_protects
00046288 T _help_builtin
000736c8 S _help_doc
00074f48 b _heredoc_errno
00074e98 b _hint.8918
00074e5c b _hint_is_dir.8933
00074e78 b _hint_len.8926
00075a40 S _hist_last_line_added
00075a44 S _hist_last_line_pushed
00075a48 S _hist_verify
00071be8 d _histignore
000369ac t _histignore_item_func
0003b530 t _history_and_alias_expand_line
         U _history_base
00046b54 T _history_builtin
         U _history_comment_char
00074ef0 b _history_completion_array
0003ad88 t _history_completion_generator
00075a4c S _history_control
00004704 T _history_delimiting_chars
000736d0 S _history_doc
         U _history_expand
0003b56c t _history_expand_line
0003b3f8 t _history_expand_line_internal
000719f0 D _history_expansion
         U _history_expansion_char
00075a50 S _history_expansion_inhibited
         U _history_get
         U _history_get_time
         U _history_inhibit_expansion_function
         U _history_is_stifled
         U _history_length
00075a54 S _history_lines_in_file
00075a58 S _history_lines_this_session
         U _history_list
         U _history_max_entries
00036a1c T _history_number
         U _history_quotes_inhibit_expansion
00075a5c S _history_reediting
         U _history_search_delimiter_chars
         U _history_set_pos
         U _history_subst_char
         U _history_tokenize
         U _history_truncate_file
         U _history_write_timestamps
00039600 t _hostname_completion_function
00074eb4 b _hostname_list
00071c0c D _hostname_list_initialized
00074f08 b _hostname_list_length
00074f04 b _hostname_list_size
000715bc D _hup_on_exit
000737b0 S _if_doc
00075700 S _ifs_cmap
00075800 S _ifs_firstc
00075810 S _ifs_firstc_len
00023f04 T _ifs_firstchar
00075814 S _ifs_value
00075818 S _ifs_var
00074e6c b _igncase.8929
00030ea8 T _ignore_glob_matches
0002f4f8 T _ignore_signal
0001da72 T _ignore_tty_job_signals
000717ec D _ignoreeof
00074eec b _ind.8795
00074e9c b _ind.9920
0000faa8 t _indent
000745b8 b _indentation
00071820 d _indentation_amount
0007463c b _indentation_size
00074638 b _indentation_string
000715d8 D _indirection_level
00010a78 T _indirection_level_string
000745d4 b _indirection_string
00018bd4 t _init_dynamic_array_var
00017840 t _init_dynamic_assoc_var
0003eb6c t _init_itemlist_from_varlist
0001d678 T _init_job_stats
0002f120 T _init_mail_dates
00002318 t _init_noninteractive
00004d68 T _init_yy_io
00032d54 T _initialize_aliases
000049a6 T _initialize_bash_input
0001d4cc T _initialize_flags
0000d610 t _initialize_group_array
000395b0 t _initialize_hostname_list
0003e84e T _initialize_itemlist
0001fc04 T _initialize_job_control
0001d9a0 T _initialize_job_signals
0003a238 T _initialize_readline
00041db4 T _initialize_shell_builtins
0004a230 T _initialize_shell_options
00019e98 T _initialize_shell_variables
00031978 T _initialize_signals
00040880 T _initialize_signames
00031840 T _initialize_terminating_signals
0002ffbc T _initialize_traps
000565b8 T _input_avail
000745bc b _inside_function_def
00031b10 t _integer_expected_error
000715b4 D _interactive
000719f4 D _interactive_comments
000715b8 D _interactive_shell
0001b650 T _internal_error
0004fa00 T _internal_getopt
00056b50 t _internal_glob_pattern_p
0005af90 T _internal_strmatch
0001b600 T _internal_warning
000597be T _internal_wstrmatch
00071aec D _interrupt_immediately
00071ae0 D _interrupt_state
000512e2 T _inttostr
         U _ioctl
0003d742 T _is_directory
         U _isatty
00051c20 T _isnetconn
000378dc t _isolate_sequence
00074e70 b _istate.8928
00071c50 D _it_aliases
00071c64 D _it_arrayvars
00071c78 D _it_bindings
00071c8c D _it_builtins
00071ca0 D _it_commands
00071cb4 D _it_directories
00071cc8 D _it_disabled
00071cdc D _it_enabled
00071cf0 D _it_exports
00071d04 D _it_files
00071d18 D _it_functions
00071d40 D _it_groups
00071d2c D _it_hostnames
0003f0bc t _it_init_aliases
0003ecdc t _it_init_arrayvars
0003f08c t _it_init_bindings
0003ead8 t _it_init_builtins
0003e9a8 t _it_init_disabled
0003ea40 t _it_init_enabled
0003ecc4 t _it_init_exported
0003ecac t _it_init_functions
0003f05e t _it_init_hostnames
0003ecf4 t _it_init_joblist
0003edd8 t _it_init_jobs
0003e8b4 t _it_init_keywords
0003edcc t _it_init_running
0003f036 t _it_init_setopts
0003f00e t _it_init_shopts
0003ede6 t _it_init_signals
0003edc0 t _it_init_stopped
0003ec94 t _it_init_variables
00071d54 D _it_jobs
00071d68 D _it_keywords
00071d7c D _it_running
00071d90 D _it_services
00071da4 D _it_setopts
00071db8 D _it_shopts
00071dcc D _it_signals
00071de0 D _it_stopped
00071df4 D _it_users
00071e08 D _it_variables
0005132a T _itos
0001e160 t _j_strsignal
00071a9c D _job_control
0001de44 t _job_last_running
0001de50 t _job_last_stopped
0001d87e t _job_signal_status
00071a78 D _jobs
0004721c T _jobs_builtin
000736d8 S _jobs_doc
00074b94 b _jobs_list_frozen
000719dc D _jobs_m_flag
00071a30 D _js
00031460 T _jump_to_top_level
000719c8 D _just_one_command
         U _kill
00016ce4 T _kill_all_local_variables
00047474 T _kill_builtin
0001eb24 T _kill_current_pipeline
000736e8 S _kill_doc
00047448 t _kill_error
0001f6a4 T _kill_pid
         U _killpg
00074f30 b _lang
00071a94 D _last_asynchronous_pid
0007554c S _last_command_exit_signal
00075550 S _last_command_exit_value
00071ab4 D _last_command_subst_pid
000369e2 t _last_history_entry
000369f8 T _last_history_line
00071a90 D _last_made_pid
00074688 b _last_random_value
00073f58 b _last_read_token
00072974 D _last_shell_builtin
00075128 b _last_tempenv_value
00074c48 b _last_time_mail_checked
000746a4 b _lasttok
0007469c b _lasttp
00074f50 b _lbreak
0007512c b _lbuf
00074f2c b _lc_all
000729ac D _lcurrent
0000d490 T _legal_alias_name
0000eab8 T _legal_identifier
0000e47c T _legal_number
00074ef8 b _len.9768
00047710 T _let_builtin
000736f0 S _let_doc
00075104 b _lhead
00073a80 s _limits
000751ac b _lind
00073f08 b _line_buffer.8835
0007162c D _line_number
00074654 b _line_number_for_err_trap
00074eb0 b _list.9291
00021468 T _list_all_jobs
0003bdc6 T _list_append
00074eac b _list_index.9292
0003bdae T _list_length
0004a30c T _list_minus_o_opts
0001ea0c T _list_one_job
00075c10 S _list_optarg
00075c14 S _list_optopt
00075c18 S _list_opttype
00026c3c t _list_remove_pattern
0002279c T _list_rest_of_args
0003bd98 T _list_reverse
00021488 T _list_running_jobs
0004d0e4 t _list_shopts
000214a4 T _list_stopped_jobs
000263c8 T _list_string
00075a60 S _literal_history
000372b4 T _load_history
000168d0 t _local_and_exported
00074ce8 b _local_bufused
000433a0 T _local_builtin
00073668 S _local_doc
00017984 T _local_exported_variables
00074ce4 b _local_index
00074e64 b _local_index.8931
00074efc b _local_index.9767
000752fc b _local_state
000752f8 b _local_state_use
00074cec b _localbuf
0003ccd0 t _locale_setblanks
0003caac T _localeexpand
0003ca28 T _localetrans
         U _localtime
000715b0 D _login_shell
000452a4 T _logout_builtin
000736a0 S _logout_doc
000733dc s _long_args
00072964 D _loop_level
00075c1c S _loptend
         U _lseek
         U _lstat
000751b0 b _lused
0007581c S _mail_warning
00074c44 b _mailfiles
00074c4c b _mailfiles_count
000551f4 T _mailstat
00002c44 T _main
0000e040 T _make_absolute
0000ec88 T _make_arith_command
0000f4b4 T _make_arith_for_command
0000f486 t _make_arith_for_expr
0000ebf4 T _make_bare_simple_command
0000f030 T _make_bare_word
0004225c T _make_builtin_argv
0000ed92 T _make_case_command
0002030e T _make_child
0000ecf0 T _make_command
00010a44 T _make_command_string
00010068 t _make_command_string_internal
0000ec2c T _make_cond_command
0000ec4e T _make_cond_node
0000eff8 T _make_coproc_command
0002edb6 T _make_default_mailpath
0001ab78 t _make_env_array_from_var_list
0000ee3c T _make_for_command
0000edec t _make_for_or_select
000171bc T _make_funcname_visible
0000f06a T _make_function_def
0000edd4 T _make_group_command
0000f200 T _make_here_document
0000ed6e T _make_if_command
00018dac T _make_local_array_variable
00018d7c T _make_local_assoc_variable
00018c0e T _make_local_variable
00073ee4 b _make_login_shell
00018748 T _make_new_array_variable
00017814 T _make_new_assoc_variable
000177d0 t _make_new_variable
0000ecc0 T _make_pattern_list
00021ed8 t _make_quoted_char
0000f0ec T _make_redirection
0000ee1e T _make_select_command
0000ef2c T _make_simple_command
0000ed0c T _make_subshell_command
0000ed4a T _make_until_command
0000ed28 t _make_until_or_while
00018e10 T _make_variable_value
0000ed5c T _make_while_command
0000f474 T _make_word
0000f3bc T _make_word_flags
0000f634 T _make_word_from_token
0000eef8 T _make_word_list
0001eb32 T _making_children
000182aa T _makunbound
         U _malloc
000715fc D _malloc_trace_at_exit
00017588 T _map_over
00017548 T _map_over_funcs
0001e050 t _map_over_jobs
00047788 T _mapfile_builtin
00073840 S _mapfile_doc
00074e68 b _mapping_over.8930
0001ed10 t _mark_dead_jobs_as_notified
000719b0 D _mark_modified_vars
0007183c D _match_ignore_case
00074f34 b _match_index.6230
00074f3c b _match_list.6228
00074f38 b _match_list_size.6229
00021dd0 t _match_pattern_char
00021e48 t _match_pattern_wchar
0002294a t _match_upattern
00074184 b _matched_pair_error
00074ee0 b _matches.9168
00074ea0 b _matches.9919
000729b4 d _maxchild.5949
000745b4 b _maxgroups
000729b8 d _maxgroups.5943
00036d30 T _maybe_add_history
00037190 T _maybe_append_history
0002fe5c T _maybe_call_trap_handler
00044344 T _maybe_execute_file
0001acb2 T _maybe_make_export_env
00037ac4 t _maybe_make_readline_line
00002218 T _maybe_make_restricted
0004b0c0 t _maybe_pop_dollar_vars
000370c0 T _maybe_save_shell_history
0002fbda T _maybe_set_sigchld_trap
         U _mblen
         U _mbrlen
         U _mbrtowc
         U _mbsinit
         U _mbsrtowcs
         U _mbstowcs
00021fe0 T _mbstrlen
         U _mbtowc
         U _memcpy
         U _memset
00017044 T _merge_temporary_env
0004a0cc T _minus_o_option_value
0003c4f0 T _mk_msgstr
00044ad4 t _mkdashname
         U _mkfifo
000115f4 t _mkfmt
0004d810 t _mklong
0001dca8 t _most_recent_job_in_state
0000e244 T _move_to_high_fd
0006fce0 s _multiplier
00037a74 t _name_is_acceptable
00010814 T _named_function_string
00074ec0 b _namelen.9247
00074d6c b _nbuffers
00075098 b _ncmd
000754c0 S _need_here_doc
00051c68 T _netopen
00012948 T _new_fd_bitmap
0001769e t _new_shell_variable
000175d4 T _new_var_context
0000fbbc t _newline
000750fc b _nextchar
00074c3c b _nfifo
000745b0 b _ngroups
00042ab0 T _no_args
00075a64 S _no_empty_command_completion
00075b94 S _no_exit_on_failed_exec
000719e8 D _no_invisible_vars
000715e8 D _no_line_editing
00074c14 b _no_longjmp_on_fatal_error
000422e0 T _no_options
00073edc b _no_profile
00073ed8 b _no_rc
0006ea20 s _no_semi_successors
000719e4 D _no_symbolic_links
000719cc D _noclobber
000746b8 b _noeval
00074e04 b _noeval
000729c4 D _noglob_dot_filenames
0001dc20 T _nohup_all_jobs
0001d710 T _nohup_job
00020738 T _notify_and_cleanup
0001e654 t _notify_of_job_status
00075214 b _ntmpfiles
0001688a t _null_array_assign
00016888 t _null_assign
00073eb4 s _nullpath
00072960 D _num_shell_builtins
00021d50 T _number_of_args
00073850 S _o_options
0007506c b _old_alrm
00074ff4 b _old_attempted_completion_function
00074b40 b _old_cont
00075090 b _old_cont
0007507c b _old_delim_ctype
00075080 b _old_delim_func
00074e58 b _old_glob_ignore_case.8934
00075084 b _old_newline_ctype
00075088 b _old_newline_func
00074ee8 b _old_rl_startup_hook
00071aa8 d _old_sigint_handler
00075074 b _old_startup_hook
00074b80 b _old_tstp
00074b88 b _old_ttin
00074b84 b _old_ttou
00074d74 b _old_winch
         U _open
00074180 b _open_brace_count
00030590 T _open_buffered_stream
00046254 t _open_helpfile
000027d0 t _open_shell_script
         U _opendir
0003b32c t _operate_and_get_next
00071a14 D _optflags
000750a0 b _optstring
00032848 t _or
00074edc b _orig_start.9169
00071a88 D _original_pgrp
00075820 S _original_signals
000716f0 D _other_token_alist
0002a570 t _param_expand
00028d58 t _parameter_brace_expand
0002d7e6 t _parameter_brace_expand_error
0002dab0 t _parameter_brace_expand_indir
0002d380 t _parameter_brace_expand_length
0002d062 t _parameter_brace_expand_rhs
0002d942 t _parameter_brace_expand_word
00028ad4 t _parameter_brace_patsub
00044640 T _parse_and_execute
00044a8c T _parse_and_execute_cleanup
00072988 D _parse_and_execute_level
000071b0 t _parse_arith_cmd
0005831c t _parse_collsym
00058242 t _parse_collwcsym
00004054 T _parse_command
000072b8 t _parse_comsub
0000b14a t _parse_cond_command
000066f4 t _parse_matched_pair
0004438c t _parse_prologue
0004a204 T _parse_shellopts
000444dc T _parse_string
00074188 b _parse_string_error
0000b350 T _parse_string_to_word_list
0004c47c T _parse_symbolic_mode
0001b3c4 T _parser_error
00073f54 b _parser_state
00024188 T _pat_subst
0007092c S _patch_level
00031fa4 t _patcomp
00074e94 b _path.8919
00074e7c b _path_index.8925
         U _pathconf
00057bbc t _patscan
00057f3e t _patscan_wc
00075a74 S _pcomp_curcmd
00075a78 S _pcomp_curcs
0003f5ec t _pcomp_filename_completion_function
0003e888 T _pcomp_set_compspec_options
0003e866 T _pcomp_set_readline_variables
000758a0 S _pending_traps
00071c00 D _perform_hostname_completion
0002e064 T _phash_create
0002e044 T _phash_flush
0002def4 t _phash_freedata
0002e084 T _phash_insert
0002dff4 T _phash_remove
0002df08 T _phash_search
00071ab0 d _pid_wrap
         U _pipe
00071a10 D _pipefail_opt
00071a8c D _pipeline_pgrp
000719c0 D _place_keywords_in_env
0000dfd0 T _polite_directory_format
00017064 T _pop_args
00016f68 T _pop_context
00016b58 T _pop_dollar_vars
00016f90 T _pop_scope
0000b218 T _pop_stream
00016c8c T _pop_var_context
0004836c T _popd_builtin
00073808 S _popd_doc
00074df8 b _pos
00072cdc d _posix_collsyms
000729cc d _posix_collwcsyms
0003aae8 t _posix_edit_macros
0000d168 T _posix_initialize
0003bd54 T _posix_readline_initialize
000715f4 D _posixly_correct
00036f3c T _pre_process_line
0006fc94 s _precs
0001e1e8 t _pretty_print_job
         U _previous_history
00071604 D _primary_prompt
00040ae0 t _print_alias
0005074c t _print_all_completions
0000fa10 T _print_arith_command
000346ec T _print_array_assignment
00019b6c T _print_assignment
0003469a T _print_assoc_assignment
0000fa40 T _print_case_command_head
00050c74 t _print_cmd_completions
00011238 T _print_command
00050cc8 t _print_compitem
0004fdc4 t _print_compopts
0000f9e8 T _print_cond_command
0000f900 t _print_cond_node
0000fc84 t _print_deferred_heredocs
0000fa80 T _print_for_command_head
00019b38 T _print_func_list
00045f54 t _print_hash_info
0000f8e4 t _print_heredoc_body
0000fbfc t _print_heredoc_header
0001ea24 t _print_job
0004a2c0 t _print_minus_o_option
00004c04 t _print_offending_line
00050760 t _print_one_completion
00045f38 t _print_portable_hash_info
000051c4 t _print_prompt
0000fd64 t _print_redirection
0000ff5c t _print_redirection_list
0000e944 T _print_rlimtype
0000fa58 T _print_select_command_head
00075b98 S _print_shift_error
0004d08c t _print_shopt
0001003c T _print_simple_command
0004c5dc t _print_symbolic_umask
000520f4 T _print_timeval
000109d4 t _print_until_or_while
00019a88 T _print_var_function
00019bd0 T _print_var_list
00019ab0 T _print_var_value
0000f69c T _print_word_list
         U _printf
0004e320 T _printf_builtin
00073820 S _printf_doc
0004e0e8 t _printf_erange
000745c8 b _printing_connection
0004bd14 t _printone
0004d940 t _printstr
00071a00 D _privileged_mode
0001d848 t _process_exit_signal
0001d856 t _process_exit_status
0001d6f0 t _processes_in_job
00074f00 b _prog_complete_matches
00037460 t _prog_complete_return
00071e1c D _prog_completes
00071c4c D _prog_completion_enabled
0004072c T _progcomp_create
000406f0 T _progcomp_dispose
0004070c T _progcomp_flush
0004074c T _progcomp_insert
000406b4 T _progcomp_remove
00040540 T _progcomp_search
00040504 T _progcomp_size
00040518 T _progcomp_walk
00040440 T _programmable_completions
0001b278 T _programming_error
00005f1c t _prompt_again
0007160c D _prompt_string_pointer
00071614 D _promptvars
00019424 t _propagate_temp_var
000715f0 D _protected_mode
000754c4 S _ps1_prompt
000754c8 S _ps2_prompt
00074b70 b _pstatuses
00017114 T _push_args
00017660 T _push_context
00016ba4 T _push_dollar_vars
00019268 t _push_exported_var
000192e4 t _push_func_var
0001768c T _push_scope
0000b2d8 T _push_stream
0000513c t _push_string
00019368 t _push_temp_var
00074ee4 b _push_to_readline
0001761c T _push_var_context
0004858c T _pushd_builtin
00074fe8 b _pushd_directory_list
00073800 S _pushd_doc
00047f90 t _pushd_error
00071634 D _pushed_string_list
00017e70 T _put_command_name_into_env
         U _putc
         U _putchar
00051050 T _putenv
         U _puts
000414d0 T _pwd_builtin
00073630 S _pwd_doc
         U _qsort
00032c44 t _qsort_alias_compare
000169aa t _qsort_var_comp
00074b7c b _queue_sigchld
0002221e T _quote_escapes
0003106c T _quote_globbing_chars
000221d0 t _quote_list
00022054 T _quote_string
00030c44 T _quote_string_for_globbing
000582f0 t _rangecmp_wc
0001d8b0 t _raw_job_exit_status
00074f44 b _rd
00036f20 t _re_edit
         U _read
00048a90 T _read_builtin
000719c4 D _read_but_dont_execute
00004118 T _read_command
000736f8 S _read_doc
0007540c S _read_from_stdin
         U _read_history
         U _read_history_range
00041d78 T _read_octal
000083f0 T _read_secondary_line
000088b8 t _read_token
00073848 S _readarray_doc
         U _readdir
000041fc T _reader_loop
         U _readline
         U _readlink
0004ad88 T _readonly_builtin
00073720 S _readonly_doc
0001b910 t _readtok
         U _realloc
00036a4c t _really_add_history
00036678 t _really_munge_braces
00020728 T _reap_dead_jobs
0007416c b _redir
00073f10 b _redir_stack
0003e674 T _redirection_error
0003da78 T _redirection_expand
00071824 D _redirection_undo_list
         U _regcomp
         U _regexec
         U _regfree
000196e4 T _reinit_special_variables
000735d4 S _release_status
00041ffc T _remember_args
0002edf4 T _remember_mail_dates
00071bd8 D _remember_on_history
00032ca0 T _remove_alias
00021efc T _remove_backslashes
00050cd8 t _remove_cmd_completions
         U _remove_history
000235b0 t _remove_pattern
000255a4 T _remove_quoted_escapes
00024e94 T _remove_quoted_nulls
00030962 T _remove_unwind_protect
00030a90 t _remove_unwind_protect_internal
00022f74 t _remove_upattern
         U _replace_history_entry
0001b6c4 T _report_error
00004640 t _reserved_word_acceptable
0004898c t _reset_alarm
00048968 t _reset_attempted_completion_function
00037f94 T _reset_completer_word_break_chars
0001df08 t _reset_current
000489ac t _reset_eol_delim
0004f9d0 T _reset_internal_getopt
0003cd94 t _reset_locale_vars
0000f6c4 t _reset_locals
0002e5f8 T _reset_mail_files
0002f13c T _reset_mail_timer
0002f368 t _reset_or_restore_signal_handlers
00004904 T _reset_parser
0001d3e8 T _reset_shell_flags
00049ba0 T _reset_shell_options
0004cdfc T _reset_shopt_options
0002f298 t _reset_signal
0002f458 T _reset_signal_handlers
000316b4 T _reset_terminating_signals
0004143c t _resetpwd
00071888 D _rest_of_args
0001ff18 T _restart_job_control
0002f5b8 T _restore_default_signal
0002f444 T _restore_original_signals
000049cc T _restore_parser_state
00041ccc t _restore_path
0001ea84 T _restore_pipeline
0001da30 t _restore_sigint_handler
0002f4c4 t _restore_signal
00012700 t _restore_signal_mask
00037e44 t _restore_tilde
00004578 T _restore_token_state
00030a7c t _restore_variable
000719f8 D _restricted
000719fc D _restricted_shell
00074b98 b _retcode_name_buffer
00004486 T _return_EOF
00049adc T _return_builtin
00075554 S _return_catch
000755c8 S _return_catch_flag
000755cc S _return_catch_value
00073700 S _return_doc
00037498 t _return_zero
000750d0 b _retval
00004520 t _rewind_input_string
         U _rl_add_defun
         U _rl_add_undo
         U _rl_attempted_completion_function
         U _rl_attempted_completion_over
         U _rl_basic_word_break_characters
         U _rl_bind_key_if_unbound_in_map
         U _rl_bind_key_in_map
         U _rl_bind_keyseq_in_map
         U _rl_char_is_quoted_p
         U _rl_complete
         U _rl_complete_internal
         U _rl_completer_quote_characters
         U _rl_completer_word_break_characters
         U _rl_completion_append_character
         U _rl_completion_entry_function
         U _rl_completion_found_quote
         U _rl_completion_invoking_key
         U _rl_completion_mark_symlink_dirs
         U _rl_completion_matches
         U _rl_completion_mode
         U _rl_completion_quote_character
         U _rl_completion_suppress_append
         U _rl_completion_suppress_quote
         U _rl_completion_type
         U _rl_crlf
         U _rl_delete_text
         U _rl_deprep_term_function
         U _rl_ding
         U _rl_directory_completion_hook
         U _rl_directory_rewrite_hook
         U _rl_dispatching
         U _rl_done
         U _rl_editing_mode
         U _rl_end
         U _rl_executing_keymap
         U _rl_explicit_arg
         U _rl_filename_completion_desired
         U _rl_filename_completion_function
         U _rl_filename_dequoting_function
         U _rl_filename_quote_characters
         U _rl_filename_quoting_desired
         U _rl_filename_quoting_function
         U _rl_forced_update_display
         U _rl_forward_word
         U _rl_function_dumper
         U _rl_function_of_keyseq
         U _rl_funmap_names
         U _rl_generic_bind
         U _rl_get_keymap
         U _rl_get_keymap_by_name
         U _rl_get_previous_history
         U _rl_ignore_some_completions_function
         U _rl_initialize
         U _rl_insert
         U _rl_insert_text
         U _rl_instream
         U _rl_invoking_keyseqs
         U _rl_kill_text
         U _rl_last_func
         U _rl_line_buffer
         U _rl_list_funmap_names
         U _rl_macro_dumper
         U _rl_make_bare_keymap
         U _rl_mark
         U _rl_menu_complete
         U _rl_menu_completion_entry_function
         U _rl_named_function
         U _rl_newline
         U _rl_num_chars_to_read
         U _rl_on_new_line
         U _rl_outstream
         U _rl_parse_and_bind
         U _rl_point
         U _rl_prep_term_function
         U _rl_push_macro_input
         U _rl_read_init_file
         U _rl_read_key
         U _rl_readline_name
         U _rl_readline_state
         U _rl_redisplay
         U _rl_reset_terminal
         U _rl_set_key
         U _rl_set_keymap
         U _rl_set_screen_size
         U _rl_special_prefixes
         U _rl_startup_hook
         U _rl_tab_insert
         U _rl_terminal_name
         U _rl_tilde_expand
         U _rl_unbind_function_in_map
         U _rl_unbind_key_in_map
         U _rl_username_completion_function
         U _rl_variable_bind
         U _rl_variable_dumper
         U _rl_variable_value
         U _rl_vi_bWord
         U _rl_vi_editing_mode
         U _rl_vi_end_word
         U _rl_vi_start_inserting
         U _rl_yank_last_arg
000719a8 d _rseed
0002f8e4 T _run_debug_trap
0002f8b8 T _run_error_trap
0002f950 T _run_exit_trap
0002f86c T _run_interrupt_trap
00002734 t _run_one_command
0002fc10 T _run_pending_traps
0002f880 T _run_return_trap
0001eed0 T _run_sigchld_trap
0002f210 T _run_trap_cleanup
00030918 T _run_unwind_frame
00030988 T _run_unwind_protects
00030b68 t _run_unwind_protects_internal
0000259c t _run_wordexp
00073ed0 b _running_setuid
00075920 S _running_trap
00075410 S _running_under_emacs
00072cd4 d _s1.3864
00072ccc d _s2.3865
0000e17c T _same_file
000306bc T _save_bash_input
00004adc T _save_parser_state
0001d6bc T _save_pipeline
00072994 d _save_restricted.6293
00074b44 b _save_stty.8318
00004a9c T _save_token_state
00074b90 b _saved_already_making_children
00071c24 d _saved_history_line_to_use
00074b8c b _saved_pipeline
0001688e t _sbrand
         U _sbrk
000735d8 S _sccs_version
0003d914 T _search_for_command
00074e60 b _searching_path.8932
00071608 D _secondary_prompt
00074680 b _seconds_value_assigned
0007466c b _seeded_subshell
0001998e t _seedrand
         U _select
00073798 S _select_doc
0000f8a8 t _semicolon
00002a24 t _set_bash_input
000301a8 T _set_bash_input_fd
0003022c T _set_buffered_stream
0004a3b4 T _set_builtin
0004cefc t _set_compatibility_level
00016944 t _set_context
0001de5c t _set_current_job
00004888 T _set_current_prompt_level
0002fbcc T _set_debug_trap
0003d2cc T _set_default_lang
0003cc9c T _set_default_locale
0003ce94 T _set_default_locale_vars
00047eb8 T _set_dirstack_element
00073708 S _set_doc
00041d18 T _set_dollar_vars_changed
00041d08 T _set_dollar_vars_unchanged
00049cd8 t _set_edit_mode
0002fbbe T _set_error_trap
00044370 t _set_history_remembering
0001962c T _set_if_not
00049c20 t _set_ignoreeof
0002f6a4 T _set_impossible_sigchld_trap
0003e844 T _set_itemlist_dirty
000489f8 t _set_itext
0001d968 T _set_job_control
0001d908 t _set_job_running
0003ce38 T _set_lang
00004f24 t _set_line_mbstate
0003d000 T _set_locale_var
0004cf50 T _set_login_shell
0004a154 T _set_minus_o_option
0004aa28 T _set_or_show_attributes
00018770 T _set_pipestatus_array
00018bbc T _set_pipestatus_from_exit
00049bcc t _set_posix_mode
00019bfa T _set_ppid
00019c48 T _set_pwd
0004cf74 t _set_restricted_shell
0002fbb0 T _set_return_trap
0003b3b0 t _set_saved_history
00049f40 T _set_shellopts
0004cfb4 t _set_shellopts_after_change
0001d98c T _set_sigchld_handler
0002f2c0 T _set_sigint_handler
0002fa8c T _set_signal
000312c4 T _set_signal_handler
0002f260 T _set_signal_ignored
000312f8 T _set_sigwinch_handler
0001fb28 T _set_tty_state
0003b448 t _set_up_new_line
0004a5b0 T _set_var_attribute
000194f8 T _set_var_read_only
00041f0c T _set_working_directory
00050fec T _setenv
         U _setgid
         U _setgrent
00023d38 T _setifs
         U _setitimer
0001fa78 t _setjstatus
         U _setlocale
         U _setpgid
00041464 t _setpwd
         U _setregid
         U _setreuid
         U _setrlimit
         U _setservent
         U _setuid
000120b4 T _setup_async_signals
00030e66 T _setup_glob_ignore
00036a08 T _setup_history_ignore
00030d3c T _setup_ignore_patterns
         U _setvbuf
00054350 T _sh_backslash_quote
00054192 T _sh_backslash_quote_for_double_quotes
00042718 T _sh_badjob
000729a8 D _sh_badopt
00042784 T _sh_badpid
000522ea T _sh_canonpath
00075100 b _sh_charindex
00042684 T _sh_chkwrite
0000e1dc T _sh_closepipe
000540d8 T _sh_contains_shell_metas
00071844 D _sh_coproc
000750f8 b _sh_curopt
000544e6 T _sh_double_quote
00051b04 T _sh_eaccess
0004272c T _sh_erange
00002298 T _sh_exit
00019958 T _sh_get_env_value
00019e78 T _sh_get_home_dir
0004f764 T _sh_getopt
0004f738 T _sh_getopt_restore_state
00042a38 T _sh_invalidid
000429e0 T _sh_invalidnum
00042a60 T _sh_invalidopt
00042a4c T _sh_invalidoptname
00042798 T _sh_invalidsig
00052140 T _sh_makepath
00054490 T _sh_mkdoublequoted
00052d30 T _sh_mktmpfd
00052e64 T _sh_mktmpfp
00052ea4 T _sh_mktmpname
00056028 T _sh_modcase
00042a9c T _sh_needarg
00042a88 T _sh_neednumarg
000426f4 T _sh_nojobs
000426bc T _sh_notbuiltin
00042a74 T _sh_notfound
0000e414 T _sh_openpipe
00072998 D _sh_optarg
000729a0 D _sh_opterr
0007299c D _sh_optind
000729a4 D _sh_optopt
00052598 T _sh_physpath
00042770 T _sh_readonly
00052bd4 T _sh_realpath
000518e0 T _sh_regmatch
000426d0 T _sh_restricted
000195ce T _sh_set_lines_and_columns
000511f0 T _sh_setlinebuf
000546e0 T _sh_single_quote
00051a14 T _sh_stat
00051a9c t _sh_stataccess
00071e20 D _sh_syntabsiz
00071e24 D _sh_syntaxtab
00042628 T _sh_ttyerror
00054424 T _sh_un_double_quote
0000e214 T _sh_unset_nodelay_mode
0000e202 T _sh_validfd
00042664 T _sh_wrerror
00041de0 t _shell_builtin_compare
0007295c D _shell_builtins
00071bcc D _shell_compatibility_level
000115d8 t _shell_control_structure
00075414 S _shell_environment
000754cc S _shell_eof_token
000119e0 T _shell_execve
0003bc28 t _shell_expand_line
00073518 S _shell_flags
0007187c D _shell_function_defs
00071878 D _shell_functions
00006004 t _shell_getc
00030fd8 T _shell_glob_filename
00071588 D _shell_initialized
00073ef8 b _shell_input_line
00073f38 b _shell_input_line_index
00073f40 b _shell_input_line_len
00073ef4 b _shell_input_line_property
00073f3c b _shell_input_line_size
00073f44 b _shell_input_line_terminator
000021c4 T _shell_is_restricted
00071890 D _shell_level
000715dc D _shell_name
00071a80 D _shell_pgrp
00073eb8 b _shell_reinitialized
00075418 S _shell_start_time
00071a7c D _shell_tty
00074bd8 b _shell_tty_info
000045b0 t _shell_ungetc
00071874 D _shell_variables
00032ab4 T _shell_version_string
0004ada4 T _shift_builtin
00073728 S _shift_doc
00073ef0 b _shopt_alist
0004d2a8 T _shopt_builtin
000750c0 b _shopt_compat31
000750c4 b _shopt_compat32
00073818 S _shopt_doc
0004d01c t _shopt_error
00073ebc b _shopt_ind
00073ec0 b _shopt_len
0004d1a8 T _shopt_listopt
000750bc b _shopt_login_shell
0004d204 T _shopt_setopt
00073b70 s _shopt_vars
00030c36 T _should_ignore_glob_matches
0004a980 T _show_all_var_attributes
0004a930 T _show_name_attributes
0000236c t _show_shell_usage
00032b00 T _show_shell_version
0004a6c8 T _show_var_attributes
00074650 b _showing_function_line
0004b2b0 t _showtrap
         U _sigaction
         U _sigaddset
00049ac8 t _sigalrm
00074b78 b _sigchld
0001f66c t _sigchld_handler
0001ecec t _sigcont_sighandler
         U _sigemptyset
00031680 T _sigint_sighandler
         U _siglongjmp
00074c50 b _sigmodes
0002f284 T _signal_in_progress
0002f24c T _signal_is_ignored
0002f238 T _signal_is_special
0002f224 T _signal_is_trapped
0002f1c4 T _signal_name
00075a7c S _signal_names
         U _sigprocmask
         U _sigsetjmp
0001ec80 t _sigstop_sighandler
00071ae4 D _sigwinch_received
000312b4 T _sigwinch_sighandler
000278cc t _skip_double_quoted
000745c0 b _skip_this_indent
000287dc T _skip_to_delim
00032b58 t _skipquotes
00027ce4 T _skipsubscript
         U _sleep
00074e44 b _sname.9324
00074e3c b _snamelen.9326
00039338 t _snarf_hosts_from_file
         U _snprintf
         U _socket
0001787a T _sort_variables
0004aecc T _source_builtin
00073730 S _source_doc
000442f4 T _source_file
00072990 D _source_searches_cwd
0007298c D _source_uses_path
00073ecc b _sourced_env
00074f64 b _sourced_logout
00072984 D _sourcelevel
00075108 b _sp
00074644 b _special_builtin_failed
000718a0 d _special_vars
0002db70 T _split_at_delims
00053e70 T _spname
         U _sprintf
00074e40 b _srvent.9325
00075284 b _st_new_last.3605
00075218 b _st_ret_last.3606
0000252c t _start_debugger
00020c80 T _start_job
00074ed0 b _start_len.9172
0001eb00 T _start_pipeline
000715c8 D _startup_state
         U _stat
00072224 D _static_shell_builtins
00074b74 b _statsize
000755d0 S _stdin_redir
0003da30 T _stdin_redirects
         U _stifle_history
0001d6ac T _stop_making_children
000214c0 T _stop_pipeline
         U _strcasecmp
         U _strcat
         U _strchr
         U _strcmp
         U _strcpy
0003c0e6 T _strcreplace
00071630 D _stream_list
00004554 T _stream_on_stack
         U _strerror
         U _strftime
000550f8 T _strindex
00027fa0 t _string_extract
000280d8 t _string_extract_double_quoted
00025c88 t _string_extract_verbatim
00024086 T _string_list
00026a48 T _string_list_dollar_at
00026b24 T _string_list_dollar_star
00023f60 T _string_list_internal
00026bcc T _string_list_pos_params
00026d30 T _string_quote_removal
00026b9c T _string_rest_of_args
0000d1cc T _string_to_rlimtype
0003bdde T _strip_trailing
00021f48 T _strip_trailing_ifs_whitespace
         U _strlen
000538ae T _strlist_append
0005373c T _strlist_copy
00053274 T _strlist_create
00053242 T _strlist_dispose
0005325c T _strlist_flush
00052fe0 T _strlist_from_word_list
0005335a T _strlist_merge
000530b0 T _strlist_prefix_suffix
00053062 T _strlist_print
0005321a T _strlist_remove
000537c0 T _strlist_resize
00053048 T _strlist_sort
00052fc8 T _strlist_to_word_list
00052f9c T _strlist_walk
00057ba6 T _strmatch
         U _strncasecmp
         U _strncmp
         U _strncpy
00051202 T _strnlen
         U _strpbrk
         U _strrchr
         U _strsignal
         U _strstr
0003c25c T _strsub
         U _strtod
         U _strtoimax
         U _strtoul
         U _strtoumax
00053d36 T _strvec_copy
00053bfc T _strvec_create
00053b40 T _strvec_dispose
00053b24 T _strvec_flush
00053c08 T _strvec_from_word_list
00053b08 T _strvec_len
00053dd8 T _strvec_remove
00053e62 T _strvec_resize
00053d98 T _strvec_sort
00053db8 T _strvec_strcmp
00053b56 T _strvec_to_word_list
00016a92 T _stupidly_hack_special_variables
00073ec8 b _su_shell
000240c6 T _sub_append_string
0001cf8c t _subexpr
0007541c S _subshell_argc
00075420 S _subshell_argv
000755d4 S _subshell_environment
00075424 S _subshell_envp
00071838 D _subshell_level
00075428 S _subshell_top_level
00071abc D _subst_assign_varlist
0003c3c0 T _substring
0004b118 T _suspend_builtin
0004b100 t _suspend_continue
00073740 S _suspend_doc
00016f3c T _sv_comp_wordbreaks
0001698a t _sv_compare
00016a50 T _sv_globignore
00019748 T _sv_histchars
000169ce T _sv_histignore
000197b8 T _sv_history_control
0001989c T _sv_histsize
00016ef8 T _sv_histtimefmt
00016f18 T _sv_hostfile
00016f50 T _sv_ifs
00016e98 T _sv_ignoreeof
00019686 T _sv_locale
00016a6c T _sv_mail
000196b2 T _sv_opterr
00019710 T _sv_optind
00016a88 T _sv_path
00074664 b _sv_sorted.10170
00016e5c T _sv_strict_posix
00019920 T _sv_terminal
00016980 T _sv_tz
00030328 T _sync_buffered_stream
0001b5ac T _sys_error
00075210 b _sys_tmpdir
         U _sysconf
00074660 b _tabsize
         U _tcgetattr
         U _tcgetpgrp
         U _tcsetattr
         U _tcsetpgrp
0003bbd4 t _tcsh_magic_space
000741a0 b _tdir
00074b3c b _temp.7661
0006ea14 s _temp_dstack
00075610 S _tempenv_assign_error
00071884 D _temporary_env
00032578 t _term
00071a84 D _terminal_pgrp
0001f958 T _terminate_current_pipeline
00071af0 D _terminate_immediately
0001f8a8 T _terminate_stopped_jobs
00071ae8 D _terminating_signal
00071af4 d _terminating_signals
00031318 T _termsig_handler
000313ec T _termsig_sighandler
00074d7c b _termsigs_initialized
0004d4d4 t _tescape
000319e4 T _test_binop
00073750 S _test_bracket_doc
0004b1d8 T _test_builtin
000328d4 T _test_command
00073748 S _test_doc
00074df4 b _test_error_return
00074d80 b _test_exit_buf
000378c0 t _test_for_directory
00031aec t _test_syntax_error
00031a90 T _test_unop
00074ef4 b _text.9769
00073500 S _the_current_maintainer
0007297c D _the_current_working_directory
00071a98 D _the_pipeline
00071814 D _the_printed_command
000755d8 S _the_printed_command_except_trap
0000f6f0 t _the_printed_command_resize
00071818 D _the_printed_command_size
000755dc S _this_command_name
00072978 D _this_shell_builtin
000755e0 S _this_shell_function
0003242c t _three_arguments
000314f0 T _throw_to_top_level
         U _tilde_additional_prefixes
         U _tilde_additional_suffixes
         U _tilde_expand
         U _tilde_expansion_preexpansion_hook
0000db8c T _tilde_initialize
         U _time
00016428 t _time_command
000045e0 t _time_command_acceptable
000737a0 S _time_doc
0002f154 T _time_to_check_mail
0004b238 T _times_builtin
0007419c b _times_called.6484
00073758 S _times_doc
00074f68 b _timestr.6467
00051e2c T _timeval_to_cpu
0005208c T _timeval_to_secs
000729c0 d _tmpnamelen
0004d030 t _toggle_shopts
00073f00 b _token
00073f5c b _token_before_that
00074178 b _token_buffer_size
00074164 b _token_to_read
000746ac b _tokstr
000746b0 b _tokval
000759c0 S _top_level
00031474 T _top_level_cleanup
00075a34 S _top_level_mask
00074698 b _tp
0004b3e4 T _trap_builtin
00073760 S _trap_doc
0002fd94 T _trap_handler
00075924 S _trap_list
000759b0 S _trap_saved_exit_value
0002f1e8 T _trap_to_sighandler
0000e4f0 T _trim_pathname
00073640 S _true_doc
00074e08 b _tt.2572
00051634 T _tt_setcbreak
00051604 T _tt_seteightbit
00051624 T _tt_setnocanon
000515f8 T _tt_setnoecho
000515bc T _tt_setonechar
0005158c T _ttattr
00051680 T _ttcbreak
00051752 T _tteightbit
0005165e T _ttfd_cbreak
00051730 T _ttfd_eightbit
000516c8 T _ttfd_nocanon
00051798 T _ttfd_noecho
00051800 T _ttfd_onechar
000518a0 T _ttgetattr
000751b8 b _ttin
000516ea T _ttnocanon
000517ba T _ttnoecho
00051822 T _ttonechar
000751e4 b _ttout
00051868 T _ttrestore
000518aa T _ttsave
000751b4 b _ttsaved
00051650 T _ttsetattr
         U _ttyname
00048a80 t _ttyrestore
000750e8 b _tw
00031f2c t _two_arguments
00073f60 b _two_tokens_ago
0004b9fc T _type_builtin
00073768 S _type_doc
00073660 S _typeset_doc
         U _tzset
00055cfc T _uconvert
000512c8 T _uinttostr
000512fc T _uitos
0004be08 T _ulimit_builtin
00073770 S _ulimit_doc
         U _umask
0004c680 T _umask_builtin
00073778 S _umask_doc
00040a64 T _unalias_builtin
000735f8 S _unalias_doc
00031e64 t _unary_operator
00031b38 T _unary_test
00002190 T _unbind_args
0003473c T _unbind_array_element
0003f2d0 t _unbind_compfunc_variables
000183f8 T _unbind_func
000181ee T _unbind_function_def
000183e4 T _unbind_variable
000719d0 D _unbound_vars_is_error
000283f0 T _unclosed_pair
0001d958 T _unfreeze_jobs_list
00030180 T _ungetc_with_restart
         U _unlink
00024c18 T _unlink_fifo_list
000311c0 T _unquoted_glob_pattern_p
00002144 T _unset_bash_input
00049d80 T _unset_builtin
00073710 S _unset_doc
000312e2 T _unset_sigwinch_handler
00050fb8 T _unsetenv
         U _unstifle_history
000737c0 S _until_doc
00030b76 t _unwind_frame_discard_internal
00030ae8 t _unwind_frame_run_internal
00074d70 b _unwind_protect_list
000309f4 T _unwind_protect_mem
00030a38 t _unwind_protect_mem_internal
00017df4 T _update_export_env_inplace
0002e75c t _update_mail_file
0003d52a T _user_command_matches
         U _using_history
00071898 d _v.10390
00074e90 b _val.8920
00034564 T _valid_array_reference
00017950 t _vapply
00016d88 T _var_lookup
000398b8 t _variable_completion_function
00071880 D _variable_context
000737f8 S _variable_help_doc
000168fc t _variable_in_context
00074e50 b _varlist.8936
00074ecc b _varlist.9244
00074ec8 b _varlist_index.9245
00074ec4 b _varname.9246
0004d8a0 t _vbadd
000750e4 b _vblen
0004e290 t _vbprintf
000750e0 b _vbsize
000750d8 b _vbuf
00074f5c b _verbatim_pwd
000750c8 b _vflag
         U _vfprintf
0003acd0 t _vi_edit_and_execute_command
         U _vi_insertion_keymap
         U _vi_movement_keymap
000168b4 t _visible_and_exported
00016928 t _visible_array_vars
000168aa t _visible_var
000171f8 t _vlist_alloc
000750dc b _vname
         U _vsnprintf
0004c7a4 T _wait_builtin
00073780 S _wait_doc
00020784 T _wait_for
00021138 T _wait_for_background_pids
00020f74 T _wait_for_job
0002102c T _wait_for_single_pid
00075b9c S _wait_intr_buf
0001f988 t _wait_sigint_handler
00074c04 b _wait_sigint_received
000759b4 S _wait_signal_received
0001f07c t _waitchld
         U _waitpid
00073ee8 b _want_initial_help
0007549c S _want_pending_command
000745c4 b _was_heredoc
00071aa4 d _wcontinued.8434
         U _wcrtomb
         U _wcschr
         U _wcscmp
         U _wcscoll
         U _wcscpy
00055bf8 T _wcsdup
         U _wcslen
00057b90 T _wcsmatch
         U _wcsncmp
         U _wcsrtombs
         U _wctob
         U _wctype
000717fc D _wdcache
         U _where_history
0001d500 T _which_set_flags
000737b8 S _while_doc
0007467c b _winsize_assignment
00030554 T _with_input_from_buffered_stream
00004e08 T _with_input_from_stdin
00004db8 T _with_input_from_stream
00004de0 T _with_input_from_string
000308d4 t _without_interrupts
000202f4 T _without_job_control
00071808 D _wlcache
00074168 b _word_desc_to_read
00073f64 b _word_lineno
00025048 T _word_list_remove_quoted_nulls
000269f4 t _word_list_split
000269cc T _word_split
00071638 D _word_token_alist
000717f8 d _word_top
000715ec D _wordexp_only
         U _write
         U _write_history
0003c096 T _xbcopy
0005b04c T _xdupmbstowcs
000407b8 T _xfree
0004084c T _xmalloc
0005b1ca T _xmbsrtowcs
00008648 T _xparse_dolparen
00072980 D _xpg_echo
0001120c t _xprintf
00040804 T _xrealloc
00055998 T _xstrchr
0005afd8 T _xstrmatch
00010d78 T _xtrace_print_arith_cmd
00011130 T _xtrace_print_assignment
00010f38 T _xtrace_print_case_command_head
00010e08 T _xtrace_print_cond_term
000110f8 T _xtrace_print_for_command_head
000110c0 T _xtrace_print_select_command_head
00010f68 T _xtrace_print_word_list
000044a8 t _yy_getc
0000448c T _yy_input_name
0000b614 t _yy_readline_get
000044bc t _yy_readline_unget
0000b59c t _yy_stream_get
0000b584 t _yy_stream_unget
000044e8 t _yy_string_get
0000450c t _yy_string_unget
000754d0 S _yychar
0006ee22 s _yycheck
0006f986 s _yydefact
0006fc46 s _yydefgoto
00004484 t _yydestruct
000051ec T _yyerror
000754d4 S _yylval
000754dc S _yynerrs
0006ea74 s _yypact
0000b76c T _yyparse
0006fbfa s _yypgoto
0006fb5f s _yyr1
0006fac5 s _yyr2
0006f3d4 s _yytable
0006ecf2 s _yytranslate
00055a0c T _zcatfd
0006fca4 s _zerojs
00055c16 T _zgetline
00055a42 T _zmapfd
0005148e T _zread
000514bc T _zreadc
000513ce T _zreadcintr
000513c4 T _zreadintr
00051430 T _zreadretry
00051358 T _zreset
00051370 T _zsyncfd
00051520 T _zwrite
00071584 d dyld__mach_header
0000204c t dyld_stub_binding_helper
00002000 T start
