         U _AES_cbc_encrypt
         U _AES_encrypt
         U _AES_ige_encrypt
         U _AES_options
         U _AES_set_encrypt_key
         U _ASN1_ENUMERATED_free
         U _ASN1_ENUMERATED_new
         U _ASN1_ENUMERATED_set
         U _ASN1_GENERALIZEDTIME_free
         U _ASN1_GENERALIZEDTIME_new
         U _ASN1_GENERALIZEDTIME_print
         U _ASN1_GENERALIZEDTIME_set_string
         U _ASN1_INTEGER_free
         U _ASN1_INTEGER_get
         U _ASN1_INTEGER_new
         U _ASN1_INTEGER_set
         U _ASN1_INTEGER_to_BN
         U _ASN1_OBJECT_free
         U _ASN1_PRINTABLE_type
         U _ASN1_STRING_cmp
         U _ASN1_STRING_data
         U _ASN1_STRING_length
         U _ASN1_STRING_set
         U _ASN1_STRING_set_default_mask_asc
         U _ASN1_TIME_free
         U _ASN1_TIME_new
         U _ASN1_TIME_print
         U _ASN1_TIME_set_string
         U _ASN1_TYPE_free
         U _ASN1_TYPE_get
         U _ASN1_TYPE_new
         U _ASN1_UNIVERSALSTRING_to_string
         U _ASN1_UTCTIME_free
         U _ASN1_UTCTIME_new
         U _ASN1_UTCTIME_set_string
         U _ASN1_d2i_bio
         U _ASN1_generate_nconf
         U _ASN1_i2d_bio
         U _ASN1_item_d2i_bio
         U _ASN1_item_i2d_bio
         U _ASN1_parse_dump
         U _BF_cbc_encrypt
         U _BF_options
         U _BF_set_key
         U _BIO_ctrl
         U _BIO_debug_callback
         U _BIO_dump
         U _BIO_dump_indent
         U _BIO_f_base64
         U _BIO_f_buffer
         U _BIO_f_cipher
         U _BIO_f_md
         U _BIO_f_nbio_test
         U _BIO_f_ssl
         U _BIO_f_zlib
         U _BIO_free
         U _BIO_free_all
         U _BIO_get_callback_arg
         U _BIO_gets
         U _BIO_int_ctrl
         U _BIO_new
         U _BIO_new_accept
         U _BIO_new_connect
         U _BIO_new_dgram
         U _BIO_new_fd
         U _BIO_new_file
         U _BIO_new_fp
         U _BIO_new_socket
         U _BIO_new_ssl
         U _BIO_number_read
         U _BIO_number_written
00041a94 t _BIO_open_with_default
         U _BIO_pop
         U _BIO_printf
         U _BIO_push
         U _BIO_puts
         U _BIO_read
         U _BIO_s_connect
         U _BIO_s_file
         U _BIO_s_mem
         U _BIO_s_null
         U _BIO_set_callback
         U _BIO_set_callback_arg
         U _BIO_set_flags
         U _BIO_snprintf
         U _BIO_sock_should_retry
         U _BIO_socket_ioctl
         U _BIO_test_flags
         U _BIO_write
         U _BN_CTX_free
         U _BN_CTX_new
         U _BN_add_word
         U _BN_bin2bn
         U _BN_bn2bin
         U _BN_bn2dec
         U _BN_bn2hex
         U _BN_cmp
         U _BN_dec2bn
         U _BN_free
         U _BN_generate_prime_ex
         U _BN_hex2bn
         U _BN_is_prime_ex
         U _BN_mod_exp
         U _BN_new
         U _BN_num_bits
         U _BN_options
         U _BN_print
         U _BN_pseudo_rand
         U _BN_rshift1
         U _BN_set_word
         U _BN_to_ASN1_INTEGER
         U _BUF_MEM_free
         U _BUF_MEM_grow
         U _BUF_MEM_grow_clean
         U _BUF_MEM_new
         U _BUF_strdup
         U _BUF_strlcat
         U _BUF_strlcpy
0005ce78 s _C.26.17748
0005ce9c s _C.26.17771
0005ce84 s _C.27.17772
         U _CAST_cbc_encrypt
         U _CAST_set_key
00061fe0 b _CAfile
00061fe4 b _CApath
         U _CMS_ContentInfo_free
         U _CMS_ContentInfo_print_ctx
         U _CMS_EncryptedData_decrypt
         U _CMS_EncryptedData_encrypt
         U _CMS_ReceiptRequest_create0
         U _CMS_ReceiptRequest_free
         U _CMS_ReceiptRequest_get0_values
         U _CMS_add0_recipient_key
         U _CMS_add0_recipient_password
         U _CMS_add1_ReceiptRequest
         U _CMS_add1_signer
         U _CMS_compress
         U _CMS_data
         U _CMS_data_create
         U _CMS_decrypt
         U _CMS_decrypt_set1_key
         U _CMS_decrypt_set1_password
         U _CMS_decrypt_set1_pkey
         U _CMS_digest_create
         U _CMS_digest_verify
         U _CMS_encrypt
         U _CMS_final
         U _CMS_get0_SignerInfos
         U _CMS_get0_signers
         U _CMS_get1_ReceiptRequest
         U _CMS_get1_certs
         U _CMS_set1_eContentType
         U _CMS_sign
         U _CMS_sign_receipt
         U _CMS_uncompress
         U _CMS_verify
         U _CMS_verify_receipt
         U _COMP_zlib_cleanup
         U _CONF_free
         U _CONF_get_section
         U _CONF_load
         U _CONF_modules_load
         U _CONF_modules_unload
         U _CRYPTO_cleanup_all_ex_data
         U _CRYPTO_dbg_free
         U _CRYPTO_dbg_get_options
         U _CRYPTO_dbg_malloc
         U _CRYPTO_dbg_realloc
         U _CRYPTO_dbg_set_options
         U _CRYPTO_free
         U _CRYPTO_gcm128_aad
         U _CRYPTO_gcm128_new
         U _CRYPTO_gcm128_release
         U _CRYPTO_gcm128_setiv
         U _CRYPTO_malloc
         U _CRYPTO_mem_ctrl
         U _CRYPTO_mem_leaks
         U _CRYPTO_realloc
         U _CRYPTO_set_locking_callback
         U _CRYPTO_set_mem_debug_functions
         U _CRYPTO_set_mem_debug_options
         U _CRYPTO_set_mem_functions
         U _Camellia_cbc_encrypt
         U _Camellia_set_key
         U _DES_crypt
         U _DES_ede3_cbc_encrypt
         U _DES_ncbc_encrypt
         U _DES_options
         U _DES_set_key_unchecked
         U _DH_check
         U _DH_free
         U _DH_generate_parameters_ex
         U _DH_new
         U _DHparams_print
         U _DSA_dup_DH
         U _DSA_free
         U _DSA_generate_key
         U _DSA_generate_parameters_ex
         U _DSA_new
         U _DSA_print
         U _DSA_sign
         U _DSA_verify
         U _DSAparams_dup
         U _DSAparams_print
         U _DTLSv1_client_method
         U _DTLSv1_server_method
         U _ECDH_compute_key
         U _ECDSA_sign
         U _ECDSA_verify
         U _ECPKParameters_print
         U _EC_GROUP_check
         U _EC_GROUP_free
         U _EC_GROUP_get0_generator
         U _EC_GROUP_get_cofactor
         U _EC_GROUP_get_curve_GFp
         U _EC_GROUP_get_degree
         U _EC_GROUP_get_order
         U _EC_GROUP_get_point_conversion_form
         U _EC_GROUP_method_of
         U _EC_GROUP_new_by_curve_name
         U _EC_GROUP_set_asn1_flag
         U _EC_GROUP_set_point_conversion_form
         U _EC_GROUP_set_seed
         U _EC_KEY_free
         U _EC_KEY_generate_key
         U _EC_KEY_get0_group
         U _EC_KEY_get0_public_key
         U _EC_KEY_new
         U _EC_KEY_new_by_curve_name
         U _EC_KEY_precompute_mult
         U _EC_KEY_print
         U _EC_KEY_set_asn1_flag
         U _EC_KEY_set_conv_form
         U _EC_KEY_set_group
         U _EC_METHOD_get_field_type
         U _EC_POINT_point2bn
         U _EC_get_builtin_curves
         U _ENGINE_by_id
         U _ENGINE_cleanup
         U _ENGINE_ctrl
         U _ENGINE_ctrl_cmd
         U _ENGINE_ctrl_cmd_string
         U _ENGINE_finish
         U _ENGINE_free
         U _ENGINE_get_DH
         U _ENGINE_get_DSA
         U _ENGINE_get_RAND
         U _ENGINE_get_RSA
         U _ENGINE_get_ciphers
         U _ENGINE_get_digests
         U _ENGINE_get_first
         U _ENGINE_get_id
         U _ENGINE_get_name
         U _ENGINE_get_next
         U _ENGINE_get_pkey_asn1_meth_str
         U _ENGINE_get_pkey_meths
         U _ENGINE_init
         U _ENGINE_load_builtin_engines
         U _ENGINE_load_private_key
         U _ENGINE_load_public_key
         U _ENGINE_register_all_complete
         U _ENGINE_set_default
         U _ERR_clear_error
         U _ERR_error_string_n
         U _ERR_free_strings
         U _ERR_get_error
         U _ERR_get_string_table
         U _ERR_load_crypto_strings
         U _ERR_peek_error
         U _ERR_peek_last_error
         U _ERR_print_errors
         U _ERR_print_errors_fp
         U _ERR_reason_error_string
         U _ERR_remove_thread_state
         U _EVP_BytesToKey
         U _EVP_CIPHER_CTX_cleanup
         U _EVP_CIPHER_CTX_init
         U _EVP_CIPHER_CTX_set_flags
         U _EVP_CIPHER_CTX_set_padding
         U _EVP_CIPHER_do_all_sorted
         U _EVP_CIPHER_flags
         U _EVP_CIPHER_iv_length
         U _EVP_CIPHER_nid
         U _EVP_CipherInit_ex
         U _EVP_DecryptFinal_ex
         U _EVP_DecryptInit_ex
         U _EVP_DecryptUpdate
         U _EVP_Digest
         U _EVP_DigestFinal
         U _EVP_DigestFinal_ex
         U _EVP_DigestInit
         U _EVP_DigestInit_ex
         U _EVP_DigestSignFinal
         U _EVP_DigestSignInit
         U _EVP_DigestUpdate
         U _EVP_DigestVerifyFinal
         U _EVP_DigestVerifyInit
         U _EVP_EncryptFinal_ex
         U _EVP_EncryptInit_ex
         U _EVP_EncryptUpdate
         U _EVP_MD_CTX_cleanup
         U _EVP_MD_CTX_init
         U _EVP_MD_CTX_md
         U _EVP_MD_CTX_set_flags
         U _EVP_MD_do_all_sorted
         U _EVP_MD_flags
         U _EVP_MD_size
         U _EVP_MD_type
         U _EVP_PKCS82PKEY
         U _EVP_PKEY2PKCS8_broken
         U _EVP_PKEY_CTX_ctrl
         U _EVP_PKEY_CTX_ctrl_str
         U _EVP_PKEY_CTX_free
         U _EVP_PKEY_CTX_get_app_data
         U _EVP_PKEY_CTX_get_keygen_info
         U _EVP_PKEY_CTX_new
         U _EVP_PKEY_CTX_new_id
         U _EVP_PKEY_CTX_set_app_data
         U _EVP_PKEY_CTX_set_cb
         U _EVP_PKEY_add1_attr_by_NID
         U _EVP_PKEY_asn1_find
         U _EVP_PKEY_asn1_find_str
         U _EVP_PKEY_asn1_get0
         U _EVP_PKEY_asn1_get0_info
         U _EVP_PKEY_asn1_get_count
         U _EVP_PKEY_base_id
         U _EVP_PKEY_bits
         U _EVP_PKEY_copy_parameters
         U _EVP_PKEY_decrypt
         U _EVP_PKEY_decrypt_init
         U _EVP_PKEY_derive
         U _EVP_PKEY_derive_init
         U _EVP_PKEY_derive_set_peer
         U _EVP_PKEY_encrypt
         U _EVP_PKEY_encrypt_init
         U _EVP_PKEY_free
         U _EVP_PKEY_get0_asn1
         U _EVP_PKEY_get1_DSA
         U _EVP_PKEY_get1_RSA
         U _EVP_PKEY_get_default_digest_nid
         U _EVP_PKEY_id
         U _EVP_PKEY_keygen
         U _EVP_PKEY_keygen_init
         U _EVP_PKEY_missing_parameters
         U _EVP_PKEY_new
         U _EVP_PKEY_new_mac_key
         U _EVP_PKEY_paramgen
         U _EVP_PKEY_paramgen_init
         U _EVP_PKEY_print_params
         U _EVP_PKEY_print_private
         U _EVP_PKEY_print_public
         U _EVP_PKEY_save_parameters
         U _EVP_PKEY_set1_DSA
         U _EVP_PKEY_set1_RSA
         U _EVP_PKEY_sign
         U _EVP_PKEY_sign_init
         U _EVP_PKEY_size
         U _EVP_PKEY_verify
         U _EVP_PKEY_verify_init
         U _EVP_PKEY_verify_recover
         U _EVP_PKEY_verify_recover_init
         U _EVP_aes_128_cbc
         U _EVP_aes_192_cbc
         U _EVP_aes_256_cbc
         U _EVP_camellia_128_cbc
         U _EVP_camellia_192_cbc
         U _EVP_camellia_256_cbc
         U _EVP_cleanup
         U _EVP_des_cbc
         U _EVP_des_ede3_cbc
         U _EVP_get_cipherbyname
         U _EVP_get_digestbyname
         U _EVP_idea_cbc
         U _EVP_md4
         U _EVP_md5
         U _EVP_mdc2
         U _EVP_rc2_40_cbc
         U _EVP_rc2_64_cbc
         U _EVP_rc2_cbc
         U _EVP_read_pw_string
         U _EVP_ripemd160
         U _EVP_seed_cbc
         U _EVP_sha1
         U _GENERAL_NAMES_free
         U _GENERAL_NAMES_new
         U _GENERAL_NAME_free
         U _GENERAL_NAME_print
00032944 t _GetHostByName
         U _HMAC
         U _HMAC_CTX_cleanup
         U _HMAC_CTX_init
         U _HMAC_Final
         U _HMAC_Init_ex
         U _HMAC_Update
00026ddc t _KDF1_SHA1
         U _NCONF_free
         U _NCONF_get_number_e
         U _NCONF_get_section
         U _NCONF_get_string
         U _NCONF_load
         U _NCONF_load_bio
         U _NCONF_new
         U _NETSCAPE_CERT_SEQUENCE_free
         U _NETSCAPE_CERT_SEQUENCE_new
         U _NETSCAPE_SPKI_b64_decode
         U _NETSCAPE_SPKI_b64_encode
         U _NETSCAPE_SPKI_free
         U _NETSCAPE_SPKI_get_pubkey
         U _NETSCAPE_SPKI_new
         U _NETSCAPE_SPKI_print
         U _NETSCAPE_SPKI_set_pubkey
         U _NETSCAPE_SPKI_sign
         U _NETSCAPE_SPKI_verify
         U _NETSCAPE_X509_free
         U _NETSCAPE_X509_it
0005d00c D _NXArgc
0005d008 D _NXArgv
         U _OBJ_NAME_do_all_sorted
         U _OBJ_cleanup
         U _OBJ_create
         U _OBJ_create_objects
         U _OBJ_nid2ln
         U _OBJ_nid2obj
         U _OBJ_nid2sn
         U _OBJ_obj2nid
         U _OBJ_sn2nid
         U _OBJ_txt2nid
         U _OBJ_txt2obj
         U _OCSP_BASICRESP_free
         U _OCSP_BASICRESP_new
         U _OCSP_CERTID_free
         U _OCSP_REQUEST_add_ext
         U _OCSP_REQUEST_free
         U _OCSP_REQUEST_new
         U _OCSP_REQUEST_print
         U _OCSP_REQ_CTX_add1_header
         U _OCSP_REQ_CTX_free
         U _OCSP_REQ_CTX_set1_req
         U _OCSP_RESPONSE_free
         U _OCSP_RESPONSE_new
         U _OCSP_RESPONSE_print
         U _OCSP_SINGLERESP_add1_ext_i2d
         U _OCSP_basic_add1_status
         U _OCSP_basic_sign
         U _OCSP_basic_verify
         U _OCSP_cert_id_new
         U _OCSP_cert_status_str
         U _OCSP_cert_to_id
         U _OCSP_check_nonce
         U _OCSP_check_validity
         U _OCSP_copy_nonce
         U _OCSP_crl_reason_str
         U _OCSP_id_get0_info
         U _OCSP_id_issuer_cmp
         U _OCSP_onereq_get0_id
         U _OCSP_parse_url
         U _OCSP_request_add0_id
         U _OCSP_request_add1_nonce
         U _OCSP_request_onereq_count
         U _OCSP_request_onereq_get0
         U _OCSP_request_sign
         U _OCSP_resp_find_status
         U _OCSP_response_create
         U _OCSP_response_get1_basic
         U _OCSP_response_status
         U _OCSP_response_status_str
         U _OCSP_sendreq_nbio
         U _OCSP_sendreq_new
         U _OPENSSL_add_all_algorithms_noconf
         U _OPENSSL_cleanse
         U _OPENSSL_load_builtin_modules
         U _OPENSSL_uni2asc
         U _OpenSSLDie
         U _PBEPARAM_free
         U _PEM_X509_INFO_read_bio
         U _PEM_read_bio_CMS
         U _PEM_read_bio_DHparams
         U _PEM_read_bio_DSAparams
         U _PEM_read_bio_ECPKParameters
         U _PEM_read_bio_ECPrivateKey
         U _PEM_read_bio_EC_PUBKEY
         U _PEM_read_bio_NETSCAPE_CERT_SEQUENCE
         U _PEM_read_bio_PKCS7
         U _PEM_read_bio_PKCS8
         U _PEM_read_bio_PKCS8_PRIV_KEY_INFO
         U _PEM_read_bio_PUBKEY
         U _PEM_read_bio_Parameters
         U _PEM_read_bio_PrivateKey
         U _PEM_read_bio_RSAPublicKey
         U _PEM_read_bio_SSL_SESSION
         U _PEM_read_bio_X509
         U _PEM_read_bio_X509_AUX
         U _PEM_read_bio_X509_CRL
         U _PEM_read_bio_X509_REQ
         U _PEM_write_bio_CMS_stream
         U _PEM_write_bio_DHparams
         U _PEM_write_bio_DSAPrivateKey
         U _PEM_write_bio_DSA_PUBKEY
         U _PEM_write_bio_DSAparams
         U _PEM_write_bio_ECPKParameters
         U _PEM_write_bio_ECPrivateKey
         U _PEM_write_bio_EC_PUBKEY
         U _PEM_write_bio_NETSCAPE_CERT_SEQUENCE
         U _PEM_write_bio_PKCS7
         U _PEM_write_bio_PKCS7_stream
         U _PEM_write_bio_PKCS8
         U _PEM_write_bio_PKCS8_PRIV_KEY_INFO
         U _PEM_write_bio_PUBKEY
         U _PEM_write_bio_Parameters
         U _PEM_write_bio_PrivateKey
         U _PEM_write_bio_RSAPrivateKey
         U _PEM_write_bio_RSAPublicKey
         U _PEM_write_bio_RSA_PUBKEY
         U _PEM_write_bio_SSL_SESSION
         U _PEM_write_bio_X509
         U _PEM_write_bio_X509_AUX
         U _PEM_write_bio_X509_CRL
         U _PEM_write_bio_X509_REQ
         U _PEM_write_bio_X509_REQ_NEW
         U _PKCS12_SAFEBAG_free
         U _PKCS12_certbag2x509
         U _PKCS12_create
         U _PKCS12_decrypt_skey
         U _PKCS12_free
         U _PKCS12_get_attr_gen
         U _PKCS12_parse
         U _PKCS12_set_mac
         U _PKCS12_unpack_authsafes
         U _PKCS12_unpack_p7data
         U _PKCS12_unpack_p7encdata
         U _PKCS12_verify_mac
         U _PKCS7_SIGNED_new
         U _PKCS7_decrypt
         U _PKCS7_encrypt
         U _PKCS7_final
         U _PKCS7_free
         U _PKCS7_get0_signers
         U _PKCS7_new
         U _PKCS7_print_ctx
         U _PKCS7_sign
         U _PKCS7_sign_add_signer
         U _PKCS7_to_TS_TST_INFO
         U _PKCS7_verify
         U _PKCS8_PRIV_KEY_INFO_free
         U _PKCS8_decrypt
         U _PKCS8_encrypt
         U _RAND_bytes
         U _RAND_cleanup
         U _RAND_egd
         U _RAND_file_name
         U _RAND_load_file
         U _RAND_pseudo_bytes
         U _RAND_seed
         U _RAND_status
         U _RAND_write_file
         U _RC2_cbc_encrypt
         U _RC2_set_key
         U _RC4
         U _RC4_options
         U _RC4_set_key
         U _RSA_PKCS1_SSLeay
         U _RSA_check_key
         U _RSA_free
         U _RSA_generate_key_ex
         U _RSA_new
         U _RSA_new_method
         U _RSA_print
         U _RSA_private_decrypt
         U _RSA_private_encrypt
         U _RSA_public_decrypt
         U _RSA_public_encrypt
         U _RSA_set_default_method
         U _RSA_sign
         U _RSA_size
         U _RSA_verify
         U _SEED_cbc_encrypt
         U _SEED_set_key
         U _SHA1
         U _SHA256
         U _SHA512
         U _SMIME_read_CMS
         U _SMIME_read_PKCS7
         U _SMIME_write_CMS
         U _SMIME_write_PKCS7
         U _SRP_VBASE_get_by_user
         U _SRP_VBASE_init
         U _SRP_VBASE_new
         U _SRP_check_known_gN_param
         U _SRP_create_verifier
         U _SRP_get_default_gN
         U _SSL_CIPHER_description
         U _SSL_CIPHER_get_id
         U _SSL_CIPHER_get_name
         U _SSL_CIPHER_get_version
         U _SSL_COMP_get_name
         U _SSL_CTX_callback_ctrl
         U _SSL_CTX_check_private_key
         U _SSL_CTX_ctrl
         U _SSL_CTX_free
         U _SSL_CTX_get_cert_store
         U _SSL_CTX_load_verify_locations
         U _SSL_CTX_new
         U _SSL_CTX_set1_param
         U _SSL_CTX_set_cipher_list
         U _SSL_CTX_set_client_CA_list
         U _SSL_CTX_set_client_cert_engine
         U _SSL_CTX_set_cookie_generate_cb
         U _SSL_CTX_set_cookie_verify_cb
         U _SSL_CTX_set_default_verify_paths
         U _SSL_CTX_set_generate_session_id
         U _SSL_CTX_set_info_callback
         U _SSL_CTX_set_next_proto_select_cb
         U _SSL_CTX_set_next_protos_advertised_cb
         U _SSL_CTX_set_psk_client_callback
         U _SSL_CTX_set_psk_server_callback
         U _SSL_CTX_set_quiet_shutdown
         U _SSL_CTX_set_session_id_context
         U _SSL_CTX_set_srp_cb_arg
         U _SSL_CTX_set_srp_client_pwd_callback
         U _SSL_CTX_set_srp_strength
         U _SSL_CTX_set_srp_username
         U _SSL_CTX_set_srp_username_callback
         U _SSL_CTX_set_srp_verify_param_callback
         U _SSL_CTX_set_tlsext_use_srtp
         U _SSL_CTX_set_tmp_rsa_callback
         U _SSL_CTX_set_verify
         U _SSL_CTX_use_PrivateKey
         U _SSL_CTX_use_PrivateKey_file
         U _SSL_CTX_use_certificate
         U _SSL_CTX_use_certificate_file
         U _SSL_CTX_use_psk_identity_hint
         U _SSL_SESSION_free
         U _SSL_SESSION_get0_peer
         U _SSL_SESSION_new
         U _SSL_SESSION_print
         U _SSL_SESSION_set1_id_context
         U _SSL_accept
         U _SSL_alert_desc_string_long
         U _SSL_alert_type_string_long
         U _SSL_cache_hit
         U _SSL_callback_ctrl
         U _SSL_clear
         U _SSL_connect
         U _SSL_ctrl
         U _SSL_do_handshake
         U _SSL_export_keying_material
         U _SSL_free
         U _SSL_get0_next_proto_negotiated
         U _SSL_get_SSL_CTX
         U _SSL_get_certificate
         U _SSL_get_cipher_list
         U _SSL_get_ciphers
         U _SSL_get_client_CA_list
         U _SSL_get_current_cipher
         U _SSL_get_current_compression
         U _SSL_get_current_expansion
         U _SSL_get_error
         U _SSL_get_fd
         U _SSL_get_peer_cert_chain
         U _SSL_get_peer_certificate
         U _SSL_get_rbio
         U _SSL_get_selected_srtp_profile
         U _SSL_get_servername
         U _SSL_get_servername_type
         U _SSL_get_session
         U _SSL_get_shared_ciphers
         U _SSL_get_srp_N
         U _SSL_get_srp_g
         U _SSL_get_srp_username
         U _SSL_get_verify_result
         U _SSL_get_wbio
         U _SSL_has_matching_session_id
         U _SSL_library_init
         U _SSL_load_client_CA_file
         U _SSL_load_error_strings
         U _SSL_new
         U _SSL_pending
         U _SSL_read
         U _SSL_renegotiate
         U _SSL_select_next_proto
         U _SSL_set_SSL_CTX
         U _SSL_set_accept_state
         U _SSL_set_bio
         U _SSL_set_connect_state
         U _SSL_set_debug
         U _SSL_set_msg_callback
         U _SSL_set_session
         U _SSL_set_session_id_context
         U _SSL_set_shutdown
         U _SSL_set_srp_server_param
         U _SSL_set_verify
         U _SSL_shutdown
         U _SSL_state
         U _SSL_state_string_long
         U _SSL_version
         U _SSL_write
         U _SSLeay
         U _SSLeay_version
         U _SSLv23_client_method
         U _SSLv23_server_method
         U _SSLv2_client_method
         U _SSLv2_server_method
         U _SSLv3_client_method
         U _SSLv3_server_method
00003478 t _SortFnByName
         U _TLSv1_1_client_method
         U _TLSv1_1_server_method
         U _TLSv1_2_client_method
         U _TLSv1_2_server_method
         U _TLSv1_client_method
         U _TLSv1_server_method
         U _TS_CONF_get_tsa_section
         U _TS_CONF_load_certs
         U _TS_CONF_set_accuracy
         U _TS_CONF_set_certs
         U _TS_CONF_set_clock_precision_digits
         U _TS_CONF_set_crypto_device
         U _TS_CONF_set_def_policy
         U _TS_CONF_set_digests
         U _TS_CONF_set_ess_cert_id_chain
         U _TS_CONF_set_ordering
         U _TS_CONF_set_policies
         U _TS_CONF_set_serial
         U _TS_CONF_set_signer_cert
         U _TS_CONF_set_signer_key
         U _TS_CONF_set_tsa_name
         U _TS_MSG_IMPRINT_free
         U _TS_MSG_IMPRINT_new
         U _TS_MSG_IMPRINT_set_algo
         U _TS_MSG_IMPRINT_set_msg
         U _TS_REQ_free
         U _TS_REQ_new
         U _TS_REQ_print_bio
         U _TS_REQ_set_cert_req
         U _TS_REQ_set_msg_imprint
         U _TS_REQ_set_nonce
         U _TS_REQ_set_policy_id
         U _TS_REQ_set_version
         U _TS_REQ_to_TS_VERIFY_CTX
         U _TS_RESP_CTX_add_failure_info
         U _TS_RESP_CTX_free
         U _TS_RESP_CTX_new
         U _TS_RESP_CTX_set_status_info
         U _TS_RESP_create_response
         U _TS_RESP_free
         U _TS_RESP_get_token
         U _TS_RESP_get_tst_info
         U _TS_RESP_new
         U _TS_RESP_print_bio
         U _TS_RESP_set_status_info
         U _TS_RESP_set_tst_info
         U _TS_RESP_verify_response
         U _TS_RESP_verify_token
         U _TS_STATUS_INFO_free
         U _TS_STATUS_INFO_new
         U _TS_TST_INFO_free
         U _TS_TST_INFO_print_bio
         U _TS_VERIFY_CTX_free
         U _TS_VERIFY_CTX_new
         U _TXT_DB_create_index
         U _TXT_DB_free
         U _TXT_DB_get_by_index
         U _TXT_DB_insert
         U _TXT_DB_read
         U _TXT_DB_write
         U _UI_OpenSSL
         U _UI_add_input_string
         U _UI_add_verify_string
         U _UI_construct_prompt
         U _UI_create_method
         U _UI_ctrl
         U _UI_destroy_method
         U _UI_free
         U _UI_get0_user_data
         U _UI_get_input_flags
         U _UI_get_string_type
         U _UI_method_get_closer
         U _UI_method_get_opener
         U _UI_method_get_reader
         U _UI_method_get_writer
         U _UI_method_set_closer
         U _UI_method_set_opener
         U _UI_method_set_reader
         U _UI_method_set_writer
         U _UI_new_method
         U _UI_process
         U _UI_set_result
         U _WHIRLPOOL
         U _X509V3_EXT_CRL_add_nconf
         U _X509V3_EXT_REQ_add_nconf
         U _X509V3_EXT_add_nconf
         U _X509V3_add_value
         U _X509V3_conf_free
         U _X509V3_parse_list
         U _X509V3_set_ctx
         U _X509V3_set_nconf
         U _X509_ALGOR_free
         U _X509_ALGOR_new
         U _X509_CRL_add0_revoked
         U _X509_CRL_add1_ext_i2d
         U _X509_CRL_digest
         U _X509_CRL_free
         U _X509_CRL_get_ext_d2i
         U _X509_CRL_new
         U _X509_CRL_print
         U _X509_CRL_set_issuer_name
         U _X509_CRL_set_lastUpdate
         U _X509_CRL_set_nextUpdate
         U _X509_CRL_set_version
         U _X509_CRL_sign_ctx
         U _X509_CRL_sort
         U _X509_CRL_verify
         U _X509_EXTENSION_free
         U _X509_EXTENSION_get_object
         U _X509_INFO_free
         U _X509_LOOKUP_ctrl
         U _X509_LOOKUP_file
         U _X509_LOOKUP_hash_dir
         U _X509_NAME_ENTRY_free
         U _X509_NAME_ENTRY_get_data
         U _X509_NAME_ENTRY_get_object
         U _X509_NAME_add_entry
         U _X509_NAME_add_entry_by_NID
         U _X509_NAME_add_entry_by_txt
         U _X509_NAME_delete_entry
         U _X509_NAME_dup
         U _X509_NAME_entry_count
         U _X509_NAME_free
         U _X509_NAME_get_entry
         U _X509_NAME_get_index_by_NID
         U _X509_NAME_get_index_by_OBJ
         U _X509_NAME_hash
         U _X509_NAME_hash_old
         U _X509_NAME_new
         U _X509_NAME_oneline
         U _X509_NAME_print_ex
         U _X509_NAME_print_ex_fp
         U _X509_OBJECT_free_contents
         U _X509_POLICY_NODE_print
         U _X509_PURPOSE_get0
         U _X509_PURPOSE_get0_name
         U _X509_PURPOSE_get0_sname
         U _X509_PURPOSE_get_by_sname
         U _X509_PURPOSE_get_count
         U _X509_PURPOSE_get_id
         U _X509_REQ_add1_attr_by_NID
         U _X509_REQ_add1_attr_by_txt
         U _X509_REQ_check_private_key
         U _X509_REQ_free
         U _X509_REQ_get_extensions
         U _X509_REQ_get_pubkey
         U _X509_REQ_new
         U _X509_REQ_print
         U _X509_REQ_print_ex
         U _X509_REQ_set_pubkey
         U _X509_REQ_set_subject_name
         U _X509_REQ_set_version
         U _X509_REQ_sign_ctx
         U _X509_REQ_verify
         U _X509_REVOKED_add1_ext_i2d
         U _X509_REVOKED_new
         U _X509_REVOKED_set_revocationDate
         U _X509_REVOKED_set_serialNumber
         U _X509_SIG_free
         U _X509_STORE_CTX_cleanup
         U _X509_STORE_CTX_free
         U _X509_STORE_CTX_get0_parent_ctx
         U _X509_STORE_CTX_get0_policy_tree
         U _X509_STORE_CTX_get1_chain
         U _X509_STORE_CTX_get_current_cert
         U _X509_STORE_CTX_get_error
         U _X509_STORE_CTX_get_error_depth
         U _X509_STORE_CTX_get_explicit_policy
         U _X509_STORE_CTX_init
         U _X509_STORE_CTX_new
         U _X509_STORE_CTX_set0_crls
         U _X509_STORE_CTX_set_cert
         U _X509_STORE_CTX_set_flags
         U _X509_STORE_CTX_trusted_stack
         U _X509_STORE_add_lookup
         U _X509_STORE_free
         U _X509_STORE_get_by_subject
         U _X509_STORE_load_locations
         U _X509_STORE_new
         U _X509_STORE_set1_param
         U _X509_STORE_set_default_paths
         U _X509_STORE_set_flags
         U _X509_STORE_set_verify_cb
         U _X509_VERIFY_PARAM_add0_policy
         U _X509_VERIFY_PARAM_free
         U _X509_VERIFY_PARAM_new
         U _X509_VERIFY_PARAM_set_depth
         U _X509_VERIFY_PARAM_set_flags
         U _X509_VERIFY_PARAM_set_purpose
         U _X509_VERIFY_PARAM_set_time
         U _X509_add1_reject_object
         U _X509_add1_trust_object
         U _X509_add_ext
         U _X509_alias_get0
         U _X509_alias_set1
         U _X509_check_private_key
         U _X509_check_purpose
         U _X509_cmp_time
         U _X509_delete_ext
         U _X509_digest
         U _X509_email_free
         U _X509_free
         U _X509_get0_pubkey_bitstr
         U _X509_get1_email
         U _X509_get1_ocsp
         U _X509_get_default_cert_area
         U _X509_get_ext
         U _X509_get_ext_by_OBJ
         U _X509_get_ext_count
         U _X509_get_issuer_name
         U _X509_get_pubkey
         U _X509_get_serialNumber
         U _X509_get_subject_name
         U _X509_gmtime_adj
         U _X509_issuer_name_hash
         U _X509_issuer_name_hash_old
         U _X509_keyid_set1
         U _X509_new
         U _X509_ocspid_print
         U _X509_policy_tree_get0_policies
         U _X509_policy_tree_get0_user_policies
         U _X509_print
         U _X509_print_ex
         U _X509_reject_clear
         U _X509_set_issuer_name
         U _X509_set_pubkey
         U _X509_set_serialNumber
         U _X509_set_subject_name
         U _X509_set_version
         U _X509_sign
         U _X509_sign_ctx
         U _X509_subject_name_hash
         U _X509_subject_name_hash_old
         U _X509_time_adj_ex
         U _X509_to_X509_REQ
         U _X509_trust_clear
         U _X509_verify
         U _X509_verify_cert
         U _X509_verify_cert_error_string
         U __DefaultRuneLocale
         U ___assert_rtn
         U ___error
0004c360 s ___func__.15272
0004c378 s ___func__.15366
0004c36c s ___func__.15483
0004f704 s ___func__.15484
000505e4 s ___func__.15520
00051674 s ___func__.15614
00055468 s ___func__.17769
000540c0 s ___func__.18010
         U ___maskrune
0005d000 D ___progname
         U ___stderrp
         U ___stdinp
         U ___stdoutp
         U ___toupper
00003458 t __dyld_func_lookup
00001000 A __mh_execute_header
         U _a2i_ASN1_INTEGER
         U _a2i_GENERAL_NAME
         U _abort
         U _accept$UNIX2003
0005d760 d _accept_socket
         U _access
00030478 T _add_oid_section
         U _alarm
0003446c T _alg_print
00033118 T _app_RAND_allow_write_file
000331cc T _app_RAND_load_file
000332ec T _app_RAND_load_files
00033138 T _app_RAND_write_file
00030564 t _app_get_pass
0002d298 T _app_init
0002d4d8 T _app_isdir
000307bc T _app_passwd
0002d520 T _app_tminterval
0003debc t _append_buf
00032214 T _apps_ssl_info_callback
0002db50 T _args_verify
00004bc8 T _asn1parse_main
         U _atof
         U _atoi
         U _atol
         U _b2i_PVK_bio
         U _b2i_PrivateKey_bio
         U _b2i_PublicKey_bio
0006138c b _batch
         U _bind$UNIX2003
0006190c b _bio_c_out
00032380 T _bio_dump_callback
0005d55c D _bio_err
0006185c b _bio_out
000618bc b _bio_s_out
0002d8c8 T _bio_to_mem
00061790 b _buf.15765
00061390 b _buf.15966
00005e7c t _build_subject
00061fec b _bytes_read
000618e4 b _c_Pause
000618f0 b _c_debug
000618ec b _c_ign_eof
000618f4 b _c_msg
000618fc b _c_nbio
000618e8 b _c_quiet
000618f8 b _c_showcerts
00061904 b _c_status_req
00061900 b _c_tlsextdebug
00010150 T _ca_main
0005d560 d _ca_usage
0001c2b8 t _callb
000049ec t _cb
000618a4 b _cert_chain
000343fc T _cert_load
000206e4 t _cert_status_cb
00060ddc s _cert_tbl.16507
0000fadc t _certify
000041d8 t _check
00005a10 t _check_end
00030e40 T _chopup_args
00061880 b _cipher
00033c18 T _ciphers_main
0005f1a4 d _ciphers_usage
0005cf84 s _ckey24.16790
0005cf64 s _ckey32.16791
         U _close$UNIX2003
0003d970 t _cms_cb
0003a9c8 T _cms_main
00061848 b _conf
0006228c b _conf
0005d558 D _config
         U _connect$UNIX2003
0005f174 D _cookie_initialized
00062294 S _cookie_secret
0002f464 T _copy_extensions
0005ce38 s _cov_2char
000141b0 T _crl2pkcs7_main
000148e8 T _crl_main
000605a0 s _crl_reasons
0005d5fc d _crl_usage
000618c0 b _ctx
000618c4 b _ctx2
         U _d2i_ASN1_TYPE
         U _d2i_CMS_bio
         U _d2i_DHparams
         U _d2i_DSAparams
         U _d2i_ECPKParameters
         U _d2i_ECPrivateKey_bio
         U _d2i_EC_PUBKEY_bio
         U _d2i_OCSP_REQUEST
         U _d2i_OCSP_RESPONSE
         U _d2i_PBEPARAM
         U _d2i_PKCS12_bio
         U _d2i_PKCS7_bio
         U _d2i_PKCS8_PRIV_KEY_INFO_bio
         U _d2i_PKCS8_bio
         U _d2i_PUBKEY_bio
         U _d2i_PrivateKey_bio
         U _d2i_RSAPrivateKey
         U _d2i_RSAPublicKey_bio
         U _d2i_RSA_NET
         U _d2i_SSL_SESSION
         U _d2i_TS_REQ_bio
         U _d2i_TS_RESP_bio
         U _d2i_X509_CRL_bio
         U _d2i_X509_REQ_bio
         U _d2i_X509_bio
0005d554 D _default_config_file
00030acc T _destroy_ui_method
00008d98 T _dgst_main
0005d7a4 d _dh512_g
0005d764 d _dh512_p
0000b258 t _dh_cb
0000def4 t _dh_cb
00009d84 T _dh_main
0000a5fc T _dhparam_main
0002c5ec t _doConnection
00005848 T _do_X509_CRL_sign
000058e0 T _do_X509_REQ_sign
00005978 T _do_X509_sign
0000ea10 t _do_body
00003558 t _do_cmd
00008ac4 T _do_fp
0003783c t _do_keyop
0000cb34 t _do_passwd
0000fdb4 t _do_revoke
00032c98 T _do_server
00005760 t _do_sign_init
0005dca0 d _dsa1024_g
0005dc0c d _dsa1024_p
0005db78 d _dsa1024_priv
0005db8c d _dsa1024_pub
0005dc8c d _dsa1024_q
0005da78 d _dsa2048_g
0005d964 d _dsa2048_p
0005d850 d _dsa2048_priv
0005d864 d _dsa2048_pub
0005da64 d _dsa2048_q
0005ddcc d _dsa512_g
0005dd78 d _dsa512_p
0005dd20 d _dsa512_priv
0005dd34 d _dsa512_pub
0005ddb8 d _dsa512_q
0005cf38 s _dsa_bits.16815
00017ba4 t _dsa_cb
000167e8 T _dsa_main
00061e18 b _dsa_results
000170d8 T _dsaparam_main
00030d80 T _dump_cert_text
00034bf8 T _dump_certs_keys_p12
0003487c T _dump_certs_pkeys_bag
00034b6c T _dump_certs_pkeys_bags
         U _dup
00017c34 T _ec_main
00061f48 b _ecdh_results
00061e48 b _ecdsa_results
000186dc T _ecparam_main
000185a8 t _ecparam_print_var
00062288 b _egdsocket
000618a0 b _enable_timeouts
000622a4 S _enc
0000b428 T _enc_main
000618ac b _engine_id
0003e100 T _engine_main
0005f1c4 d _engine_usage
0005d004 D _environ
0000df84 T _errstr_main
00060c8c s _ex_tbl.16514
         U _exit
00061858 b _extconf
00032bdc T _extract_host_port
000328ac T _extract_port
         U _fclose
         U _fdopen
         U _fflush
         U _fgets
         U _fileno
         U _fopen
         U _fork
         U _fprintf$LDBL128
         U _fputc
         U _fputs$UNIX2003
         U _free
0002e410 T _free_index
00062014 b _from.17226
000034a0 t _function_LHASH_COMP
000034b0 t _function_LHASH_HASH
0005d014 D _functions
         U _fwrite$UNIX2003
0000db00 T _gendh_main
0001cb64 T _gendsa_main
00031df0 T _generate_cookie_callback
00021b60 t _generate_session_id
00008a1c t _genpkey_cb
0001db1c t _genpkey_cb
0001d37c T _genpkey_main
0001cad4 t _genrsa_cb
0001c390 T _genrsa_main
00034510 T _get_cert_chain
00026eec T _get_dsa1024
00026dfc T _get_dsa2048
00026fdc T _get_dsa512
00043274 t _get_index
         U _getenv
         U _gethostbyaddr
         U _gethostbyname
         U _getservbyname
         U _getsockname$UNIX2003
00062024 b _ghbn_cache
00062010 b _ghbn_hits
0006200c b _ghbn_miss
0003a908 t _gnames_stack_print
00061894 b _hack
00034398 T _hex_prin
0005ef88 d _host
00032a98 t _host_ip
         U _i2a_ASN1_INTEGER
         U _i2a_ASN1_OBJECT
         U _i2b_PVK_bio
         U _i2b_PrivateKey_bio
         U _i2b_PublicKey_bio
         U _i2d_ASN1_TYPE
         U _i2d_CMS_bio_stream
         U _i2d_DHparams
         U _i2d_DSAPrivateKey_bio
         U _i2d_DSA_PUBKEY_bio
         U _i2d_DSAparams
         U _i2d_ECPKParameters
         U _i2d_ECPrivateKey_bio
         U _i2d_EC_PUBKEY_bio
         U _i2d_OCSP_REQUEST
         U _i2d_OCSP_RESPONSE
         U _i2d_PKCS12_bio
         U _i2d_PKCS7_bio
         U _i2d_PKCS7_bio_stream
         U _i2d_PKCS8_PRIV_KEY_INFO_bio
         U _i2d_PKCS8_bio
         U _i2d_PUBKEY_bio
         U _i2d_PrivateKey_bio
         U _i2d_RSAPrivateKey_bio
         U _i2d_RSAPublicKey_bio
         U _i2d_RSA_NET
         U _i2d_RSA_PUBKEY_bio
         U _i2d_SSL_SESSION
         U _i2d_TS_REQ_bio
         U _i2d_TS_RESP_bio
         U _i2d_X509
         U _i2d_X509_CRL_bio
         U _i2d_X509_NAME
         U _i2d_X509_PUBKEY
         U _i2d_X509_REQ_bio
         U _i2d_X509_bio
         U _idea_cbc_encrypt
         U _idea_options
         U _idea_set_encrypt_key
0003deb8 t _identity
0002ea60 T _index_index
000312ec t _index_name_LHASH_COMP
0002eb4c t _index_name_LHASH_HASH
0002d99c T _index_name_cmp
0002d2a0 t _index_name_qual
0002d9a8 t _index_serial_LHASH_COMP
0002eb54 t _index_serial_LHASH_HASH
00032f90 T _init_client
0001d20c T _init_gen_str
0005d844 d _key.16794
0005cfd4 s _key16.16787
0005d83c d _key2.16795
0005cfbc s _key24.16788
0005d834 d _key3.16796
0005cf9c s _key32.16789
000618b8 b _keymatexportlabel
00061908 b _keymatexportlabel
0005d758 d _keymatexportlen
0005d7b0 d _keymatexportlen
0005cea4 s _lengths
         U _lh_free
         U _lh_insert
         U _lh_new
         U _lh_node_stats_bio
         U _lh_node_usage_stats_bio
         U _lh_retrieve
         U _lh_stats_bio
         U _lh_strhash
00004028 t _list_cipher_fn
000034b8 t _list_md_fn
00009ccc t _list_md_fn
         U _listen$UNIX2003
00030268 T _load_cert
0002fa48 T _load_certs
0002f798 t _load_certs_crls
0002eff4 T _load_config
00062000 b _load_config_called.16660
00041aac t _load_config_file
0002fa0c T _load_crls
0001de08 t _load_dh_param
00031098 T _load_index
0002ffc8 T _load_key
0002fa84 t _load_netscape_key
0002fe58 t _load_pkcs12
0002fb98 T _load_pubkey
0002edc8 T _load_serial
00061864 b _local_argc
000618d4 b _local_argv
000040c8 t _lock_dbg_cb
0004bf5c s _magic.15718
00003b1c T _main
0002ef68 T _make_config_name
0003a750 t _make_names_stack
0000e794 T _make_revocation_str
0000e600 T _make_revoked
         U _malloc
0005ef84 d _maxTime
         U _memcmp
         U _memcpy
         U _memset
000612e0 b _modes.16794
00061920 b _mr
000312f8 T _msg_cb
00061854 b _msie_hack
00061810 b _n.15703
0005d7bc d _names
00061910 b _next_proto
0001dbc4 t _next_proto_cb
0002375c t _next_proto_cb
0002d5d8 T _next_protos_parse
0002d6a4 t _nodes_print
00034050 T _nseq_main
0003f15c T _ocsp_main
0002328c t _ocsp_resp_cb
0000e470 T _old_entry_print
0006181c b _out_buf.15357
0002e03c T _parse_name
0002d2b8 T _parse_yesno
0000d354 T _passwd_main
00061814 b _passwds_static.15273
000308ac T _password_callback
00061fe8 b _perform
         U _perror
         U _pipe
00034d88 T _pkcs12_main
00013b38 T _pkcs7_main
000362b4 T _pkcs8_main
0002d854 T _pkey_ctrl_string
00036d70 T _pkey_main
00026cc0 t _pkey_print_message
00037398 T _pkeyparam_main
000378d4 T _pkeyutl_main
0002d760 T _policies_print
00061850 b _preserve
00041728 T _prime_main
00034640 T _print_attribs
000431b8 t _print_entry
00026d54 t _print_message
0002f368 T _print_name
00026bbc t _print_result
0001dbdc t _print_stats
00022ba8 t _print_stuff
00043358 t _print_user
         U _printf$LDBL128
0003ecc8 T _process_responder
00031048 T _program_name
00023848 t _psk_client_cb
0005d7ac d _psk_identity
0006091c s _psk_identity
000618c8 b _psk_identity_hint.17727
0005d730 D _psk_key
000217cc t _psk_server_cb
         U _putchar
         U _puts
00062008 b _pwdbio.16209
         U _qsort
0003d9dc T _rand_main
0002eb70 T _rand_serial
0002d48c T _raw_read_stdin
0002d440 T _raw_write_stdout
         U _read$UNIX2003
         U _realloc
         U _rename
00041c28 t _reply_command
000056e0 t _req_check_len
00061388 b _req_conf
00005ef4 T _req_main
00061860 b _reqfile
00061928 b _results
00061924 b _rnd_fake
00056404 s _rnd_seed
0002e464 T _rotate_index
0002e704 T _rotate_serial
0005cf54 s _rsa_bits.16810
00060b08 s _rsa_data.16811
0005cf44 s _rsa_data_length.16812
000153c0 T _rsa_main
00061dd8 b _rsa_results
000618cc b _rsa_tmp.18422
00015eac T _rsautl_main
0005d7b4 D _run
         U _s2i_ASN1_INTEGER
0005d734 d _s_cert_file
0005d754 d _s_cert_file2
00023a7c T _s_client_main
0005d72c D _s_crlf
00061878 b _s_dcert_file
00061884 b _s_debug
0006187c b _s_dkey_file
00061874 b _s_key_file
000618b0 b _s_key_file2
00061890 b _s_msg
00061868 b _s_nbio
0006186c b _s_nbio_test
00061898 b _s_quiet
0001de6c T _s_server_main
0005d75c d _s_server_session_id_context
00061870 b _s_server_verify
0002c78c T _s_time_main
00061fc8 b _s_time_meth
00061888 b _s_tlsextdebug
0006188c b _s_tlsextstatus
00061ff0 b _s_www_path
0003a870 t _save_certs
0002e888 T _save_index
0002ec1c T _save_serial
0006184c b _section
00062290 b _section
00062284 b _seeded
         U _select$UNIX2003
0003f0c0 t _send_ocsp_response
0005d84c d _sep.17628
000420b4 t _serial_cb
00033694 T _sess_id_main
0005f178 d _sess_id_usage
000618a8 b _session_id_prefix
0002f77c T _set_cert_ex
00032430 T _set_cert_key_stuff
000324f8 T _set_cert_stuff
0002f59c T _set_ext_copy
0000b2e8 T _set_hex
00005a7c t _set_keygen_ctx
0002f644 t _set_multi_opts
0002f760 T _set_name_ex
000345a0 t _set_pbe
         U _setsockopt
0002f09c T _setup_engine
00030b14 T _setup_ui_method
0002f240 T _setup_verify
         U _setvbuf
0000ca54 t _show_ciphers
         U _shutdown
00026aa8 t _sig_done
         U _signal
         U _sk_delete
         U _sk_free
         U _sk_new_null
         U _sk_num
         U _sk_pop_free
         U _sk_push
         U _sk_shift
         U _sk_value
         U _sleep$UNIX2003
0003a6f4 t _smime_cb
00038ca0 T _smime_main
         U _socket
000618d0 b _socket_mtu
000609e4 s _space.18110
00060918 s _space.18265
000270cc T _speed_main
000384ec T _spkac_main
000618d8 b _srp_callback_parm
00043414 t _srp_create_user
0004351c T _srp_main
0005f208 d _srp_usage
0005d7a8 D _srtp_profiles
000618b4 b _srtp_profiles
         U _sscanf$LDBL128
00023614 t _ssl_give_srp_client_pwd_cb
000216fc t _ssl_servername_cb
000236bc t _ssl_servername_cb
000215ec t _ssl_srp_server_param_cb
00023384 t _ssl_srp_verify_param_cb
00026af0 t _sstrsep
00061fd0 b _st_bugs
         U _stat
00060910 s _str.18011
0002d9dc T _str2fmt
         U _strcasecmp
         U _strchr
         U _strcmp
         U _strcpy
         U _string_to_hex
         U _strlen
         U _strncat
         U _strncmp
         U _strrchr
         U _strspn
         U _strstr
00021c0c t _sv_body
         U _sysconf
00061fd8 b _t_cert_file
00061fdc b _t_key_file
00061ff8 b _t_nbio
0005df4c d _test1024
0005e1ac d _test2048
0005e654 d _test4096
0005de0c d _test512
0005cef8 s _test_curves.16816
0005ceb8 s _test_curves_bits.16818
00060ac8 s _test_curves_names.16817
00060914 s _text.18279
         U _time
         U _times
0005d738 d _tlscstatp
00031fc4 T _tlsext_cb
00061fd4 b _tm_cipher
00061fcc b _tm_ctx
00061ff4 b _tm_verify
00021a08 t _tmp_rsa_cb
00061ffc b _tmstart.17206
0004229c T _ts_main
00030b94 t _ui_close
00062004 b _ui_method
00030d44 t _ui_open
00030c84 t _ui_read
00030bd0 t _ui_write
0005ef8c d _umsg.17155
0000e124 T _unpack_revinfo
000376ec t _usage
0005d7b8 d _usertime
0003dfc4 t _util_do_cmds
00061384 b _v_verbose
000325dc T _verify_callback
00041a90 t _verify_cb
00031c44 T _verify_cookie_callback
0005f168 D _verify_depth
0005f1c0 D _verify_err
0005f16c D _verify_error
00004344 T _verify_main
0005f170 D _verify_return_error
000333b0 T _version_main
         U _write$UNIX2003
0000fd58 t _write_new_certificate
0006189c b _www
00020aec t _www_body
00019b18 T _x509_main
0005d648 d _x509_usage
0005d010 d dyld__mach_header
00003428 t dyld_stub_binding_helper
000033e0 T start
