                 U _CFEqual
                 U _CFGetTypeID
                 U _CFLog
                 U _CFRelease
                 U _CFRunLoopRun
                 U _CFStringCreateWithCString
                 U _CFStringGetBytes
                 U _CFStringGetLength
                 U _CFStringGetTypeID
                 U _OBJC_CLASS_$_NSMutableArray
                 U _OBJC_CLASS_$_NSObject
                 U _OBJC_METACLASS_$_NSObject
                 U _SANDBOX_CHECK_NO_REPORT
                 U __Block_object_assign
                 U __Block_object_dispose
                 U __CFAutoreleasePoolPop
                 U __CFAutoreleasePoolPush
                 U __CFXPCCreateCFObjectFromXPCObject
                 U __CFXPCCreateXPCObjectFromCFObject
                 U __NSConcreteGlobalBlock
                 U __NSConcreteStackBlock
                 U __Unwind_Resume
                 U ___CFConstantStringClassReference
                 U ___objc_personality_v0
                 U ___snprintf_chk
                 U ___stack_chk_fail
                 U ___stack_chk_guard
                 U __dispatch_source_type_signal
0000000100000000 T __mh_execute_header
                 U __objc_empty_cache
                 U __os_log_impl
                 U __xpc_error_connection_interrupted
                 U __xpc_error_connection_invalid
                 U __xpc_error_termination_imminent
                 U __xpc_type_connection
                 U __xpc_type_dictionary
                 U __xpc_type_error
                 U _asprintf
                 U _ctime_r
                 U _dispatch_async
                 U _dispatch_group_create
                 U _dispatch_group_enter
                 U _dispatch_group_leave
                 U _dispatch_once
                 U _dispatch_queue_create
                 U _dispatch_release
                 U _dispatch_resume
                 U _dispatch_retain
                 U _dispatch_source_create
                 U _dispatch_source_set_event_handler
                 U _dispatch_sync
                 U _exit
                 U _free
                 U _getpid
                 U _getuid
                 U _kCFAllocatorSystemDefault
                 U _kCFNotificationAnyName
                 U _kCFNotificationAnyObject
                 U _kCFNotificationAnyObserver
                 U _kill
                 U _mach_absolute_time
                 U _malloc
                 U _notify_post
                 U _objc_enumerationMutation
                 U _objc_getClass
                 U _objc_msgSend
                 U _objc_msgSendSuper2
                 U _os_log_create
                 U _os_log_type_enabled
                 U _proc_pidpath
                 U _pthread_mutex_init
                 U _pthread_mutex_lock
                 U _pthread_mutex_unlock
                 U _sandbox_check
                 U _signal
                 U _strcmp
                 U _strdup
                 U _time
                 U _vproc_swap_string
                 U _xpc_array_append_value
                 U _xpc_array_apply
                 U _xpc_array_create
                 U _xpc_array_get_count
                 U _xpc_bool_get_value
                 U _xpc_connection_cancel
                 U _xpc_connection_copy_entitlement_value
                 U _xpc_connection_create
                 U _xpc_connection_create_mach_service
                 U _xpc_connection_get_pid
                 U _xpc_connection_resume
                 U _xpc_connection_send_barrier
                 U _xpc_connection_send_message
                 U _xpc_connection_send_message_with_reply_sync
                 U _xpc_connection_set_event_handler
                 U _xpc_connection_set_target_queue
                 U _xpc_copy
                 U _xpc_copy_description
                 U _xpc_dictionary_create
                 U _xpc_dictionary_create_reply
                 U _xpc_dictionary_get_bool
                 U _xpc_dictionary_get_string
                 U _xpc_dictionary_get_uint64
                 U _xpc_dictionary_get_value
                 U _xpc_dictionary_set_bool
                 U _xpc_dictionary_set_string
                 U _xpc_dictionary_set_uint64
                 U _xpc_dictionary_set_value
                 U _xpc_get_type
                 U _xpc_release
                 U _xpc_retain
                 U _xpc_string_create
                 U _xpc_track_activity
                 U _xpc_transaction_begin
                 U _xpc_transaction_end
                 U _xpc_uint64_create
                 U _xpc_uint64_get_value
                 U dyld_stub_binder
