0000000000005ac7 t -[OS_at_encoder _dispose]
0000000000005b89 t -[OS_at_encoder copy]
0000000000005afe t -[OS_at_encoder debugDescription]
0000000000005bb0 t -[OS_at_encoder hash]
0000000000005b93 t -[OS_at_encoder isEqual:]
00000000000f46a0 s GCC_except_table0
00000000000f46b8 s GCC_except_table11
00000000000f46e4 s GCC_except_table12
00000000000f4738 s GCC_except_table21
0000000000005781 t _ATEncoder_GetDescription
0000000000005745 t _ATEncoder_Hash
00000000000056f6 t _ATEncoder_IsEqual
0000000000005755 t _ATEncoder_MakeCopy
00000000000056e0 t _ATEncoder_dtor
0000000000005bba t _AllocateEncoder
00000000000328a4 t _CalculateMeanColor_7x7
000000000009648c t _CalculateMeanColor_7x7
000000000004369e t _ClampPremultiplied_4x4_AVX
000000000006eb78 t _ClampPremultiplied_4x4_SSE4_1
000000000000aa20 t _ClampPremultiplied_4x4_vec
0000000000043fc9 t _ClampPremultiplied_8x8_AVX
000000000006f8c7 t _ClampPremultiplied_8x8_SSE4_1
000000000000b76f t _ClampPremultiplied_8x8_vec
0000000000044f65 t _ClampPremultiplied_AVX
000000000007090a t _ClampPremultiplied_SSE4_1
000000000000c7b2 t _ClampPremultiplied_vec
0000000000001d8b t _ConvertSRGBtoLinear
00000000000aaff0 s _ConvertSRGBtoLinear.sRGBtoLinearAlphaTable
00000000000aadf0 s _ConvertSRGBtoLinear.sRGBtoLinearTable
00000000000a3688 t _DecodeASTC_RGBA_vec
00000000000f25a0 s _DecodeASTC_RGBA_vec.masks
00000000000f2fe0 s _DecodeColorEndpoints.baseCEMClass
00000000000a52c0 t _DecodeIntegerSequenceEncoding
00000000000f28b0 s _DecodeIntegerSequenceEncoding.bitsToRead
00000000000f2924 s _DecodeIntegerSequenceEncoding.bitsToRead.1
00000000000f28d0 s _DecodeIntegerSequenceEncoding.blockShift
00000000000f2930 s _DecodeIntegerSequenceEncoding.blockShift.2
00000000000f2910 s _DecodeIntegerSequenceEncoding.counterIncrement
00000000000f2948 s _DecodeIntegerSequenceEncoding.counterIncrement.4
00000000000f28f0 s _DecodeIntegerSequenceEncoding.nextCounter
00000000000f293c s _DecodeIntegerSequenceEncoding.nextCounter.3
00000000000f25e0 s _DecodeWeights.kBlockModeRangeTable
00000000000f25f0 s _DecodeWeights.kNumberOfBitsTable
00000000000f2670 s _DecodeWeights.kNumberOfQuintsTable
00000000000f2630 s _DecodeWeights.kNumberOfTritsTable
00000000000ae380 s _DualPartitionTableIndices_8x8
00000000000ab200 s _DualPartitionTable_8x8
0000000000044fb3 t _EncodeASTC_4x4_RGBA_AVX
0000000000070958 t _EncodeASTC_4x4_RGBA_SSE4_1
000000000000c800 t _EncodeASTC_4x4_RGBA_vec
000000000004ca3b t _EncodeASTC_8x8_RGBA_AVX
00000000000731cd t _EncodeASTC_8x8_RGBA_SSE4_1
000000000000f075 t _EncodeASTC_8x8_RGBA_vec
000000000000dac0 t _EncodeBasicBlock_4x4
000000000004609b t _EncodeBasicBlock_4x4
0000000000071c18 t _EncodeBasicBlock_4x4
00000000000595bc t _EncodeBasicBlock_6x5
00000000000214e4 t _EncodeStandardSinglePartitionBlock
00000000000850ce t _EncodeStandardSinglePartitionBlock
000000000002c5a0 t _EncodeStandardSinglePartitionBlock_6x5
0000000000090188 t _EncodeStandardSinglePartitionBlock_6x5
00000000000ef2c0 s _EncodeStandardSinglePartitionBlock_6x5.channelSearchOrder
00000000000f0e10 s _EncodeStandardSinglePartitionBlock_6x5.channelSearchOrder
00000000000f2010 s _EncodeStandardSinglePartitionBlock_6x5.channelSearchOrder
00000000000ef340 s _FindDualWeights_6x5.kVectorMask
00000000000f0e80 s _FindDualWeights_6x5.kVectorMask
00000000000f2080 s _FindDualWeights_6x5.kVectorMask
0000000000043185 t _FlattenNon_4x4_AVX
000000000006e214 t _FlattenNon_4x4_SSE4_1
000000000000a0bc t _FlattenNon_4x4_vec
0000000000043b75 t _FlattenNon_8x8_AVX
000000000006f218 t _FlattenNon_8x8_SSE4_1
000000000000b0c0 t _FlattenNon_8x8_vec
0000000000044bf8 t _FlattenNon_AVX
00000000000705c1 t _FlattenNon_SSE4_1
000000000000c469 t _FlattenNon_vec
000000000004329f t _FlattenPre_4x4_AVX
000000000006e3c4 t _FlattenPre_4x4_SSE4_1
000000000000a26c t _FlattenPre_4x4_vec
0000000000043cc2 t _FlattenPre_8x8_AVX
000000000006f40d t _FlattenPre_8x8_SSE4_1
000000000000b2b5 t _FlattenPre_8x8_vec
0000000000044cc4 t _FlattenPre_AVX
0000000000070688 t _FlattenPre_SSE4_1
000000000000c530 t _FlattenPre_vec
00000000000a3636 t _GetBlockInfo
00000000000f2420 s _GetBlockInfo.BlockInfoTable
0000000000001c12 t _GetDualPartitionBlockInfo
0000000000001c8a t _GetDualPartitionBlockInfo_8x8
00000000000f476c s _GetDualPartitionBlockInfo_8x8.table1
0000000000001cd0 t _GetDualPartitionDualWeightBlockInfo
0000000000001d48 t _GetDualPartitionPatterns
00000000000a361b t _GetTexelInfo
00000000000f23c0 s _GetTexelInfo.TexelInfoTable
00000000000ef680 s _GetUnquantizationData.UnquantizationInfo
00000000000f0c80 s _GetUnquantizationData.UnquantizationInfo
00000000000f1e80 s _GetUnquantizationData.UnquantizationInfo
00000000000f6c68 s _OBJC_CLASS_$_OS_at_encoder
                 U _OBJC_CLASS_$_OS_object
                 U _OBJC_METACLASS_$_NSObject
00000000000f6c90 s _OBJC_METACLASS_$_OS_at_encoder
                 U _OBJC_METACLASS_$_OS_object
0000000000043744 t _PassThrough_4x4_AVX
000000000006ec82 t _PassThrough_4x4_SSE4_1
000000000000ab2a t _PassThrough_4x4_vec
000000000004403b t _PassThrough_8x8_AVX
000000000006f971 t _PassThrough_8x8_SSE4_1
000000000000b819 t _PassThrough_8x8_vec
0000000000044bf2 t _PassThrough_AVX
00000000000705bb t _PassThrough_SSE4_1
000000000000c463 t _PassThrough_vec
0000000000043403 t _Premultiply_4x4_AVX
000000000006e680 t _Premultiply_4x4_SSE4_1
000000000000a528 t _Premultiply_4x4_vec
0000000000043e55 t _Premultiply_8x8_AVX
000000000006f693 t _Premultiply_8x8_SSE4_1
000000000000b53b t _Premultiply_8x8_vec
0000000000044dda t _Premultiply_AVX
00000000000707a2 t _Premultiply_SSE4_1
000000000000c64a t _Premultiply_vec
0000000000020f76 t _PrintColorVector
000000000003fc3b t _Read_4x4_BGRA8_AVX
000000000006a0b1 t _Read_4x4_BGRA8_SSE4_1
0000000000005f59 t _Read_4x4_BGRA8_vec
0000000000040254 t _Read_4x4_R16_AVX
000000000006a862 t _Read_4x4_R16_SSE4_1
000000000000670a t _Read_4x4_R16_vec
00000000000400b1 t _Read_4x4_R8_AVX
000000000006a645 t _Read_4x4_R8_SSE4_1
00000000000064ed t _Read_4x4_R8_vec
000000000004048f t _Read_4x4_RA16_AVX
000000000006aa7f t _Read_4x4_RA16_SSE4_1
0000000000006927 t _Read_4x4_RA16_vec
000000000003fe4c t _Read_4x4_RA8_AVX
000000000006a3db t _Read_4x4_RA8_SSE4_1
0000000000006283 t _Read_4x4_RA8_vec
0000000000040d3a t _Read_4x4_RAf16_AVX
000000000006b528 t _Read_4x4_RAf16_SSE4_1
00000000000073d0 t _Read_4x4_RAf16_vec
000000000004065d t _Read_4x4_RGBA16_AVX
000000000006ad21 t _Read_4x4_RGBA16_SSE4_1
0000000000006bc9 t _Read_4x4_RGBA16_vec
000000000003fa34 t _Read_4x4_RGBA8_AVX
0000000000069db8 t _Read_4x4_RGBA8_SSE4_1
0000000000005c60 t _Read_4x4_RGBA8_vec
00000000000411e8 t _Read_4x4_RGBAf16_AVX
000000000006ba79 t _Read_4x4_RGBAf16_SSE4_1
0000000000007921 t _Read_4x4_RGBAf16_vec
0000000000040a29 t _Read_4x4_Rf16_AVX
000000000006b1d3 t _Read_4x4_Rf16_SSE4_1
000000000000707b t _Read_4x4_Rf16_vec
0000000000041aaf t _Read_8x8_BGRA8_AVX
000000000006c54d t _Read_8x8_BGRA8_SSE4_1
00000000000083f5 t _Read_8x8_BGRA8_vec
0000000000041ea7 t _Read_8x8_R16_AVX
000000000006c9b7 t _Read_8x8_R16_SSE4_1
000000000000885f t _Read_8x8_R16_vec
0000000000041d79 t _Read_8x8_R8_AVX
000000000006c864 t _Read_8x8_R8_SSE4_1
000000000000870c t _Read_8x8_R8_vec
0000000000041fd5 t _Read_8x8_RA16_AVX
000000000006cb0a t _Read_8x8_RA16_SSE4_1
00000000000089b2 t _Read_8x8_RA16_vec
0000000000041c29 t _Read_8x8_RA8_AVX
000000000006c6e8 t _Read_8x8_RA8_SSE4_1
0000000000008590 t _Read_8x8_RA8_vec
00000000000426f7 t _Read_8x8_RAf16_AVX
000000000006d418 t _Read_8x8_RAf16_SSE4_1
00000000000092c0 t _Read_8x8_RAf16_vec
000000000004213e t _Read_8x8_RGBA16_AVX
000000000006ccc1 t _Read_8x8_RGBA16_SSE4_1
0000000000008b69 t _Read_8x8_RGBA16_vec
0000000000041935 t _Read_8x8_RGBA8_AVX
000000000006c3b2 t _Read_8x8_RGBA8_SSE4_1
000000000000825a t _Read_8x8_RGBA8_vec
00000000000429e4 t _Read_8x8_RGBAf16_AVX
000000000006d78c t _Read_8x8_RGBAf16_SSE4_1
0000000000009634 t _Read_8x8_RGBAf16_vec
0000000000042364 t _Read_8x8_Rf16_AVX
000000000006cf60 t _Read_8x8_Rf16_SSE4_1
0000000000008e08 t _Read_8x8_Rf16_vec
00000000000a5840 s _ReciprocalTable
0000000000042d98 t _SetAlphaOne_4x4_AVX
000000000006db52 t _SetAlphaOne_4x4_SSE4_1
00000000000099fa t _SetAlphaOne_4x4_vec
000000000004374e t _SetAlphaOne_8x8_AVX
000000000006ec8c t _SetAlphaOne_8x8_SSE4_1
000000000000ab34 t _SetAlphaOne_8x8_vec
0000000000044f21 t _SetAlphaOne_AVX
00000000000708c6 t _SetAlphaOne_SSE4_1
000000000000c76e t _SetAlphaOne_vec
00000000000ef140 s _ShuffleColorEndpointPair.mapTable
00000000000f0c00 s _ShuffleColorEndpointPair.mapTable
00000000000f1e00 s _ShuffleColorEndpointPair.mapTable
00000000000434ae t _Unpremultiply_4x4_AVX
000000000006e79e t _Unpremultiply_4x4_SSE4_1
000000000000a646 t _Unpremultiply_4x4_vec
0000000000043ed9 t _Unpremultiply_8x8_AVX
000000000006f757 t _Unpremultiply_8x8_SSE4_1
000000000000b5ff t _Unpremultiply_8x8_vec
0000000000044e78 t _Unpremultiply_AVX
0000000000070826 t _Unpremultiply_SSE4_1
000000000000c6ce t _Unpremultiply_vec
0000000000001b0a t _WeightInfoForSingleLineDualWeight
0000000000001b3e t _WeightInfoForSingleLineDualWeight_4x4
0000000000001ba8 t _WeightInfoForSingleLineDualWeight_6x5
00000000000a5e50 s _WeightInfoForSingleLineDualWeight_6x5.Indices_6x5
00000000000a5e40 s _WeightInfoForSingleLineDualWeight_6x5.Table_6x5
00000000000018cf t _WeightInfoForSingleLineSingleWeight
000000000000197b t _WeightInfoForSingleLineSingleWeight_4x4
00000000000019e5 t _WeightInfoForSingleLineSingleWeight_6x5
00000000000a5d10 s _WeightInfoForSingleLineSingleWeight_6x5.IndexTable_6x5
00000000000a5ce0 s _WeightInfoForSingleLineSingleWeight_6x5.kSingleLineSingleWeight_6x5
0000000000001a4f t _WeightInfoForSingleLineSingleWeight_7x7
00000000000a5d90 s _WeightInfoForSingleLineSingleWeight_7x7.kSingleLineSingleWeight_7x7
0000000000001abb t _WeightInfoForSingleLineSingleWeight_8x8
00000000000a5da0 s _WeightInfoForSingleLineSingleWeight_8x8.kSingleLineSingleWeight_8x8
0000000000044297 t _Write_BGRA8_AVX
000000000006fbfb t _Write_BGRA8_SSE4_1
000000000000baa3 t _Write_BGRA8_vec
0000000000044328 t _Write_R16_AVX
000000000006fc94 t _Write_R16_SSE4_1
000000000000bb3c t _Write_R16_vec
0000000000044045 t _Write_R8_AVX
000000000006f97b t _Write_R8_SSE4_1
000000000000b823 t _Write_R8_vec
00000000000443d1 t _Write_RA16_AVX
000000000006fd47 t _Write_RA16_SSE4_1
000000000000bbef t _Write_RA16_vec
0000000000044122 t _Write_RA8_AVX
000000000006fa67 t _Write_RA8_SSE4_1
000000000000b90f t _Write_RA8_vec
000000000004480e t _Write_RAf16_AVX
00000000000701cc t _Write_RAf16_SSE4_1
000000000000c074 t _Write_RAf16_vec
0000000000044486 t _Write_RGBA16_AVX
000000000006fe01 t _Write_RGBA16_SSE4_1
000000000000bca9 t _Write_RGBA16_vec
0000000000044213 t _Write_RGBA8_AVX
000000000006fb73 t _Write_RGBA8_SSE4_1
000000000000ba1b t _Write_RGBA8_vec
0000000000044ad5 t _Write_RGBAf16_AVX
00000000000704b1 t _Write_RGBAf16_SSE4_1
000000000000c359 t _Write_RGBAf16_vec
00000000000444ec t _Write_Rf16_AVX
000000000006fe67 t _Write_Rf16_SSE4_1
000000000000bd0f t _Write_Rf16_vec
                 U __NSConcreteGlobalBlock
                 U __NSConcreteStackBlock
                 U __Unwind_Resume
00000000000035f6 t __Z10PrintBlockPK9Block_4x4
0000000000001f72 t __Z17EncoderCheck_ASTCPK10CommonData
000000000000200b t __Z19EncoderFactory_ASTCPK10CommonDataPv
0000000000004ba9 t __Z48ATEncoderCompressTexels_TexelBufferIsNotReadablePK17at_texel_region_tj
0000000000004ba0 t __Z49ATEncoderCompressTexels_TexelBufferIsNotBigEnoughPKh
0000000000004c40 t __Z50ATEncoderDecompressTexels_TexelBufferIsNotWritablePK17at_texel_region_tj
0000000000004c37 t __Z64ATEncoderDecompressTexels_TexelBufferIsNotBigEnoughOrNotWritablePh
0000000000004bfc t __Z68ATEncoderCompressTexels_BlockBufferIsNotWritableOrIsNot16ByteAlignedPK17at_block_buffer_tPK9at_size_t
0000000000004c7d t __Z69ATEncoderDecompressTexels_BlockBufferIsNotBigEnoughOrNot16ByteAlignedPKDv2_m
0000000000004c86 t __Z70ATEncoderDecompressTexels_BlockBufferIsNotReadableOrIsNot16ByteAlignedPK17at_block_buffer_tPK9at_size_t
0000000000004bf0 t __Z88ATEncoderCompressTexels_BlockBufferIsNotBigEnoughOrRowBytesSliceBytesAreNotAMultipleOf16PDv2_m
0000000000009a5d t __ZL11fill_pixelsP9Block_4x4
0000000000042de9 t __ZL11fill_pixelsP9Block_4x4
000000000006dbb5 t __ZL11fill_pixelsP9Block_4x4
000000000000ac46 t __ZL11fill_pixelsP9Block_8x8
0000000000043806 t __ZL11fill_pixelsP9Block_8x8
000000000006ed9e t __ZL11fill_pixelsP9Block_8x8
00000000000f6f90 b __ZL11kWriteProcs
00000000000f70e0 b __ZL12kDecodeProcs.2
00000000000039f0 t __ZL12print_vectorPKcDv16_f
00000000000f6ef0 b __ZL13kReadProcs4x4
00000000000f6fe0 b __ZL13kReadProcs8x8
0000000000002ffe t __ZL14EncodeRowBlockPvm
00000000000f6f40 b __ZL14kAlphaProcs4x4
00000000000f7030 b __ZL14kAlphaProcs8x8
000000000003a509 t __ZL15FindWeights_4x4PK9Block_4x4PK16DualColorVectorsh
0000000000066453 t __ZL15FindWeights_4x4PK9Block_4x4PK16DualColorVectorsh
000000000009e0f1 t __ZL15FindWeights_4x4PK9Block_4x4PK16DualColorVectorsh
00000000000f70d0 b __ZL15kEncodeProcs4x4.2
00000000000f70f0 b __ZL15kEncodeProcs8x8.2
0000000000002ae6 t __ZL15memset_pattern1PvPKvm
0000000000002af3 t __ZL15memset_pattern2PvPKvm
000000000002a0b9 t __ZL16FindColorVectorsDv8_fPKDv4_fitP26SinglePartitionWeightsInfo
000000000005f77a t __ZL16FindColorVectorsDv8_fPKDv4_fitP26SinglePartitionWeightsInfo
000000000008dca3 t __ZL16FindColorVectorsDv8_fPKDv4_fitP26SinglePartitionWeightsInfo
00000000000f7080 b __ZL16kTexelAlphaProcs
00000000000f70f8 b __ZL17gCapabilitiesMask
00000000000042e4 t __ZL19FillBlockStorageRowPK10SliceStateP13Block_storageS3_S3_llPKvPml
00000000000ef380 s __ZL20VectorMaskForBitMaskh.kVectorMasks
00000000000f0ec0 s __ZL20VectorMaskForBitMaskh.kVectorMasks
00000000000f20c0 s __ZL20VectorMaskForBitMaskh.kVectorMasks
00000000000ef480 s __ZL20VectorMaskForBitMaskt.kVectorMasks
00000000000f0fc0 s __ZL20VectorMaskForBitMaskt.kVectorMasks
00000000000f21c0 s __ZL20VectorMaskForBitMaskt.kVectorMasks
00000000000ef580 s __ZL20VectorMaskForBitMaskyPDv8_i.kVectorMasks
00000000000f10c0 s __ZL20VectorMaskForBitMaskyPDv8_i.kVectorMasks
00000000000f22c0 s __ZL20VectorMaskForBitMaskyPDv8_i.kVectorMasks
0000000000032c2d t __ZL32EncodeStandardDualPartitionBlockPK9Block_4x4fP28DualPartitionBlockEncodeDataPK20DualPartitionPattern
0000000000061a14 t __ZL32EncodeStandardDualPartitionBlockPK9Block_4x4fP28DualPartitionBlockEncodeDataPK20DualPartitionPattern
0000000000096815 t __ZL32EncodeStandardDualPartitionBlockPK9Block_4x4fP28DualPartitionBlockEncodeDataPK20DualPartitionPattern
000000000003b1af t __ZL32EncodeStandardDualPartitionBlockPK9Block_8x8fP32DualPartitionBlockEncodeData_8x8Pys
0000000000066b5a t __ZL32EncodeStandardDualPartitionBlockPK9Block_8x8fP32DualPartitionBlockEncodeData_8x8Pys
000000000009ed97 t __ZL32EncodeStandardDualPartitionBlockPK9Block_8x8fP32DualPartitionBlockEncodeData_8x8Pys
0000000000003b5e t __ZL8my_meanvPKflPfm
0000000000003387 t __ZL9DecodeRowPvm
0000000000003ba7 t __ZL9EncodeRowPvmPh
000000000000497d t __ZL9ReadBlockPK10SliceStateP13Block_storagePKvPKmml
0000000000002034 t __ZN11ASTCEncoderC1ERK10CommonData
0000000000002048 t __ZN11ASTCEncoderC2ERK10CommonData
0000000000001e46 t __ZN11ASTCEncoderD0Ev
0000000000001e3c t __ZN11ASTCEncoderD1Ev
0000000000001e00 t __ZN11ASTCEncoderD2Ev
0000000000005a36 t __ZN11NULLEncoderD0Ev
0000000000005a30 t __ZN11NULLEncoderD1Ev
0000000000005c54 t __ZN9ATEncoderD0Ev
0000000000005c4e t __ZN9ATEncoderD1Ev
0000000000003b04 t __ZNK11ASTCEncoder12GetBlockSizeEv
0000000000002b1c t __ZNK11ASTCEncoder14CompressTexelsERK17at_texel_region_tRK17at_block_buffer_tf10at_flags_t
0000000000001f2e t __ZNK11ASTCEncoder14GetBlockCountsE9at_size_t
0000000000001e62 t __ZNK11ASTCEncoder14GetEncoderTypeEv
0000000000001f12 t __ZNK11ASTCEncoder16DebugDescriptionEPcm
00000000000030e2 t __ZNK11ASTCEncoder16DecompressTexelsERK17at_block_buffer_tRK17at_texel_region_t10at_flags_t
0000000000003af6 t __ZNK11ASTCEncoder18GetBlockDimensionsEv
0000000000003b34 t __ZNK11ASTCEncoder23IsCompressionMonolithicE10at_flags_t
0000000000003b56 t __ZNK11ASTCEncoder25IsDecompressionMonolithicE10at_flags_t
0000000000001ed0 t __ZNK11ASTCEncoder7GetHashEv
0000000000001e6e t __ZNK11ASTCEncodereqERK9ATEncoder
0000000000005a72 t __ZNK11NULLEncoder12GetBlockSizeEv
0000000000005a5e t __ZNK11NULLEncoder14GetBlockCountsE9at_size_t
0000000000005a40 t __ZNK11NULLEncoder14GetEncoderTypeEv
0000000000005a58 t __ZNK11NULLEncoder16DebugDescriptionEPcm
0000000000005a68 t __ZNK11NULLEncoder18GetBlockDimensionsEv
0000000000005a9c t __ZNK11NULLEncoder23IsCompressionMonolithicE10at_flags_t
0000000000005aa4 t __ZNK11NULLEncoder25IsDecompressionMonolithicE10at_flags_t
0000000000005a50 t __ZNK11NULLEncoder7GetHashEv
0000000000005a48 t __ZNK11NULLEncodereqERK9ATEncoder
0000000000005a8e t __ZNK9ATEncoder13GetBlockAlphaEv
0000000000003b24 t __ZNK9ATEncoder13GetTexelAlphaEv
0000000000005aac t __ZNK9ATEncoder14CompressTexelsERK17at_texel_region_tRK17at_block_buffer_tf10at_flags_t
0000000000005a7a t __ZNK9ATEncoder14GetBlockFormatEv
0000000000003b10 t __ZNK9ATEncoder14GetTexelFormatEv
0000000000005bea t __ZNK9ATEncoder15GetBlockAddressE9at_size_tS0_RK17at_block_buffer_t
0000000000005aba t __ZNK9ATEncoder16DecompressTexelsERK17at_block_buffer_tRK17at_texel_region_t10at_flags_t
                 U __ZSt9terminatev
00000000000f65e0 s __ZTI11ASTCEncoder
00000000000f6d60 d __ZTI11NULLEncoder
00000000000f67b0 s __ZTI9ATEncoder
                 U __ZTIi
00000000000af100 s __ZTS11ASTCEncoder
00000000000ef120 s __ZTS11NULLEncoder
00000000000ef12e s __ZTS9ATEncoder
00000000000f6520 s __ZTV11ASTCEncoder
00000000000f6cc0 d __ZTV11NULLEncoder
00000000000f6710 s __ZTV9ATEncoder
                 U __ZTVN10__cxxabiv117__class_type_infoE
                 U __ZTVN10__cxxabiv120__si_class_type_infoE
00000000000f6e40 b __ZZ22at_encoder_get_versionE7version
00000000000f6600 s __ZZ24ATEncoder_GetDescriptionE11kAlphaNames
00000000000f7100 b __ZZL22at_get_cpucapabilitiesvE13gCapabilities
00000000000f7108 b __ZZL22at_get_cpucapabilitiesvE9onceToken
00000000000f6ee0 b __ZZN11ASTCEncoderC1ERK10CommonDataE12once_control
00000000000af0f0 s __ZZNK11ASTCEncoder14CompressTexelsERK17at_texel_region_tRK17at_block_buffer_tf10at_flags_tE14kSRGBprimaries
                 U __ZdlPv
0000000000005a1e t ____ZL22at_get_cpucapabilitiesv_block_invoke
000000000000233c t ____ZN11ASTCEncoderC2ERK10CommonData_block_invoke
00000000000f65c0 s ___block_descriptor_tmp
00000000000f6620 s ___block_descriptor_tmp
00000000000f6640 s ___block_literal_global
                 U ___bzero
0000000000001e30 t ___clang_call_terminate
                 U ___cxa_allocate_exception
                 U ___cxa_begin_catch
                 U ___cxa_call_unexpected
                 U ___cxa_end_catch
                 U ___cxa_pure_virtual
                 U ___cxa_throw
                 U ___gxx_personality_v0
                 U ___stack_chk_fail
                 U ___stack_chk_guard
                 U ___stderrp
                 U __get_cpu_capabilities
                 U __objc_empty_cache
                 U __os_object_alloc
00000000000f7110 s __vDSP_meanv
0000000000001861 t _allocatePartitionTables2D
00000000000a366b T _at_block_format_to_MTLPixelFormat
00000000000f24d0 s _at_block_format_to_MTLPixelFormat.BlockFormatConversionTable
0000000000004ccf T _at_encoder_compress_texels
00000000000054f8 T _at_encoder_create
0000000000005122 T _at_encoder_decompress_texels
00000000000054cb T _at_encoder_get_block_address
0000000000005495 T _at_encoder_get_block_alpha
0000000000005432 T _at_encoder_get_block_counts
0000000000005445 T _at_encoder_get_block_dimensions
0000000000005475 T _at_encoder_get_block_format
0000000000005455 T _at_encoder_get_block_size
0000000000005485 T _at_encoder_get_texel_alpha
0000000000005465 T _at_encoder_get_texel_format
0000000000001460 T _at_encoder_get_version
00000000000054a5 T _at_encoder_is_compression_monolithic
00000000000054b8 T _at_encoder_is_decompression_monolithic
00000000000054de T _at_encoder_set_capabilities_mask
00000000000a3651 T _at_texel_format_to_MTLPixelFormat
00000000000f24a0 s _at_texel_format_to_MTLPixelFormat.TexelFormatConversionTable
                 U _calloc
                 U _dispatch_apply_f
                 U _dispatch_get_global_queue
                 U _dispatch_once
                 U _dladdr
                 U _dlopen
                 U _dlsym
                 U _fprintf
                 U _free
0000000000001893 t _freePartitionTables2D
                 U _fwrite
00000000000ef1c0 s _gNormalMasks
00000000000f0d10 s _gNormalMasks
00000000000f1f10 s _gNormalMasks
00000000000f3020 s _getColorBitsTritsQuints.kColorBits
00000000000f3080 s _getColorBitsTritsQuints.kColorQuints
00000000000f30e0 s _getColorBitsTritsQuints.kColorTrits
00000000000f3140 s _getColorBitsTritsQuints.kUnquantizedColorRanges
000000000000152b t _getPartitionTable
00000000000f6e50 b _getPartitionTable.kZeros
00000000000a5f20 s _kDualLineDualWeightIndexTable
00000000000af040 s _kDualLineDualWeightTable
00000000000a5ed0 s _kDualLineSingleWeightIndexTable
00000000000aefe0 s _kDualLineSingleWeightTable
00000000000a5f70 s _kDualPartitionPatterns
00000000000af110 s _kDualPatternList
00000000000a5df0 s _kSingleLineDualWeightIndexTable
00000000000a5de0 s _kSingleLineDualWeightIndexTableCount
00000000000a5db0 s _kSingleLineDualWeightTable
00000000000a5c90 s _kSingleLineSingleWeightIndexTable
00000000000a5c80 s _kSingleLineSingleWeightIndexTableCount
00000000000a5c40 s _kSingleWeightsInfoTable
                 U _malloc
                 U _memcpy
                 U _memset
                 U _memset_pattern16
                 U _memset_pattern4
                 U _memset_pattern8
                 U _objc_lookUpClass
                 U _objc_msgSend
                 U _objc_msgSendSuper2
                 U _os_release
                 U _posix_memalign
                 U _printf
                 U _pthread_get_stackaddr_np
                 U _pthread_get_stacksize_np
                 U _pthread_self
                 U _puts
                 U _qos_class_self
00000000000f2e60 s _quintsTable
                 U _snprintf
00000000000f2960 s _tritsTable
00000000000a6680 s _uniformBlueNoise
00000000000f31a0 s _unquantizedColorTable
00000000000f26b0 s _unquantizedWeightTable
                 U dyld_stub_binder
