0000000000015720 s _FSE_mask_lsb64.mtable
0000000000015a00 s _FSE_mask_lsb64.mtable
000000000000fcd0 s _LZ4_WORK_SIZE
                 U __NSConcreteGlobalBlock
0000000000003956 t ____ZL18FSE_normalize_freqiiP20fse_occurrence_entryPt_block_invoke
000000000000bdae t ____ZL18FSE_normalize_freqiiP20fse_occurrence_entryPt_block_invoke
0000000000016910 s ___block_descriptor_tmp
0000000000017180 s ___block_descriptor_tmp
0000000000016930 s ___block_literal_global
00000000000171a0 s ___block_literal_global
                 U ___bzero
                 U ___stack_chk_fail
                 U ___stack_chk_guard
                 U ___stderrp
0000000000013ea0 s __dist_code
00000000000140a0 s __length_code
00000000000084cb t __tr_align
000000000000871e t __tr_flush_block
0000000000008290 t __tr_init
000000000000837e t __tr_stored_block
0000000000009639 t __tr_tally
0000000000002eb5 t _adler32
00000000000031f8 t _adler32_combine
00000000000032d9 t _adler32_combine64
0000000000003202 t _adler32_combine_
0000000000014890 s _base_dist
0000000000014810 s _base_length
0000000000008693 t _bi_flush
00000000000095da t _bi_windup
00000000000147f0 s _bl_order
000000000000fd60 s _breverse.brev8
0000000000008c76 t _build_tree
                 U _calloc
0000000000009192 t _compress_block
000000000000775a T _compression_decode_buffer
0000000000007494 T _compression_decode_scratch_buffer_size
0000000000007587 T _compression_encode_buffer
0000000000007510 T _compression_encode_scratch_buffer_size
0000000000003461 T _compression_stream_build_shared_dict
00000000000033c5 T _compression_stream_destroy
0000000000003523 T _compression_stream_get_state_size
00000000000034b8 T _compression_stream_identify_algorithm
00000000000032e3 T _compression_stream_init
0000000000003480 T _compression_stream_init_with_options
0000000000003573 T _compression_stream_is_state_valid
000000000000343b T _compression_stream_op_data_size
000000000000334f T _compression_stream_process
00000000000171c0 s _configuration_table
0000000000015e20 s _copy_pattern.good_bytes
0000000000015c20 s _copy_pattern.permutation
000000000000794c t _crc32
0000000000007be2 t _crc32_combine
0000000000007ddc t _crc32_combine64
0000000000007bec t _crc32_combine_
000000000000fea0 s _crc_table
000000000000e6f7 t _debug_verify_offsets
000000000000c523 t _deflate
000000000000d3cd t _deflateBound
000000000000d53b t _deflateCopy
000000000000c07d t _deflateEnd
000000000000bdf6 t _deflateInit2_
000000000000bdc8 t _deflateInit_
000000000000c43b t _deflateParams
000000000000c402 t _deflatePrime
000000000000c14c t _deflateReset
000000000000c2ae t _deflateSetDictionary
000000000000c3dd t _deflateSetHeader
000000000000d399 t _deflateTune
0000000000015970 s _deflate_copyright
000000000000d8c6 t _deflate_fast
000000000000dc75 t _deflate_slow
000000000000d702 t _deflate_stored
0000000000004b9f t _emitMatch
00000000000147a0 s _extra_blbits
0000000000014720 s _extra_dbits
00000000000146a0 s _extra_lbits
000000000000e120 t _fill_window
000000000000d4d6 t _flush_pending
                 U _free
                 U _fwrite
0000000000015620 s _getDSymbolFromValue.sym
0000000000006698 t _getDecoderTable
0000000000014ba0 s _getLSymbolFromValue.sym
0000000000014ce0 s _getMSymbolFromValue.sym
000000000000793f t _get_crc_table
000000000000830b t _init_block
00000000000149c0 s _kDSymbolVBase
00000000000173e0 d _kDSymbolVBase
0000000000014980 s _kDSymbolVBits
00000000000173a0 d _kDSymbolVBits
0000000000014b50 s _kLSymbolVBase
00000000000172e0 d _kLSymbolVBase
0000000000014b30 s _kLSymbolVBits
00000000000172c0 d _kLSymbolVBits
0000000000014ae0 s _kMSymbolVBase
0000000000017350 d _kMSymbolVBase
0000000000014ac0 s _kMSymbolVBits
0000000000017330 d _kMSymbolVBits
000000000000e361 t _longest_match
000000000000418b t _lz4_decode
0000000000007e00 t _lz4_decode_asm
0000000000003f9e t _lz4_decode_buffer
0000000000001544 t _lz4_encode_2gb
0000000000001379 t _lz4_encode_buffer
0000000000005898 t _lz4_stream_end
00000000000058d0 t _lz4_stream_get_state_size
00000000000058a9 t _lz4_stream_identify_algorithm
00000000000050c4 t _lz4_stream_init
0000000000005154 t _lz4_stream_process
0000000000003a5a t _lz4raw_decode_buffer
0000000000003970 t _lz4raw_encode_buffer
000000000000fc88 s _lz4raw_encode_buffer.HASH_FILL
000000000000a734 t _lzfseBackendMatch
000000000000e6fd t _lzfseDecode
00000000000159c0 s _lzfseDecodeV1FreqValue.lzfse_freq_nbits_table
00000000000159e0 s _lzfseDecodeV1FreqValue.lzfse_freq_value_table
000000000000a2be t _lzfseEncodeBase
000000000000a775 t _lzfseEncodeFinish
000000000000a1cf t _lzfseEncodeInitState
000000000000abba t _lzfseEncodeMatches
000000000000a219 t _lzfseEncodeTranslateState
000000000000a82a t _lzfsePushMatch
0000000000003be4 t _lzfseStreamDecode
0000000000003af1 t _lzfseStreamDecodeInit
0000000000003ae6 t _lzfseStreamDecodeStateSize
0000000000007035 t _lzfseStreamEncode
0000000000006f30 t _lzfseStreamEncodeInit
0000000000006f25 t _lzfseStreamEncodeStateSize
0000000000009e24 t _lzfse_decode_buffer
0000000000009e19 t _lzfse_decode_scratch_size
0000000000006ccf t _lzfse_encode_buffer
0000000000006cb5 t _lzfse_encode_scratch_size
0000000000009e0e t _lzfse_small_blocks_decode_scratch_size
0000000000003692 t _lzfse_stream_build_shared_dict
0000000000003652 t _lzfse_stream_end
000000000000392f t _lzfse_stream_get_state_size
0000000000003908 t _lzfse_stream_identify_algorithm
0000000000003594 t _lzfse_stream_init
0000000000003683 t _lzfse_stream_init_with_options
00000000000035a9 t _lzfse_stream_init_with_options_internal
0000000000003663 t _lzfse_stream_op_data_size
000000000000362c t _lzfse_stream_process
                 U _lzma_auto_decoder
                 U _lzma_code
0000000000003ee8 t _lzma_decode_buffer
0000000000003ee0 t _lzma_decode_scratch_size
                 U _lzma_easy_buffer_encode
                 U _lzma_easy_encoder
0000000000003f53 t _lzma_encode_buffer
0000000000003f4b t _lzma_encode_scratch_size
                 U _lzma_end
                 U _lzma_stream_buffer_decode
000000000000e6bd t _lzma_stream_end
000000000000e6e5 t _lzma_stream_identify_algorithm
00000000000159b4 s _lzma_stream_identify_algorithm.XZ_HEADER_MAGIC
000000000000e590 t _lzma_stream_init
000000000000e62a t _lzma_stream_process
0000000000000831 t _lzvnDecode
0000000000016110 s _lzvnDecode.opc_tbl
0000000000004355 t _lzvnEncode
0000000000001b2c t _lzvnStreamDecode
0000000000001a81 t _lzvnStreamDecodeInit
000000000000277d t _lzvnStreamEncode
00000000000026a3 t _lzvnStreamEncodeInit
0000000000016980 s _lzvn_decode.opcode_table
0000000000009f00 t _lzvn_decode_buffer
0000000000001a79 t _lzvn_decode_scratch_size
0000000000004e1a t _lzvn_encode_buffer
0000000000004e4b t _lzvn_encode_partial
0000000000004e0f t _lzvn_encode_scratch_size
0000000000003ea0 t _lzvn_stream_end
0000000000003eb1 t _lzvn_stream_identify_algorithm
0000000000003e5a t _lzvn_stream_init
0000000000003e7a t _lzvn_stream_process
0000000000001d5f t _lzx_decode_buffer
0000000000001cff t _lzx_decode_scratch_size
00000000000007e9 t _lzx_decoder_init
0000000000001d0a t _lzx_e8_translation
00000000000012c6 t _lzx_huffman_create_pre_tree
0000000000000cb3 t _lzx_huffman_tree_compute_lookup_from_code_len
0000000000000ea4 t _lzx_huffman_tree_read_code
0000000000000f8c t _lzx_huffman_tree_update_tree_using_pre_tree_encoding
                 U _malloc
                 U _memcpy
                 U _memmove
                 U _memset
                 U _memset_pattern16
                 U _memset_pattern8
                 U _memset_s
000000000000fbf0 s _position_slot_base_position
000000000000fb70 s _position_slot_extra_bits
00000000000096cc t _pqdownheap
                 U _qsort_b
00000000000097ba t _scan_tree
00000000000098aa t _send_tree
00000000000172a0 d _static_bl_desc
0000000000017280 d _static_d_desc
0000000000014620 s _static_dtree
0000000000017260 d _static_l_desc
00000000000141a0 s _static_ltree
0000000000000798 t _zError
00000000000160c0 s _z_errmsg
00000000000007b2 t _zcalloc
00000000000007dc t _zcfree
000000000000078d t _zlibCompileFlags
0000000000005b30 t _zlibDecodeBuffer
000000000000fd20 s _zlibDecodeBuffer.distance_base
000000000000fce0 s _zlibDecodeBuffer.litlen_base
0000000000005a58 t _zlibDecodeStateInit
0000000000000780 t _zlibVersion
0000000000005a6e t _zlib_decode_buffer
0000000000005a4d t _zlib_decode_scratch_size
000000000000699f t _zlib_decode_stream_process
00000000000058e7 t _zlib_encode_buffer
00000000000058dc t _zlib_encode_scratch_size
00000000000068d3 t _zlib_encode_stream_process
00000000000050bc t _zlib_free
0000000000005096 t _zlib_malloc
0000000000006c55 t _zlib_stream_end
0000000000006c9d t _zlib_stream_get_state_size
0000000000006c95 t _zlib_stream_identify_algorithm
000000000000680d t _zlib_stream_init
0000000000006c2f t _zlib_stream_process
                 U dyld_stub_binder
