                 U __DefaultRuneLocale
                 U __NSGetEnviron
                 U __NSGetExecutablePath
                 U __ZNKSt3__110error_code7messageEv
                 U __ZNKSt3__112basic_stringIcNS_11char_traitsIcEENS_9allocatorIcEEE4findEcm
                 U __ZNKSt3__112basic_stringIcNS_11char_traitsIcEENS_9allocatorIcEEE7compareEPKc
                 U __ZNKSt3__119__shared_weak_count13__get_deleterERKSt9type_info
                 U __ZNKSt3__120__vector_base_commonILb1EE20__throw_length_errorEv
                 U __ZNKSt3__121__basic_string_commonILb1EE20__throw_length_errorEv
                 U __ZNSt3__112basic_stringIcNS_11char_traitsIcEENS_9allocatorIcEEE5eraseEmm
                 U __ZNSt3__112basic_stringIcNS_11char_traitsIcEENS_9allocatorIcEEE6__initEPKcm
                 U __ZNSt3__112basic_stringIcNS_11char_traitsIcEENS_9allocatorIcEEE6__initEPKcmm
                 U __ZNSt3__112basic_stringIcNS_11char_traitsIcEENS_9allocatorIcEEE6__initEmc
                 U __ZNSt3__112basic_stringIcNS_11char_traitsIcEENS_9allocatorIcEEE6appendEPKc
                 U __ZNSt3__112basic_stringIcNS_11char_traitsIcEENS_9allocatorIcEEE6appendEPKcm
                 U __ZNSt3__112basic_stringIcNS_11char_traitsIcEENS_9allocatorIcEEE6assignEPKc
                 U __ZNSt3__112basic_stringIcNS_11char_traitsIcEENS_9allocatorIcEEE6insertENS_11__wrap_iterIPKcEEc
                 U __ZNSt3__112basic_stringIcNS_11char_traitsIcEENS_9allocatorIcEEE6insertEmPKc
                 U __ZNSt3__112basic_stringIcNS_11char_traitsIcEENS_9allocatorIcEEE6resizeEmc
                 U __ZNSt3__112basic_stringIcNS_11char_traitsIcEENS_9allocatorIcEEE7replaceEmmPKc
                 U __ZNSt3__112basic_stringIcNS_11char_traitsIcEENS_9allocatorIcEEE7reserveEm
                 U __ZNSt3__112basic_stringIcNS_11char_traitsIcEENS_9allocatorIcEEE9__grow_byEmmmmmm
                 U __ZNSt3__112basic_stringIcNS_11char_traitsIcEENS_9allocatorIcEEE9push_backEc
                 U __ZNSt3__112basic_stringIcNS_11char_traitsIcEENS_9allocatorIcEEEC1ERKS5_
                 U __ZNSt3__112basic_stringIcNS_11char_traitsIcEENS_9allocatorIcEEEC1ERKS5_mmRKS4_
                 U __ZNSt3__112basic_stringIcNS_11char_traitsIcEENS_9allocatorIcEEED1Ev
                 U __ZNSt3__112basic_stringIcNS_11char_traitsIcEENS_9allocatorIcEEEaSERKS5_
                 U __ZNSt3__113basic_ostreamIcNS_11char_traitsIcEEED0Ev
                 U __ZNSt3__113basic_ostreamIcNS_11char_traitsIcEEED1Ev
                 U __ZNSt3__113basic_ostreamIcNS_11char_traitsIcEEED2Ev
                 U __ZNSt3__113basic_ostreamIcNS_11char_traitsIcEEElsEd
                 U __ZNSt3__115basic_streambufIcNS_11char_traitsIcEEE4syncEv
                 U __ZNSt3__115basic_streambufIcNS_11char_traitsIcEEE5imbueERKNS_6localeE
                 U __ZNSt3__115basic_streambufIcNS_11char_traitsIcEEE5uflowEv
                 U __ZNSt3__115basic_streambufIcNS_11char_traitsIcEEE6setbufEPcl
                 U __ZNSt3__115basic_streambufIcNS_11char_traitsIcEEE6xsgetnEPcl
                 U __ZNSt3__115basic_streambufIcNS_11char_traitsIcEEE6xsputnEPKcl
                 U __ZNSt3__115basic_streambufIcNS_11char_traitsIcEEE9showmanycEv
                 U __ZNSt3__115basic_streambufIcNS_11char_traitsIcEEEC2Ev
                 U __ZNSt3__115basic_streambufIcNS_11char_traitsIcEEED2Ev
                 U __ZNSt3__115system_categoryEv
                 U __ZNSt3__116generic_categoryEv
                 U __ZNSt3__119__shared_weak_count12__add_sharedEv
                 U __ZNSt3__119__shared_weak_count16__release_sharedEv
                 U __ZNSt3__119__shared_weak_countD2Ev
                 U __ZNSt3__14stodERKNS_12basic_stringIcNS_11char_traitsIcEENS_9allocatorIcEEEEPm
                 U __ZNSt3__14stofERKNS_12basic_stringIcNS_11char_traitsIcEENS_9allocatorIcEEEEPm
                 U __ZNSt3__14stoiERKNS_12basic_stringIcNS_11char_traitsIcEENS_9allocatorIcEEEEPmi
                 U __ZNSt3__18ios_base4initEPv
                 U __ZNSt3__19basic_iosIcNS_11char_traitsIcEEED2Ev
                 U __ZNSt3__19to_stringEj
                 U __ZSt7nothrow
                 U __ZTINSt3__113basic_ostreamIcNS_11char_traitsIcEEEE
                 U __ZTINSt3__115basic_streambufIcNS_11char_traitsIcEEEE
                 U __ZTINSt3__119__shared_weak_countE
                 U __ZTVN10__cxxabiv117__class_type_infoE
                 U __ZTVN10__cxxabiv119__pointer_type_infoE
                 U __ZTVN10__cxxabiv120__function_type_infoE
                 U __ZTVN10__cxxabiv120__si_class_type_infoE
                 U __ZTVN10__cxxabiv121__vmi_class_type_infoE
                 U __ZTv0_n24_NSt3__113basic_ostreamIcNS_11char_traitsIcEEED0Ev
                 U __ZTv0_n24_NSt3__113basic_ostreamIcNS_11char_traitsIcEEED1Ev
                 U ___bzero
                 U ___cxa_atexit
                 U ___cxa_demangle
                 U ___cxa_guard_acquire
                 U ___cxa_guard_release
                 U ___cxa_pure_virtual
                 U ___error
                 U ___maskrune
                 U ___snprintf_chk
                 U ___stack_chk_fail
                 U ___stack_chk_guard
                 U ___stderrp
                 U ___tolower
                 U ___toupper
                 U __exit
                 U __tlv_atexit
                 U __tlv_bootstrap
                 U _abort
                 U _access
                 U _acosf
                 U _acoshf
                 U _alarm
                 U _arc4random
                 U _asctime
                 U _asinf
                 U _asinhf
                 U _atanf
                 U _atanhf
                 U _atoi
                 U _backtrace
                 U _calloc
                 U _close
                 U _closedir
                 U _confstr
                 U _cosf
                 U _coshf
                 U _dladdr
                 U _dup2
                 U _execv
                 U _execve
                 U _exit
                 U _exp2f
                 U _expf
                 U _fmodf
                 U _fork
000000000000a860 T _fosl_addPrelude
000000000000c6c0 T _fosl_astPrint
000000000000c800 T _fosl_astPrintReachable
000000000000b220 T _fosl_codeComplete
000000000000b3c0 T _fosl_codeCompleteLineColumn
000000000000a260 T _fosl_createParser
000000000000a460 T _fosl_destroyParser
00000000000d4640 T _fosl_filter_addChild
00000000000d45e0 T _fosl_filter_addLibraryFunction
00000000000d45d0 T _fosl_filter_assignRoot
00000000000d47d0 T _fosl_filter_createConstant
00000000000d4cd0 T _fosl_filter_createCoordinateTransform
00000000000d44d0 T _fosl_filter_createGraph
00000000000d4720 T _fosl_filter_createImage
00000000000d4660 T _fosl_filter_createKernel
00000000000d4aa0 T _fosl_filter_createPositionUpdate
00000000000d4e70 T _fosl_filter_createReadPixel
00000000000d4c00 T _fosl_filter_createSampleTransform
00000000000d49d0 T _fosl_filter_createTransformMatrix
00000000000d48f0 T _fosl_filter_createUniform
00000000000d4b50 T _fosl_filter_createUsePosition
00000000000d4540 T _fosl_filter_destroyGraph
00000000000d4e10 T _fosl_filter_dumpGraph
00000000000d4e30 T _fosl_filter_getStringForGraph
00000000000d4e50 T _fosl_filter_getStringForGraphWithOptions
00000000000d40a0 T _fosl_filter_kernelpool_addLibrary
00000000000d40d0 T _fosl_filter_kernelpool_addString
00000000000d4010 T _fosl_filter_kernelpool_createPool
00000000000d4100 T _fosl_filter_kernelpool_destroyPool
00000000000d4470 T _fosl_filter_kernelpool_getAttributeKeyword
00000000000d4490 T _fosl_filter_kernelpool_getAttributeParameters
00000000000d4240 T _fosl_filter_kernelpool_getDiagnosticByIdx
00000000000d4220 T _fosl_filter_kernelpool_getKernelByIdx
00000000000d4280 T _fosl_filter_kernelpool_getKernelDimensionality
00000000000d4250 T _fosl_filter_kernelpool_getKernelKind
00000000000d4260 T _fosl_filter_kernelpool_getKernelName
00000000000d41a0 T _fosl_filter_kernelpool_getNumDiagnostics
00000000000d4450 T _fosl_filter_kernelpool_getNumKernelAttributes
00000000000d42d0 T _fosl_filter_kernelpool_getNumKernelParameters
00000000000d4180 T _fosl_filter_kernelpool_getNumKernels
00000000000d42e0 T _fosl_filter_kernelpool_getParamName
00000000000d4300 T _fosl_filter_kernelpool_getParamType
00000000000d4270 T _fosl_filter_kernelpool_getPrintedKernel
00000000000d44b0 T _fosl_filter_kernelpool_hasAttributeParameters
00000000000d4090 T _fosl_filter_kernelpool_hasError
00000000000d42b0 T _fosl_filter_kernelpool_isPositionInvariant
00000000000d41b0 T _fosl_filter_kernelpool_lookupKernel
00000000000d42c0 T _fosl_filter_kernelpool_preservesAlpha
00000000000d4dc0 T _fosl_filter_parseNodesInGraph
00000000000d4e20 T _fosl_filter_printGraph
00000000000d4db0 T _fosl_filter_setPositionUpdateContinuation
00000000000d4da0 T _fosl_filter_setPositionUpdatePosition
00000000000d4dd0 T _fosl_filter_synthesizeMainInGraph
00000000000d4df0 T _fosl_filter_synthesizeMainInGraphOfType
00000000000d4e00 T _fosl_filter_synthesizeMainInGraphOfTypeWithOptions
0000000000009cf0 T _fosl_frontend_parseFile
0000000000009f40 T _fosl_frontend_parseString
000000000000b420 T _fosl_getDiagnostics
000000000000b3f0 T _fosl_getNumDiagnostics
000000000000c280 T _fosl_getSpecializedUniforms
000000000000c390 T _fosl_getUsedUniforms
000000000000a8c0 T _fosl_parseShader
000000000000b8d0 T _fosl_removeSpecialization
000000000000a6a0 T _fosl_setPrimarySource
000000000000a690 T _fosl_setStage
000000000000bac0 T _fosl_specializeBool
000000000000bf40 T _fosl_specializeBoolVector
000000000000b900 T _fosl_specializeFloat
000000000000c0e0 T _fosl_specializeFloatMatrix
000000000000bb50 T _fosl_specializeFloatVector
000000000000b9a0 T _fosl_specializeInt
000000000000bca0 T _fosl_specializeIntVector
000000000000ba30 T _fosl_specializeUInt
000000000000bdf0 T _fosl_specializeUIntVector
                 U _fprintf
                 U _fputc
                 U _fputs
                 U _free
                 U _fstat$INODE64
                 U _ftruncate
                 U _futimes
                 U _fwrite
                 U _getcwd
                 U _getenv
                 U _getpagesize
                 U _getpid
                 U _getrlimit
                 U _getrusage
                 U _gettimeofday
                 U _ioctl
                 U _isatty
                 U _kill
                 U _localtime
                 U _localtime_r
                 U _log2f
                 U _logf
                 U _lseek
                 U _lstat$INODE64
                 U _mach_task_self_
                 U _malloc
                 U _malloc_default_zone
                 U _malloc_zone_statistics
                 U _memchr
                 U _memcmp
                 U _memcpy
                 U _memmove
                 U _memset
                 U _mkdir
                 U _mmap
                 U _munmap
                 U _open
                 U _opendir$INODE64
                 U _posix_spawn
                 U _posix_spawn_file_actions_adddup2
                 U _posix_spawn_file_actions_addopen
                 U _posix_spawn_file_actions_destroy
                 U _posix_spawn_file_actions_init
                 U _powf
                 U _pread
                 U _pthread_attr_destroy
                 U _pthread_attr_init
                 U _pthread_attr_setstacksize
                 U _pthread_create
                 U _pthread_join
                 U _pthread_mutex_destroy
                 U _pthread_mutex_init
                 U _pthread_mutex_lock
                 U _pthread_mutex_trylock
                 U _pthread_mutex_unlock
                 U _pthread_mutexattr_destroy
                 U _pthread_mutexattr_init
                 U _pthread_mutexattr_settype
                 U _qsort
                 U _raise
                 U _read
                 U _readdir$INODE64
                 U _realloc
                 U _realpath$DARWIN_EXTSN
                 U _remove
                 U _rename
                 U _roundf
                 U _setrlimit
                 U _sigaction
                 U _signal
                 U _sigprocmask
                 U _sinf
                 U _sinhf
                 U _snprintf
                 U _stat$INODE64
                 U _strchr
                 U _strcmp
                 U _strdup
                 U _strerror_r
                 U _strftime
                 U _strlen
                 U _strncmp
                 U _strpbrk
                 U _strrchr
                 U _strsignal
                 U _strstr
                 U _strtod
                 U _strtof
                 U _strtol
                 U _symlink
                 U _sysconf
                 U _tanf
                 U _tanhf
                 U _task_get_exception_ports
                 U _task_set_exception_ports
                 U _time
                 U _truncate
                 U _uname
                 U _unlink
                 U _wait
                 U _waitpid
                 U _write
                 U _writev
                 U dyld_stub_binder
