0000000000029865 S $ld$hide$os10.0$_OBJC_CLASS_$_NSObject
0000000000029867 S $ld$hide$os10.0$_OBJC_IVAR_$_NSObject.isa
0000000000029866 S $ld$hide$os10.0$_OBJC_METACLASS_$_NSObject
0000000000029862 S $ld$hide$os10.1$_OBJC_CLASS_$_NSObject
0000000000029864 S $ld$hide$os10.1$_OBJC_IVAR_$_NSObject.isa
0000000000029863 S $ld$hide$os10.1$_OBJC_METACLASS_$_NSObject
000000000002985f S $ld$hide$os10.2$_OBJC_CLASS_$_NSObject
0000000000029861 S $ld$hide$os10.2$_OBJC_IVAR_$_NSObject.isa
0000000000029860 S $ld$hide$os10.2$_OBJC_METACLASS_$_NSObject
000000000002985c S $ld$hide$os10.3$_OBJC_CLASS_$_NSObject
000000000002985e S $ld$hide$os10.3$_OBJC_IVAR_$_NSObject.isa
000000000002985d S $ld$hide$os10.3$_OBJC_METACLASS_$_NSObject
0000000000029859 S $ld$hide$os10.4$_OBJC_CLASS_$_NSObject
000000000002985b S $ld$hide$os10.4$_OBJC_IVAR_$_NSObject.isa
000000000002985a S $ld$hide$os10.4$_OBJC_METACLASS_$_NSObject
0000000000029856 S $ld$hide$os10.5$_OBJC_CLASS_$_NSObject
0000000000029858 S $ld$hide$os10.5$_OBJC_IVAR_$_NSObject.isa
0000000000029857 S $ld$hide$os10.5$_OBJC_METACLASS_$_NSObject
0000000000029853 S $ld$hide$os10.6$_OBJC_CLASS_$_NSObject
0000000000029855 S $ld$hide$os10.6$_OBJC_IVAR_$_NSObject.isa
0000000000029854 S $ld$hide$os10.6$_OBJC_METACLASS_$_NSObject
0000000000029850 S $ld$hide$os10.7$_OBJC_CLASS_$_NSObject
0000000000029852 S $ld$hide$os10.7$_OBJC_IVAR_$_NSObject.isa
0000000000029851 S $ld$hide$os10.7$_OBJC_METACLASS_$_NSObject
0000000000020cde t +[NSObject _isDeallocating]
0000000000020cca t +[NSObject _tryRetain]
000000000000ad17 t +[NSObject allocWithZone:]
000000000000a752 t +[NSObject alloc]
0000000000013573 t +[NSObject allowsWeakReference]
000000000000f3a6 t +[NSObject autorelease]
000000000000b38d t +[NSObject class]
000000000000e122 t +[NSObject conformsToProtocol:]
000000000001183f t +[NSObject copyWithZone:]
0000000000020d0b t +[NSObject copy]
0000000000020cfa t +[NSObject dealloc]
0000000000020ca5 t +[NSObject debugDescription]
0000000000020c9f t +[NSObject description]
0000000000020b29 t +[NSObject doesNotRecognizeSelector:]
0000000000020c25 t +[NSObject forwardInvocation:]
0000000000020c99 t +[NSObject forwardingTargetForSelector:]
000000000000deb5 t +[NSObject hash]
0000000000020cf2 t +[NSObject init]
0000000000008724 t +[NSObject initialize]
000000000000d71d t +[NSObject instanceMethodForSelector:]
0000000000020bef t +[NSObject instanceMethodSignatureForSelector:]
0000000000012969 t +[NSObject instancesRespondToSelector:]
0000000000013241 t +[NSObject isAncestorOfObject:]
000000000000debd t +[NSObject isEqual:]
0000000000020b11 t +[NSObject isFault]
000000000000e0f4 t +[NSObject isKindOfClass:]
00000000000151b1 t +[NSObject isMemberOfClass:]
0000000000020b17 t +[NSObject isProxy]
000000000000d757 t +[NSObject isSubclassOfClass:]
0000000000009b23 t +[NSObject load]
0000000000010e0f t +[NSObject methodForSelector:]
0000000000020c01 t +[NSObject methodSignatureForSelector:]
0000000000020d15 t +[NSObject mutableCopyWithZone:]
0000000000020d11 t +[NSObject mutableCopy]
000000000000aedd t +[NSObject new]
000000000000fa9d t +[NSObject performSelector:]
000000000001499f t +[NSObject performSelector:withObject:]
0000000000020ba0 t +[NSObject performSelector:withObject:withObject:]
000000000000d665 t +[NSObject release]
000000000000cd43 t +[NSObject resolveClassMethod:]
000000000000c756 t +[NSObject resolveInstanceMethod:]
000000000000d623 t +[NSObject respondsToSelector:]
0000000000020ce9 t +[NSObject retainCount]
00000000000145d9 t +[NSObject retainWeakReference]
000000000000b440 t +[NSObject retain]
000000000000a7c5 t +[NSObject self]
000000000000ec66 t +[NSObject superclass]
0000000000011821 t +[NSObject zone]
000000000001c8cb t +[Object autorelease]
000000000001c8b3 t +[Object class]
000000000001c8af t +[Object initialize]
000000000001c8ca t +[Object release]
000000000001c8c6 t +[Object retain]
0000000000009b25 t +[Protocol load]
0000000000009b24 t +[__IncompleteProtocol load]
0000000000020af9 t +[__NSUnrecognizedTaggedPointer load]
0000000000010581 t -[NSObject _isDeallocating]
0000000000012810 t -[NSObject _tryRetain]
000000000001055f t -[NSObject allowsWeakReference]
000000000000b44a t -[NSObject autorelease]
000000000000b561 t -[NSObject class]
000000000000cd5f t -[NSObject conformsToProtocol:]
000000000000b523 t -[NSObject copy]
0000000000008fcb t -[NSObject dealloc]
0000000000020cb1 t -[NSObject debugDescription]
0000000000020ca2 t -[NSObject description]
0000000000020b63 t -[NSObject doesNotRecognizeSelector:]
0000000000020d00 t -[NSObject finalize]
0000000000020c5f t -[NSObject forwardInvocation:]
000000000000e0ec t -[NSObject forwardingTargetForSelector:]
000000000000c019 t -[NSObject hash]
000000000000ad46 t -[NSObject init]
000000000000b537 t -[NSObject isEqual:]
00000000000149f4 t -[NSObject isFault]
000000000000bc02 t -[NSObject isKindOfClass:]
000000000000cd0f t -[NSObject isMemberOfClass:]
000000000001323a t -[NSObject isProxy]
000000000000d691 t -[NSObject methodForSelector:]
0000000000020c13 t -[NSObject methodSignatureForSelector:]
000000000000b549 t -[NSObject mutableCopy]
000000000000ee36 t -[NSObject performSelector:]
000000000000f0e8 t -[NSObject performSelector:withObject:]
00000000000116c9 t -[NSObject performSelector:withObject:withObject:]
000000000000b1f6 t -[NSObject release]
000000000000c3c7 t -[NSObject respondsToSelector:]
00000000000126d1 t -[NSObject retainCount]
0000000000011829 t -[NSObject retainWeakReference]
0000000000008ee4 t -[NSObject retain]
000000000000c3b9 t -[NSObject self]
000000000001321b t -[NSObject superclass]
000000000000cd56 t -[NSObject zone]
000000000001c8c1 t -[Object autorelease]
000000000001c8bc t -[Object release]
000000000001c8b7 t -[Object retain]
000000000001c8cf t -[Protocol conformsTo:]
000000000001c8ff t -[Protocol descriptionForClassMethod:]
000000000001c8d7 t -[Protocol descriptionForInstanceMethod:]
000000000001c989 t -[Protocol hash]
000000000001c929 t -[Protocol isEqual:]
000000000001c924 t -[Protocol name]
0000000000020aff t -[__NSUnrecognizedTaggedPointer autorelease]
0000000000020afe t -[__NSUnrecognizedTaggedPointer release]
0000000000020afa t -[__NSUnrecognizedTaggedPointer retain]
000000000002a5d8 s GCC_except_table0
000000000002a5f8 s GCC_except_table1
0000000000029a8c s GCC_except_table11
000000000002a0c8 s GCC_except_table110
000000000002a0f4 s GCC_except_table113
000000000002a120 s GCC_except_table116
000000000002a168 s GCC_except_table117
000000000002a194 s GCC_except_table124
000000000002a1c0 s GCC_except_table129
0000000000029ad4 s GCC_except_table13
000000000002a1ec s GCC_except_table133
0000000000029b28 s GCC_except_table15
000000000002a228 s GCC_except_table153
000000000002a264 s GCC_except_table156
000000000002a290 s GCC_except_table158
000000000002a670 s GCC_except_table159
000000000002a69c s GCC_except_table160
000000000002a2cc s GCC_except_table162
000000000002a6c8 s GCC_except_table162
000000000002a308 s GCC_except_table163
000000000002a334 s GCC_except_table165
000000000002a360 s GCC_except_table166
0000000000029b70 s GCC_except_table17
000000000002a3a8 s GCC_except_table170
000000000002a3fc s GCC_except_table173
000000000002a6e8 s GCC_except_table175
000000000002a45c s GCC_except_table177
000000000002a488 s GCC_except_table179
00000000000298d4 s GCC_except_table18
0000000000029bc4 s GCC_except_table18
000000000002a4b4 s GCC_except_table180
000000000002a4e0 s GCC_except_table181
000000000002a528 s GCC_except_table182
0000000000029c0c s GCC_except_table19
000000000002a554 s GCC_except_table195
0000000000029c38 s GCC_except_table20
000000000002a580 s GCC_except_table209
0000000000029868 s GCC_except_table22
0000000000029c8c s GCC_except_table23
0000000000029888 s GCC_except_table24
0000000000029900 s GCC_except_table24
0000000000029988 s GCC_except_table3
000000000002a624 s GCC_except_table3
000000000002a644 s GCC_except_table4
0000000000029cc8 s GCC_except_table45
0000000000029cf4 s GCC_except_table47
000000000002a5ac s GCC_except_table5
0000000000029d20 s GCC_except_table54
0000000000029d4c s GCC_except_table55
0000000000029d78 s GCC_except_table56
0000000000029da4 s GCC_except_table57
00000000000299b4 s GCC_except_table6
0000000000029dd0 s GCC_except_table60
0000000000029dfc s GCC_except_table65
0000000000029e28 s GCC_except_table69
0000000000029e54 s GCC_except_table73
0000000000029e80 s GCC_except_table74
0000000000029ebc s GCC_except_table76
0000000000029f04 s GCC_except_table77
0000000000029f30 s GCC_except_table78
00000000000298a8 s GCC_except_table8
0000000000029f5c s GCC_except_table80
0000000000029f88 s GCC_except_table82
0000000000029fe8 s GCC_except_table89
0000000000029a60 s GCC_except_table9
000000000002a048 s GCC_except_table96
000000000002a09c s GCC_except_table97
0000000000492498 s _BackgroundPriority
0000000000016f31 t _CALLING_SOME_+initialize_METHOD
00000000004924eb s _DebugAltHandlers
00000000004924ef s _DebugDontCrash
00000000004924ee s _DebugDuplicateClasses
00000000004924e8 s _DebugFragileSuperclasses
00000000004924ec s _DebugMissingPools
00000000004924e9 s _DebugNilSync
00000000004924ea s _DebugNonFragileIvars
00000000004924ed s _DebugPoolAllocation
00000000004924e7 s _DebugUnload
00000000004924f3 s _DisableNonpointerIsa
00000000004924f1 s _DisablePreopt
00000000004924f2 s _DisableTaggedPointers
00000000004924f0 s _DisableVtables
0000000000492598 s _FirstHeader
00000000004925a8 s _HeaderCount
00000000004925a0 s _LastHeader
00000000004924a0 s _MainPriority
00000000000152bb T _NXCompareHashTables
00000000000154a9 T _NXCompareMapTables
0000000000015327 T _NXCopyHashTable
0000000000013d13 T _NXCountHashTable
000000000000b391 T _NXCountMapTable
0000000000003a10 T _NXCreateHashTable
0000000000003a5e T _NXCreateHashTableFromZone
000000000000387d T _NXCreateMapTable
00000000000038c1 T _NXCreateMapTableFromZone
000000000001527c T _NXEmptyHashTable
0000000000013d17 T _NXFreeHashTable
000000000000b395 T _NXFreeMapTable
0000000000003c0f T _NXHashGet
0000000000003d34 T _NXHashInsert
0000000000013e50 T _NXHashInsertIfAbsent
0000000000013a24 T _NXHashMember
0000000000013aca T _NXHashRemove
000000000001095b T _NXInitHashState
0000000000015537 T _NXInitMapState
000000000000459f T _NXMapGet
00000000000048a2 T _NXMapInsert
0000000000012b86 t _NXMapKeyCopyingInsert
0000000000015580 t _NXMapKeyFreeingRemove
00000000000145df T _NXMapMember
0000000000005b4a T _NXMapRemove
0000000000003fc0 T _NXNextHashState
000000000001553d T _NXNextMapState
00000000000040f2 T _NXNoEffectFree
00000000000040f3 T _NXPtrHash
00000000000063ab T _NXPtrIsEqual
00000000003d64a0 S _NXPtrPrototype
00000000003d64e0 S _NXPtrStructKeyPrototype
00000000003d6540 S _NXPtrValueMapPrototype
0000000000015473 T _NXReallyFree
000000000001529a T _NXResetHashTable
000000000000b3be T _NXResetMapTable
00000000000153d0 T _NXStrHash
000000000001542a T _NXStrIsEqual
00000000003d64c0 S _NXStrPrototype
00000000003d6500 S _NXStrStructKeyPrototype
00000000003d6560 S _NXStrValueMapPrototype
00000000003d8140 S _OBJC_CLASS_$_NSObject
00000000003d8000 S _OBJC_CLASS_$_Object
00000000003d80c8 S _OBJC_CLASS_$_Protocol
00000000003d8078 s _OBJC_CLASS_$___IncompleteProtocol
00000000003d8168 s _OBJC_CLASS_$___NSUnrecognizedTaggedPointer
00000000003d81c0 D _OBJC_EHTYPE_id
00000000003d7d60 S _OBJC_IVAR_$_NSObject.isa
00000000003d7d58 S _OBJC_IVAR_$_Object.isa
00000000003d80f0 S _OBJC_METACLASS_$_NSObject
00000000003d8028 S _OBJC_METACLASS_$_Object
00000000003d80a0 S _OBJC_METACLASS_$_Protocol
00000000003d8050 s _OBJC_METACLASS_$___IncompleteProtocol
00000000003d8118 s _OBJC_METACLASS_$___NSUnrecognizedTaggedPointer
00000000004924e0 s _PrintAltHandlers
00000000004924da s _PrintCaches
00000000004924d5 s _PrintConnecting
00000000004924e5 s _PrintCustomAWZ
00000000004924e4 s _PrintCustomRR
00000000004924dd s _PrintCxxCtors
00000000004924e2 s _PrintDeprecation
00000000004924df s _PrintExceptionThrow
00000000004924de s _PrintExceptions
00000000004924db s _PrintFuture
00000000004924d1 s _PrintImageTimes
00000000004924d0 s _PrintImages
00000000004924d3 s _PrintInitializing
00000000004924d7 s _PrintIvars
00000000004924d2 s _PrintLoading
00000000004924e3 s _PrintPoolHiwat
00000000004924dc s _PrintPreopt
00000000004924d6 s _PrintProtocols
00000000004924e6 s _PrintRawIsa
00000000004924e1 s _PrintReplacedMethods
00000000004924d4 s _PrintResolving
00000000004924d9 s _PrintVtableImages
00000000004924d8 s _PrintVtables
0000000000492548 s _SEL_alloc
0000000000492550 s _SEL_allocWithZone
0000000000492590 s _SEL_allowsWeakReference
0000000000492538 s _SEL_autorelease
0000000000492560 s _SEL_copy
0000000000492518 s _SEL_cxx_construct
0000000000492520 s _SEL_cxx_destruct
0000000000492558 s _SEL_dealloc
0000000000492570 s _SEL_forwardInvocation
0000000000492500 s _SEL_initialize
0000000000492580 s _SEL_isDeallocating
00000000004924f8 s _SEL_load
0000000000492568 s _SEL_new
0000000000492530 s _SEL_release
0000000000492510 s _SEL_resolveClassMethod
0000000000492508 s _SEL_resolveInstanceMethod
0000000000492528 s _SEL_retain
0000000000492540 s _SEL_retainCount
0000000000492588 s _SEL_retainWeakReference
0000000000492578 s _SEL_tryRetain
0000000000016ea2 t _WAITING_FOR_ANOTHER_THREAD_TO_FINISH_CALLING_+initialize
                 U __Block_copy
                 U __Block_has_signature
                 U __Block_object_assign
                 U __Block_object_dispose
                 U __Block_release
                 U __Block_use_stret
                 U __DefaultRuneLocale
                 U __Exit
0000000000001488 t __GLOBAL__sub_I_objc_accessors.mm
0000000000001449 t __GLOBAL__sub_I_objc_sync.mm
                 U __NSConcreteGlobalBlock
                 U __NSConcreteStackBlock
                 U __NSGetEnviron
0000000000013a20 t __NXHashCapacity
0000000000003ed7 t __NXHashRehashToCapacity
                 U __Unwind_GetCFA
                 U __Unwind_GetIP
                 U __Unwind_Resume
0000000000016452 t __Z11_objc_errorP11objc_objectPKcP13__va_list_tag
0000000000016484 t __Z11_objc_fatalPKcz
000000000001d37a t __Z11secure_openPKcij
0000000000492481 b __Z12preoptimized
000000000001796c t __Z13objc_noop_impP11objc_objectP13objc_selector
000000000001b774 t __Z13sadd_overflowIiEbT_S0_PS0_
000000000001b77c t __Z13sadd_overflowIlEbT_S0_PS0_
000000000001b786 t __Z13sadd_overflowIxEbT_S0_PS0_
000000000001b7ac t __Z13smul_overflowIiEbT_S0_PS0_
000000000001b7b5 t __Z13smul_overflowIlEbT_S0_PS0_
000000000001b7c0 t __Z13smul_overflowIxEbT_S0_PS0_
000000000001b790 t __Z13ssub_overflowIiEbT_S0_PS0_
000000000001b798 t __Z13ssub_overflowIlEbT_S0_PS0_
000000000001b7a2 t __Z13ssub_overflowIxEbT_S0_PS0_
000000000001b709 t __Z13uadd_overflowIjEbT_S0_PS0_
000000000001b711 t __Z13uadd_overflowImEbT_S0_PS0_
000000000001b71b t __Z13uadd_overflowIyEbT_S0_PS0_
000000000001b741 t __Z13umul_overflowIjEbT_S0_PS0_
000000000001b750 t __Z13umul_overflowImEbT_S0_PS0_
000000000001b762 t __Z13umul_overflowIyEbT_S0_PS0_
000000000001b725 t __Z13usub_overflowIjEbT_S0_PS0_
000000000001b72d t __Z13usub_overflowImEbT_S0_PS0_
000000000001b737 t __Z13usub_overflowIyEbT_S0_PS0_
0000000000001f4f t __Z14getDataSectionI13message_ref_tEPT_PK14mach_header_64PKcPmS8_
0000000000001be6 t __Z14getDataSectionI15objc_image_infoEPT_PK14mach_header_64PKcPmS8_
00000000000063cc t __Z14getDataSectionIP10category_tEPT_PK14mach_header_64PKcPmS9_
0000000000016c77 t __Z14getDataSectionIP10objc_classEPT_PK14mach_header_64PKcPmS9_
00000000000044af t __Z14getDataSectionIP10protocol_tEPT_PK14mach_header_64PKcPmS9_
0000000000001ea3 t __Z14getDataSectionIP13objc_selectorEPT_PK14mach_header_64PKcPmS9_
00000000000037df t __Z14getDataSectionIP8classrefEPT_PK14mach_header_64PKcPmS9_
00000000000013b4 t __Z14getDataSectionIPFvvEEPT_PK14mach_header_64PKcPmS9_
0000000000017b8d t __Z14hasLoadMethodsPK14mach_header_64
000000000001d26b t __Z14linksToLibraryPK11header_infoPKc
0000000000008e30 t __Z15allocateBucketsj
0000000000017c5d t __Z15mustReadClassesP11header_info
0000000000019dfd t __Z16verifySuperclassP10objc_classb
0000000000016993 t __Z17alt_handler_errorm
00000000000037c8 t __Z18_getObjc2ClassListPK11header_infoPm
0000000000016d4e t __Z18_getObjc2ClassListPK14mach_header_64Pm
0000000000016d0c t __Z18_getObjc2ClassRefsPK11header_infoPm
0000000000016c63 t __Z18_getObjc2ClassRefsPK14mach_header_64Pm
0000000000016d37 t __Z18_getObjc2SuperRefsPK11header_infoPm
0000000000016d23 t __Z18_getObjc2SuperRefsPK14mach_header_64Pm
00000000000179f1 t __Z18firstRealizedClassv
000000000000df69 t __Z18protocol_getMethodP10protocol_tP13objc_selectorbbb
0000000000001f38 t __Z20_getObjc2MessageRefsPK11header_infoPm
0000000000016c4f t __Z20_getObjc2MessageRefsPK14mach_header_64Pm
0000000000017bd2 t __Z20prepare_load_methodsPK14mach_header_64
00000000000063b5 t __Z21_getObjc2CategoryListPK11header_infoPm
0000000000016d62 t __Z21_getObjc2CategoryListPK14mach_header_64Pm
0000000000004498 t __Z21_getObjc2ProtocolListPK11header_infoPm
0000000000016d8d t __Z21_getObjc2ProtocolListPK14mach_header_64Pm
0000000000004b76 t __Z21_getObjc2ProtocolRefsPK11header_infoPm
0000000000016da1 t __Z21_getObjc2ProtocolRefsPK14mach_header_64Pm
0000000000001e8c t __Z21_getObjc2SelectorRefsPK11header_infoPm
0000000000016c3b t __Z21_getObjc2SelectorRefsPK14mach_header_64Pm
0000000000016db5 t __Z22getLibobjcInitializersPK11header_infoPm
00000000000013a0 t __Z22getLibobjcInitializersPK14mach_header_64Pm
0000000000016591 t __Z23_objc_fatal_with_reasonyyPKcz
0000000000008cd7 t __Z23emptyBucketsForCapacityjb
0000000000004b8d t __Z25_getObjc2NonlazyClassListPK11header_infoPm
00000000000068ed t __Z25_getObjc2NonlazyClassListPK14mach_header_64Pm
0000000000012f6d t __Z25_objc_allocateFutureClassPKc
000000000001b677 t __Z26objc_defaultForwardHandlerP11objc_objectP13objc_selector
0000000000016d76 t __Z28_getObjc2NonlazyCategoryListPK11header_infoPm
0000000000006901 t __Z28_getObjc2NonlazyCategoryListPK14mach_header_64Pm
0000000000012dec t __Z29_objc_pthread_destroyspecificPv
000000000001b6cf t __Z31objc_defaultForwardStretHandlerP11objc_objectP13objc_selector
000000000000dc9f t __Z37protocol_getMethodTypeEncoding_nolockP10protocol_tP13objc_selectorbb
00000000003d8ed8 d __Z3opt
00000000000156a9 t __Z6getKeyP13objc_selector
00000000000156a4 t __Z8getCacheP10objc_class
000000000001d249 t __Z9bad_magicPK14mach_header_64
00000000000041b7 t __Z9readClassP10objc_classbb
000000000048d308 b __ZL10DebugLists
00000000000155ea t __ZL10_mapNoFreeP11_NXMapTablePvS1_
00000000000182da t __ZL10free_classP10objc_class
000000000048d240 b __ZL10prototypes
000000000048d248 b __ZL10prototypes
00000000000043cb t __ZL10remapClassP10objc_class
000000000048d440 b __ZL10sDataLists
000000000048d400 b __ZL11SelrefCount
000000000048f440 b __ZL11StructLocks
0000000000029828 s __ZL11UnsetLayout
0000000000005e17 t __ZL11_mapPtrHashP11_NXMapTablePKv
000000000000469f t __ZL11_mapStrHashP11_NXMapTablePKv
00000000000052b7 t __ZL11addSubclassP10objc_classS0_
000000000000bf9c t __ZL11fetch_cacheb
00000000000065c3 t __ZL11flushCachesP10objc_class
0000000000004039 t __ZL11freeBucketsP11NXHashTablei
000000000048d2e8 b __ZL11garbage_max
0000000000004545 t __ZL11getProtocolPKc
000000000000bac2 t __ZL11weak_resizeP12weak_table_tm
000000000048d310 b __ZL12DebugCounter
000000000001492d t __ZL12SubtypeUntilPKcc
00000000000045c4 t __ZL12_NXMapMemberP11_NXMapTablePKvPPv
0000000000004ad0 t __ZL12_NXMapRehashP11_NXMapTable
0000000000016605 t __ZL12_objc_fatalvyyPKcP13__va_list_tag
0000000000016787 t __ZL12_objc_syslogPKc
00000000000040fe t __ZL12allocBucketsPvj
000000000048d2a0 b __ZL12cache_counts
00000000000181b6 t __ZL12detach_classP10objc_classb
000000000048d290 b __ZL12garbage_refs
00000000003d81b0 d __ZL12objcMsgLogFD
000000000001205b t __ZL12read_addressPmPK14dwarf_eh_basesh
0000000000004ba4 t __ZL12realizeClassP10objc_class
000000000048d398 b __ZL13DemangleCache
000000000048e440 b __ZL13PropertyLocks
000000000000f6bc t __ZL13SkipFirstTypePKc
000000000000ac94 t __ZL13addNamedClassP10objc_classPKcS0_
00000000003d8260 d __ZL13classInitLock
000000000048d2fc b __ZL13crashlog_lock
00000000000132bf t __ZL13fixupProtocolP10protocol_t
000000000048d288 b __ZL13garbage_count
000000000000a231 t __ZL13getClass_implPKc
0000000000003cd6 t __ZL13hashPrototypePKvS0_
00000000000155eb t __ZL13hashPrototypePKvS0_
0000000000491450 b __ZL13headPagePairs
000000000048d320 b __ZL13old_terminate
0000000000490440 b __ZL14CppObjectLocks
000000000000685c t __ZL14_mapPtrIsEqualP11_NXMapTablePKvS2_
0000000000004a87 t __ZL14_mapStrIsEqualP11_NXMapTablePKvS2_
00000000000146d2 t __ZL14_objc_crashlogPKc
000000000002025b t __ZL14bad_weak_tableP12weak_entry_t
000000000048d410 b __ZL14namedSelectors
000000000001a141 t __ZL14nonMetaClassesv
000000000048d2f8 b __ZL14objcMsgLogLock
00000000003d6520 s __ZL14protoPrototype
00000000003d8190 d __ZL14protoPrototype
000000000000ae07 t __ZL14removeSubclassP10objc_classS0_
0000000000016b27 t __ZL15_objc_terminatev
000000000000ca84 t __ZL15append_referrerP12weak_entry_tPP11objc_object
00000000003d8e70 d __ZL15badAllocHandler
00000000000106ee t __ZL15fixupMethodListP13method_list_tbb
000000000001a0c2 t __ZL15remappedClassesb
000000000001ba6e t __ZL15sliceRequiresGC9FileSlice
000000000001bb43 t __ZL15sliceRequiresGCI6Arch32EiNT_4mh_tE9FileSlice
000000000001c0b9 t __ZL15sliceRequiresGCI6Arch64EiNT_4mh_tE9FileSlice
0000000000017d70 t __ZL16addRemappedClassP10objc_classS0_
0000000000005e1e t __ZL16attachCategoriesP10objc_classP26locstamped_category_list_tb
0000000000011364 t __ZL16copyOneAttributejPvS_PKcmS1_m
00000000000163ce t __ZL16findOneAttributejPvS_PKcmS1_m
000000000001547b t __ZL16hashPtrStructKeyPKvS0_
0000000000015496 t __ZL16hashStrStructKeyPKvS0_
0000000000003d07 t __ZL16isEqualPrototypePKvS0_S0_
000000000001563f t __ZL16isEqualPrototypePKvS0_S0_
000000000048d338 b __ZL16loadable_classes
0000000000006526 t __ZL16remethodizeClassP10objc_class
000000000001b1a4 t __ZL16scanMangledFieldRPKcS0_S1_Ri
00000000003d8258 d __ZL16uncaught_handler
000000000048d390 b __ZL17DemangleCacheLock
00000000000159d5 t __ZL17_class_lookUpIvarP10objc_classP6ivar_tRlR29objc_ivar_memory_management_t
000000000048d3f0 b __ZL17_objc_pthread_key
000000000048d280 b __ZL17cache_allocations
000000000048d278 b __ZL17cache_collections
00000000003d8250 d __ZL17exception_matcher
000000000048d35c b __ZL17fixed_up_protocol
000000000048d270 b __ZL17garbage_byte_size
000000000000cc7a t __ZL17make_ro_writeableP10class_rw_t
000000000048d3c0 b __ZL17nonmeta_class_map
0000000000017ea5 t __ZL17realizeAllClassesv
000000000000bb55 t __ZL17weak_entry_insertP12weak_table_tP12weak_entry_t
000000000000f909 t __ZL17weak_entry_removeP12weak_table_tP12weak_entry_t
00000000000022ae t __ZL18__sel_registerNamePKcii
0000000000019a52 t __ZL18_class_addPropertyP10objc_classPKcPK25objc_property_attribute_tjb
000000000000af9f t __ZL18cache_collect_freeP8bucket_tj
000000000001222c t __ZL18fetch_handler_listb
0000000000008489 t __ZL18log_and_fill_cacheP10objc_classPFvvEP13objc_selectorP11objc_objectS0_
0000000000005555 t __ZL18prepareMethodListsP10objc_classPP13method_list_tibb
00000000000059fe t __ZL18search_method_listPK13method_list_tP13objc_selector
000000000001095f t __ZL18updateCustomRR_AWZP10objc_classP8method_t
000000000000872b t __ZL19_finishInitializingP10objc_classS0_
000000000048d360 b __ZL19_firstRealizedClass
0000000000015489 t __ZL19isEqualPtrStructKeyPKvS0_S0_
000000000001549e t __ZL19isEqualStrStructKeyPKvS0_S0_
000000000048d348 b __ZL19loadable_categories
0000000000009444 t __ZL19schedule_class_loadP10objc_class
0000000000016910 t __ZL20_objc_exception_noopv
000000000000e960 t __ZL20_object_copyFromZoneP11objc_objectmPv
000000000048d358 b __ZL20fixed_up_method_list
000000000000d208 t __ZL20grow_refs_and_insertP12weak_entry_tPP11objc_object
000000000048d328 b __ZL20pendingInitializeMap
0000000000016911 t __ZL21_objc_exception_falsev
000000000000dba5 t __ZL21fixupProtocolIfNeededP10protocol_t
000000000048d330 b __ZL21loadable_classes_used
0000000000020abe t __ZL21objc_releaseAndReturnP11objc_object
000000000001691d t __ZL22_objc_exception_abort1v
0000000000016934 t __ZL22_objc_exception_abort2v
000000000001694b t __ZL22_objc_exception_abort3v
0000000000016962 t __ZL22_objc_exception_abort4v
00000000000046ff t __ZL22copySwiftV1MangledNamePKcb
0000000000020d27 t __ZL22defaultBadAllocHandlerP10objc_class
00000000003d8248 d __ZL22exception_preprocessor
000000000048d3c8 b __ZL22future_named_class_map
0000000000001cf2 t __ZL22getsegbynamefromheaderPK14mach_header_64PKc
0000000000008b77 t __ZL22methodListImplementsRRPK13method_list_t
0000000000001d68 t __ZL22segmentHasObjcContentsPK18segment_command_64
000000000048d3a1 b __ZL23ClassNSObjectRRSwizzled
000000000000d3f9 t __ZL23_collecting_in_criticalv
00000000000133a4 t __ZL23fixupProtocolMethodListP10protocol_tP13method_list_tbb
000000000000597b t __ZL23getMethodNoSuper_nolockP10objc_classP13objc_selector
0000000000008b34 t __ZL23methodListImplementsAWZPK13method_list_t
000000000000ba4b t __ZL23weak_entry_for_referentP12weak_table_tP11objc_object
0000000000014d64 t __ZL24_objc_exception_do_catchP13objc_typeinfoS0_PPvj
000000000000ffd3 t __ZL24alloc_class_for_subclassP10objc_classm
000000000000c28f t __ZL24copySwiftV1DemangledNamePKcb
000000000048d340 b __ZL24loadable_categories_used
000000000048d388 b __ZL25UnfixedProtocolReferences
0000000000010915 t __ZL25_method_setImplementationP10objc_classP8method_tPFvvE
0000000000011290 t __ZL25iteratePropertyAttributesPKcPFbjPvS1_S0_mS0_mES1_S1_
0000000000018c3e t __ZL25protocol_addMethod_nolockRP13method_list_tP13objc_selectorPKc
000000000000dff1 t __ZL25protocol_getMethod_nolockP10protocol_tP13objc_selectorbbb
0000000000014f43 t __ZL26_objc_exception_destructorPv
000000000002012e t __ZL26_pageAndIndexContainingIMPPFvvEPmPP23TrampolineBlockPagePair
000000000048d3f8 b __ZL26enumerationMutationHandler
000000000048d334 b __ZL26loadable_classes_allocated
00000000000100de t __ZL27_allocateTrampolinesAndData12ArgumentMode
0000000000016e30 t __ZL27_fetchInitializingClassListb
00000000000104c3 t __ZL27object_cxxDestructFromClassP11objc_objectP10objc_class
0000000000018e14 t __ZL27protocol_addProperty_nolockRP15property_list_tPKcPK25objc_property_attribute_tj
0000000000018577 t __ZL27protocol_getProperty_nolockP10protocol_tPKcbb
000000000048d3a0 b __ZL28MetaclassNSObjectAWZSwizzled
000000000000c5df t __ZL28_class_resolveInstanceMethodP10objc_classP13objc_selectorP11objc_object
0000000000005ae7 t __ZL28unattachedCategoriesForClassP10objc_classb
0000000000006461 t __ZL29addUnattachedCategoryForClassP10category_tP10objc_classP11header_info
000000000048d344 b __ZL29loadable_categories_allocated
0000000000016bca t __ZL31_objc_default_exception_matcherP10objc_classP11objc_object
000000000000cc67 t __ZL31objc_retainAutoreleaseAndReturnP11objc_object
000000000000ddc1 t __ZL32getExtendedTypesIndexesForMethodP10protocol_tPK8method_tbbRjS4_
000000000000a88c t __ZL33objc_initializeClassPair_internalP10objc_classPKcS0_S0_
000000000000cfee t __ZL34protocol_conformsToProtocol_nolockP10protocol_tS0_
0000000000016bc6 t __ZL36_objc_default_exception_preprocessorP11objc_object
0000000000016c27 t __ZL40_objc_default_uncaught_exception_handlerP11objc_object
000000000000f242 t __ZL7getIvarP10objc_classPKc
000000000000bc75 t __ZL7id2dataP11objc_object5usage
00000000003d67b0 s __ZL8Settings
000000000048d408 b __ZL8builtins
000000000000a1ea t __ZL8getClassPKc
000000000001705a t __ZL8set_bits13layout_bitmapmm
00000000000197e1 t __ZL8try_freePKv
000000000048d300 b __ZL9DebugLock
0000000000005851 t __ZL9addMethodP10objc_classP13objc_selectorPFvvEPKcb
000000000048d250 b __ZL9mapRemove
0000000000017513 t __ZL9move_bits13layout_bitmapmmm
0000000000004422 t __ZL9protocolsv
00000000000121dc t __ZL9read_slebPm
000000000001c86c t __ZN10StripedMapI8SyncListED1Ev
000000000001c990 t __ZN10StripedMapI8mutex_ttILb0EEED1Ev
000000000000413c t __ZN10TimeLogger3logEPKc
0000000000019494 t __ZN10category_t17propertiesForMetaEbP11header_info
0000000000012986 t __ZN10monitor_ttILb0EE4waitEv
000000000000835a t __ZN10monitor_ttILb0EE5enterEv
000000000000837c t __ZN10monitor_ttILb0EE5leaveEv
0000000000008c4e t __ZN10monitor_ttILb0EE9notifyAllEv
000000000000c0f0 t __ZN10objc_class13demangledNameEb
0000000000009532 t __ZN10objc_class13getLoadMethodEv
0000000000019598 t __ZN10objc_class13printCustomRREb
0000000000017ce6 t __ZN10objc_class14nameForLoggingEv
000000000001953a t __ZN10objc_class14printCustomAWZEb
000000000000538c t __ZN10objc_class14setHasCustomRREb
000000000000884a t __ZN10objc_class14setInitializedEv
000000000000546e t __ZN10objc_class15setHasCustomAWZEb
00000000000196fe t __ZN10objc_class21chooseClassArrayIndexEv
0000000000017dc4 t __ZN10objc_class25setInstancesRequireRawIsaEb
00000000000195f6 t __ZN10objc_class27printInstancesRequireRawIsaEb
00000000000179cc t __ZN10protocol_t10setFixedUpEv
000000000000de60 t __ZN10protocol_t13demangledNameEv
0000000000021470 t __ZN11header_info15getHeaderInfoRWEv
00000000000204a8 t __ZN11objc_object14sidetable_lockEv
000000000000b4ae t __ZN11objc_object16rootAutorelease2Ev
000000000000ea7c t __ZN11objc_object16sidetable_retainEv
00000000000204e2 t __ZN11objc_object16sidetable_unlockEv
0000000000020fe0 t __ZN11objc_object17overrelease_errorEv
000000000000eb2c t __ZN11objc_object17sidetable_releaseEb
000000000000e204 t __ZN11objc_object19rootRetain_overflowEb
00000000000141d0 t __ZN11objc_object19sidetable_tryRetainEv
000000000000ee6c t __ZN11objc_object21rootRelease_underflowEb
000000000001481c t __ZN11objc_object21sidetable_retainCountEv
000000000000f798 t __ZN11objc_object22clearDeallocating_slowEv
000000000001401c t __ZN11objc_object24sidetable_isDeallocatingEv
000000000000e338 t __ZN11objc_object27sidetable_addExtraRC_nolockEm
000000000000931c t __ZN11objc_object27sidetable_clearDeallocatingEv
000000000002059a t __ZN11objc_object27sidetable_getExtraRC_nolockEv
000000000000f04c t __ZN11objc_object27sidetable_subExtraRC_nolockEm
000000000002060e t __ZN11objc_object28sidetable_isWeaklyReferencedEv
0000000000020518 t __ZN11objc_object28sidetable_moveExtraRC_nolockEmbb
00000000000206c8 t __ZN11objc_object36sidetable_setWeaklyReferenced_nolockEv
000000000000d08e t __ZN12_GLOBAL__N_119AutoreleasePoolPage11tls_deallocEPv
0000000000009970 t __ZN12_GLOBAL__N_119AutoreleasePoolPage17autoreleaseNoPageEP11objc_object
0000000000021014 t __ZN12_GLOBAL__N_119AutoreleasePoolPage18autoreleaseNewPageEP11objc_object
000000000000e162 t __ZN12_GLOBAL__N_119AutoreleasePoolPage19autoreleaseFullPageEP11objc_objectPS0_
0000000000009b38 t __ZN12_GLOBAL__N_119AutoreleasePoolPage3popEPv
000000000000d12c t __ZN12_GLOBAL__N_119AutoreleasePoolPage4killEv
000000000000d19e t __ZN12_GLOBAL__N_119AutoreleasePoolPage5checkEb
0000000000020d48 t __ZN12_GLOBAL__N_119AutoreleasePoolPage6bustedEb
0000000000009a88 t __ZN12_GLOBAL__N_119AutoreleasePoolPageC1EPS0_
0000000000491480 b __ZN12_GLOBAL__N_1L12SideTableBufE
00000000000062a4 t __ZN13list_array_ttI10property_t15property_list_tE11attachListsEPKPS1_j
0000000000011078 t __ZN13list_array_ttI10property_t15property_list_tE5beginEv
000000000001102e t __ZN13list_array_ttI10property_t15property_list_tE5countEv
000000000001b3b4 t __ZN13list_array_ttI10property_t15property_list_tE7tryFreeEv
00000000000110ee t __ZN13list_array_ttI10property_t15property_list_tE8iteratorppEv
0000000000005642 t __ZN13list_array_ttI8method_t13method_list_tE11attachListsEPKPS1_j
0000000000011530 t __ZN13list_array_ttI8method_t13method_list_tE5beginEv
00000000000114e6 t __ZN13list_array_ttI8method_t13method_list_tE5countEv
000000000001b36a t __ZN13list_array_ttI8method_t13method_list_tE7tryFreeEv
0000000000011580 t __ZN13list_array_ttI8method_t13method_list_tE8iteratorC2EPPS1_S5_
00000000000115c6 t __ZN13list_array_ttI8method_t13method_list_tE8iteratorppEv
000000000001b266 t __ZN13list_array_ttI8method_t13method_list_tE9duplicateI14method_array_tEET_v
000000000000574a t __ZN13list_array_ttIm15protocol_list_tE11attachListsEPKPS0_j
000000000000cee0 t __ZN13list_array_ttIm15protocol_list_tE5beginEv
0000000000010db4 t __ZN13list_array_ttIm15protocol_list_tE5countEv
000000000001b3fe t __ZN13list_array_ttIm15protocol_list_tE7tryFreeEv
000000000001798e t __ZN13method_list_t10setFixedUpEv
0000000000008adc t __ZN14method_array_t22endCategoryMethodListsEP10objc_class
0000000000009422 t __ZN18recursive_mutex_ttILb0EE4lockEv
0000000000009f68 t __ZN18recursive_mutex_ttILb0EE6unlockEv
000000000000c058 t __ZN18recursive_mutex_ttILb0EE9tryUnlockEv
00000000004925b8 s __ZN19AssociationsManager4_mapE
00000000004925b0 s __ZN19AssociationsManager5_lockE
00000000000210f2 t __ZN4objc12DenseMapBaseINS_8DenseMapI12DisguisedPtrI11objc_objectEmLb1ENS_12DenseMapInfoIS4_EEEES4_mS6_Lb1EE16FindAndConstructERKS4_
0000000000020f42 t __ZN4objc12DenseMapBaseINS_8DenseMapI12DisguisedPtrI11objc_objectEmLb1ENS_12DenseMapInfoIS4_EEEES4_mS6_Lb1EE18moveFromOldBucketsEPNSt3__14pairIS4_mEESC_
000000000002113c t __ZN4objc12DenseMapBaseINS_8DenseMapI12DisguisedPtrI11objc_objectEmLb1ENS_12DenseMapInfoIS4_EEEES4_mS6_Lb1EE20InsertIntoBucketImplERKS4_PNSt3__14pairIS4_mEE
0000000000012d92 t __ZN4objc12DenseMapBaseINS_8DenseMapI12DisguisedPtrI11objc_objectEmLb1ENS_12DenseMapInfoIS4_EEEES4_mS6_Lb1EE5eraseERKS4_
00000000000105dc t __ZN4objc12DenseMapBaseINS_8DenseMapI12DisguisedPtrI11objc_objectEmLb1ENS_12DenseMapInfoIS4_EEEES4_mS6_Lb1EE7compactEv
000000000001060c t __ZN4objc8DenseMapI12DisguisedPtrI11objc_objectEmLb1ENS_12DenseMapInfoIS3_EEE16shrink_and_clearEv
000000000000e3b2 t __ZN4objc8DenseMapI12DisguisedPtrI11objc_objectEmLb1ENS_12DenseMapInfoIS3_EEE4growEj
0000000000010690 t __ZN4objc8DenseMapI12DisguisedPtrI11objc_objectEmLb1ENS_12DenseMapInfoIS3_EEE4initEj
000000000001c63c t __ZN6Arch3212countClassesE9FileSliceR7sectionRiS3_
000000000001c77c t __ZN6Arch6412countClassesE9FileSliceR10section_64RiS3_
000000000001c720 t __ZN6Arch6413isObjCSegmentEPKc
000000000001570e t __ZN7cache_t10canBeFreedEv
0000000000008db2 t __ZN7cache_t10reallocateEjj
00000000000156fa t __ZN7cache_t16bytesForCapacityEj
00000000000156ea t __ZN7cache_t17incrementOccupiedEv
000000000000ab84 t __ZN7cache_t17initializeToEmptyEv
00000000000156c2 t __ZN7cache_t17setBucketsAndMaskEP8bucket_tj
0000000000008c74 t __ZN7cache_t20isConstantEmptyCacheEv
0000000000008e9a t __ZN7cache_t4findEmP11objc_object
00000000000156e2 t __ZN7cache_t4maskEv
0000000000015806 t __ZN7cache_t6expandEv
00000000000156de t __ZN7cache_t7bucketsEv
00000000000156ee t __ZN7cache_t8capacityEv
00000000000156e6 t __ZN7cache_t8occupiedEv
000000000001571c t __ZN7cache_t9bad_cacheEP11objc_objectP13objc_selectorP10objc_class
0000000000015702 t __ZN7cache_t9endMarkerEP8bucket_tj
00000000000156ae t __ZN8bucket_t3setEmPFvvE
000000000002105c t __ZN8mutex_ttILb0EE7lockTwoEPS0_S1_
000000000001c992 t __ZN8mutex_ttILb0EE9unlockTwoEPS0_S1_
0000000000021386 t __ZN8objc_opt19objc_headeropt_ro_t3getEPK14mach_header_64
000000000001ba2e t __ZN9FileSlice5preadEPvyy
00000000000086c0 t __ZN9rwlock_ttILb0EE10unlockReadEv
0000000000002934 t __ZN9rwlock_ttILb0EE11unlockWriteEv
0000000000008404 t __ZN9rwlock_ttILb0EE4readEv
00000000000015e0 t __ZN9rwlock_ttILb0EE5writeEv
00000000000179aa t __ZNK10protocol_t9isFixedUpEv
0000000000004196 t __ZNK11header_info14isPreoptimizedEv
0000000000021468 t __ZNK11header_info5fnameEv
0000000000017970 t __ZNK13method_list_t9isFixedUpEv
000000000000fd56 t __ZNK23objc_references_support20DisguisedPointerHashclEm
0000000000020df2 t __ZNK4objc12DenseMapBaseINS_8DenseMapI12DisguisedPtrI11objc_objectEmLb1ENS_12DenseMapInfoIS4_EEEES4_mS6_Lb1EE15LookupBucketForIS4_EEbRKT_RPKNSt3__14pairIS4_mEE
000000000000a370 t __ZNK8objc_opt13objc_clsopt_t17getClassAndHeaderEPKcRPvS4_
000000000000d772 t __ZNK8objc_opt13objc_clsopt_t20getClassesAndHeadersEPKcPPvS4_
0000000000002424 t __ZNK8objc_opt13objc_selopt_t3getEPKc
00000000000024ec t __ZNK8objc_opt17objc_stringhash_t4hashEPKcm
000000000000245c t __ZNK8objc_opt17objc_stringhash_t8getIndexEPKc
0000000000004866 t __ZNK8objc_opt18objc_protocolopt_t11getProtocolEPKc
                 U __ZNKSt3__120__vector_base_commonILb1EE20__throw_length_errorEv
000000000001cd7c t __ZNSt3__112__hash_tableINS_17__hash_value_typeImPN23objc_references_support20ObjectAssociationMapEEENS_22__unordered_map_hasherImS5_NS2_20DisguisedPointerHashELb1EEENS_21__unordered_map_equalImS5_NS2_21DisguisedPointerEqualELb1EEENS2_13ObjcAllocatorIS5_EEE4findImEENS_15__hash_iteratorIPNS_11__hash_nodeIS5_PvEEEERKT_
000000000001d124 t __ZNSt3__112__hash_tableINS_17__hash_value_typeImPN23objc_references_support20ObjectAssociationMapEEENS_22__unordered_map_hasherImS5_NS2_20DisguisedPointerHashELb1EEENS_21__unordered_map_equalImS5_NS2_21DisguisedPointerEqualELb1EEENS2_13ObjcAllocatorIS5_EEE5eraseENS_21__hash_const_iteratorIPNS_11__hash_nodeIS5_PvEEEE
000000000001ce96 t __ZNSt3__112__hash_tableINS_17__hash_value_typeImPN23objc_references_support20ObjectAssociationMapEEENS_22__unordered_map_hasherImS5_NS2_20DisguisedPointerHashELb1EEENS_21__unordered_map_equalImS5_NS2_21DisguisedPointerEqualELb1EEENS2_13ObjcAllocatorIS5_EEE6rehashEm
000000000001d166 t __ZNSt3__112__hash_tableINS_17__hash_value_typeImPN23objc_references_support20ObjectAssociationMapEEENS_22__unordered_map_hasherImS5_NS2_20DisguisedPointerHashELb1EEENS_21__unordered_map_equalImS5_NS2_21DisguisedPointerEqualELb1EEENS2_13ObjcAllocatorIS5_EEE6removeENS_21__hash_const_iteratorIPNS_11__hash_nodeIS5_PvEEEE
000000000001cf9a t __ZNSt3__112__hash_tableINS_17__hash_value_typeImPN23objc_references_support20ObjectAssociationMapEEENS_22__unordered_map_hasherImS5_NS2_20DisguisedPointerHashELb1EEENS_21__unordered_map_equalImS5_NS2_21DisguisedPointerEqualELb1EEENS2_13ObjcAllocatorIS5_EEE8__rehashEm
                 U __ZNSt3__112__next_primeEm
000000000001afb4 t __ZNSt3__112__rotate_gcdIN15entsize_list_ttI8method_t13method_list_tLj3EE8iteratorEEET_S6_S6_S6_
000000000001ade9 t __ZNSt3__113__lower_boundIRN8method_t16SortBySELAddressEN15entsize_list_ttIS1_13method_list_tLj3EE8iteratorES1_EET0_S8_S8_RKT1_T_
000000000001a1ba t __ZNSt3__113__stable_sortIRN8method_t16SortBySELAddressEN15entsize_list_ttIS1_13method_list_tLj3EE8iteratorEEEvT0_S8_T_NS_15iterator_traitsIS8_E15difference_typeEPNSB_10value_typeEl
0000000000012489 t __ZNSt3__113__tree_removeIPNS_16__tree_node_baseIPvEEEEvT_S5_
000000000001ad75 t __ZNSt3__113__upper_boundIRN8method_t16SortBySELAddressEN15entsize_list_ttIS1_13method_list_tLj3EE8iteratorES1_EET0_S8_S8_RKT1_T_
000000000001cb26 t __ZNSt3__113unordered_mapImPN23objc_references_support20ObjectAssociationMapENS1_20DisguisedPointerHashENS1_21DisguisedPointerEqualENS1_13ObjcAllocatorINS_4pairIKmS3_EEEEEixERS8_
000000000001af13 t __ZNSt3__114__rotate_rightIN15entsize_list_ttI8method_t13method_list_tLj3EE8iteratorEEET_S6_S6_
000000000001a62d t __ZNSt3__115__inplace_mergeIRN8method_t16SortBySELAddressEN15entsize_list_ttIS1_13method_list_tLj3EE8iteratorEEEvT0_S8_S8_T_NS_15iterator_traitsIS8_E15difference_typeESC_PNSB_10value_typeEl
0000000000010822 t __ZNSt3__116__insertion_sortIRN8method_t16SortBySELAddressEN15entsize_list_ttIS1_13method_list_tLj3EE8iteratorEEEvT0_S8_T_
000000000001a3b7 t __ZNSt3__118__stable_sort_moveIRN8method_t16SortBySELAddressEN15entsize_list_ttIS1_13method_list_tLj3EE8iteratorEEEvT0_S8_T_NS_15iterator_traitsIS8_E15difference_typeEPNSB_10value_typeE
0000000000012732 t __ZNSt3__118__tree_left_rotateIPNS_16__tree_node_baseIPvEEEEvT_
000000000001a563 t __ZNSt3__119__merge_move_assignIRN8method_t16SortBySELAddressEPS1_S4_N15entsize_list_ttIS1_13method_list_tLj3EE8iteratorEEEvT0_S9_T1_SA_T2_T_
0000000000012452 t __ZNSt3__119__tree_right_rotateIPNS_16__tree_node_baseIPvEEEEvT_
000000000001ae5d t __ZNSt3__120__half_inplace_mergeIN8method_t16SortBySELAddressEPS1_N15entsize_list_ttIS1_13method_list_tLj3EE8iteratorES7_EEvT0_S8_T1_S9_T2_T_
00000000000131a2 t __ZNSt3__120get_temporary_bufferI8method_tEENS_4pairIPT_lEEl
000000000001aa63 t __ZNSt3__121__insertion_sort_moveIRN8method_t16SortBySELAddressEN15entsize_list_ttIS1_13method_list_tLj3EE8iteratorEEEvT0_S8_PNS_15iterator_traitsIS8_E10value_typeET_
000000000001ab4e t __ZNSt3__122__merge_move_constructIRN8method_t16SortBySELAddressEN15entsize_list_ttIS1_13method_list_tLj3EE8iteratorES7_EEvT0_S8_T1_S9_PNS_15iterator_traitsIS8_E10value_typeET_
000000000001ac17 t __ZNSt3__124__buffered_inplace_mergeIRN8method_t16SortBySELAddressEN15entsize_list_ttIS1_13method_list_tLj3EE8iteratorEEEvT0_S8_S8_T_NS_15iterator_traitsIS8_E15difference_typeESC_PNSB_10value_typeE
000000000000fe20 t __ZNSt3__127__tree_balance_after_insertIPNS_16__tree_node_baseIPvEEEEvT_S5_
000000000001ca5c t __ZNSt3__13mapIPvN23objc_references_support15ObjcAssociationENS2_17ObjectPointerLessENS2_13ObjcAllocatorINS_4pairIKS1_S3_EEEEEixERS7_
000000000001ce4e t __ZNSt3__16__treeINS_12__value_typeIPvN23objc_references_support15ObjcAssociationEEENS_19__map_value_compareIS2_S5_NS3_17ObjectPointerLessELb1EEENS3_13ObjcAllocatorIS5_EEE16__insert_node_atEPNS_16__tree_node_baseIS2_EERSE_SE_
000000000001ce08 t __ZNSt3__16__treeINS_12__value_typeIPvN23objc_references_support15ObjcAssociationEEENS_19__map_value_compareIS2_S5_NS3_17ObjectPointerLessELb1EEENS3_13ObjcAllocatorIS5_EEE4findIS2_EENS_15__tree_iteratorIS5_PNS_11__tree_nodeIS5_S2_EElEERKT_
000000000001d0cc t __ZNSt3__16__treeINS_12__value_typeIPvN23objc_references_support15ObjcAssociationEEENS_19__map_value_compareIS2_S5_NS3_17ObjectPointerLessELb1EEENS3_13ObjcAllocatorIS5_EEE5eraseENS_21__tree_const_iteratorIS5_PNS_11__tree_nodeIS5_S2_EElEE
000000000001cd42 t __ZNSt3__16__treeINS_12__value_typeIPvN23objc_references_support15ObjcAssociationEEENS_19__map_value_compareIS2_S5_NS3_17ObjectPointerLessELb1EEENS3_13ObjcAllocatorIS5_EEE7destroyEPNS_11__tree_nodeIS5_S2_EE
00000000000129b2 t __ZNSt3__16vectorIN23objc_references_support15ObjcAssociationENS1_13ObjcAllocatorIS2_EEE21__push_back_slow_pathIRKS2_EEvOT_
                 U __ZSt13set_terminatePFvvE
                 U __ZSt9terminatev
0000000000491441 b __ZZ10_objc_initE11initialized
000000000048d370 b __ZZ12_read_imagesE16UnfixedSelectors
000000000048d380 b __ZZ12_read_imagesE18PreoptTotalClasses
000000000048d384 b __ZZ12_read_imagesE22PreoptOptimizedClasses
000000000048d378 b __ZZ12_read_imagesE22PreoptTotalMethodLists
000000000048d37c b __ZZ12_read_imagesE26PreoptOptimizedMethodLists
000000000048d368 b __ZZ12_read_imagesE8doneOnce
000000000048d350 b __ZZ17call_load_methodsE7loading
0000000000491440 b __ZZ17map_images_nolockE9firstTime
000000000048d2f4 b __ZZ18class_lookupMethodE6warned
000000000048d3e8 b __ZZ21objc_setMultithreadedE6warned
000000000048d2f0 b __ZZ22class_respondsToMethodE6warned
000000000048d260 b __ZZ23emptyBucketsForCapacityjbE16emptyBucketsList
000000000048d268 b __ZZ23emptyBucketsForCapacityjbE21emptyBucketsListCount
000000000048d318 b __ZZ24objc_addExceptionHandlerE6warned
000000000048d3d8 b __ZZL12realizeClassP10objc_classE14hackedDispatch
000000000048d3bc b __ZZL15getNonMetaClassP10objc_classP11objc_objectE11sharedcache
000000000048d3b4 b __ZZL15getNonMetaClassP10objc_classP11objc_objectE5named
000000000048d3b0 b __ZZL15getNonMetaClassP10objc_classP11objc_objectE5total
000000000048d3b8 b __ZZL15getNonMetaClassP10objc_classP11objc_objectE9secondary
000000000048d3a8 b __ZZL15remappedClassesbE18remapped_class_map
000000000048d2e0 b __ZZL18_garbage_make_roomvE5first
000000000048d3e0 b __ZZL20unattachedCategoriesvE12category_map
0000000000029830 s __ZZL9addHeaderPK14mach_header_64PKcRiS4_E9emptyInfo
000000000048d3d0 b __ZZL9protocolsvE12protocol_map
0000000000492480 b __ZZN12_GLOBAL__N_119AutoreleasePoolPage6badPopEPvE10complained
000000000000684b t ____ZL11flushCachesP10objc_class_block_invoke
0000000000006853 t ____ZL11flushCachesP10objc_class_block_invoke_2
000000000000683c t ____ZL35foreach_realized_class_and_subclassP10objc_classU13block_pointerFvS0_E_block_invoke
000000000001b215 t ____ZL36foreach_realized_class_and_metaclassU13block_pointerFvP10objc_classE_block_invoke
000000000000b28b t ____ZN10objc_class14setHasCustomRREb_block_invoke
000000000000ae49 t ____ZN10objc_class15setHasCustomAWZEb_block_invoke
0000000000019695 t ____ZN10objc_class25setInstancesRequireRawIsaEb_block_invoke
00000000003d6580 s ___block_descriptor_tmp
00000000003d6750 s ___block_descriptor_tmp.124
00000000003d6780 s ___block_descriptor_tmp.127
00000000003d65b0 s ___block_descriptor_tmp.47
00000000003d65e0 s ___block_descriptor_tmp.50
00000000003d6610 s ___block_descriptor_tmp.54
00000000003d6640 s ___block_descriptor_tmp.64
00000000003d6670 s ___block_descriptor_tmp.67
00000000003d66a0 s ___block_descriptor_tmp.70
00000000003d66d0 s ___block_descriptor_tmp.90
00000000003d6710 s ___block_descriptor_tmp.91
00000000003d66f0 s ___block_literal_global
00000000003d6730 s ___block_literal_global.92
                 U ___bzero
0000000000016c30 t ___clang_call_terminate
0000000000018f01 t ___copy_helper_block_
000000000001b224 t ___copy_helper_block_.121
000000000001b245 t ___copy_helper_block_.125
0000000000018f58 t ___copy_helper_block_.45
0000000000019318 t ___copy_helper_block_.48
0000000000019369 t ___copy_helper_block_.52
0000000000019654 t ___copy_helper_block_.62
0000000000019675 t ___copy_helper_block_.65
00000000000196dd t ___copy_helper_block_.68
                 U ___cxa_allocate_exception
000000000001d246 t ___cxa_atexit
                 U ___cxa_begin_catch
                 U ___cxa_current_exception_type
                 U ___cxa_end_catch
                 U ___cxa_rethrow
                 U ___cxa_throw
0000000000018f13 t ___destroy_helper_block_
000000000001b236 t ___destroy_helper_block_.122
000000000001b257 t ___destroy_helper_block_.126
0000000000018f6a t ___destroy_helper_block_.46
000000000001932a t ___destroy_helper_block_.49
000000000001937b t ___destroy_helper_block_.53
0000000000019666 t ___destroy_helper_block_.63
0000000000019687 t ___destroy_helper_block_.66
00000000000196ef t ___destroy_helper_block_.69
                 U ___error
                 U ___gxx_personality_v0
00000000000192f5 t ___objc_copyClassList_block_invoke
0000000000019338 t ___objc_copyClassList_block_invoke.51
0000000000016516 t ___objc_error
0000000000018ede t ___objc_getClassList_block_invoke
0000000000018f21 t ___objc_getClassList_block_invoke.44
0000000000014b56 T ___objc_personality_v0
                 U ___stack_chk_fail
                 U ___stack_chk_guard
                 U ___stderrp
000000000001e020 t __a1a2_firsttramp
000000000001e028 t __a1a2_nexttramp
000000000001f000 t __a1a2_trampend
000000000001e000 t __a1a2_tramphead
000000000001f020 t __a2a3_firsttramp
000000000001f028 t __a2a3_nexttramp
0000000000020000 t __a2a3_trampend
000000000001f000 t __a2a3_tramphead
0000000000010095 t __calloc_class
000000000000a0da t __category_getClass
000000000001947e t __category_getClassName
000000000000a046 t __category_getLoadMethod
000000000001947a t __category_getName
00000000000160ce t __class_createInstancesFromZone
00000000000199b5 t __class_getClassForIvar
00000000000159b7 T __class_getIvarMemoryManagement
0000000000007cba t __class_getNonMetaClass
000000000000f1e4 t __class_getVariable
0000000000007f46 t __class_initialize
00000000000179f9 T __class_isFutureClass
0000000000007a76 t __class_lookupMethodAndLoadCache3
0000000000014e3e t __class_remap
000000000000c42d t __class_resolveMethod
0000000000019811 T __class_setIvarLayoutAccessor
0000000000012e8e t __destroyAltHandlerList
0000000000012e50 t __destroyInitializingClassList
0000000000012e81 t __destroySyncCache
                 U __dyld_is_memory_immutable
                 U __dyld_objc_notify_register
0000000000001bd2 t __getObjcImageInfo
0000000000001c7b t __hasObjcContents
000000000001d2e7 t __headerForClass
0000000000020000 t __imp_implementationWithBlockNoCopy
000000000001b676 T __objcInit
00000000000207fc T __objc_autoreleasePoolPop
0000000000020801 T __objc_autoreleasePoolPrint
00000000000207f7 T __objc_autoreleasePoolPush
000000000000d825 t __objc_constructOrFree
0000000000012c88 t __objc_copyClassNamesForImage
0000000000020ad8 T __objc_deallocOnMainThreadHelper
00000000000257a0 S __objc_empty_cache
0000000000000000 A __objc_empty_vtable
000000000000839f t __objc_fetch_pthread_data
0000000000017a1c T __objc_flush_caches
00000000003d84d8 d __objc_forward_handler
00000000003d84e0 d __objc_forward_stret_handler
000000000001a07e T __objc_getClassForTag
000000000001a07a T __objc_getFreedObjectClass
0000000000016699 t __objc_inform
000000000001417d t __objc_inform_deprecated
0000000000016814 t __objc_inform_now_and_on_crash
00000000000145e4 t __objc_inform_on_crash
0000000000001001 T __objc_init
00000000000077c0 T __objc_msgForward
000000000000779c t __objc_msgForward_impcache
0000000000007800 T __objc_msgForward_stret
0000000000007718 t __objc_msgLookup_stret_uncached
0000000000007698 t __objc_msgLookup_uncached
0000000000006a80 t __objc_msgNil
0000000000006a9c t __objc_msgNil_fp2ret
0000000000006a8c t __objc_msgNil_fpret
0000000000006aac t __objc_msgNil_stret
0000000000007610 t __objc_msgSend_stret_uncached
0000000000007590 t __objc_msgSend_uncached
000000000002abc0 s __objc_opt_data
00000000003d91d0 s __objc_opt_rw_data
000000000000a3fb T __objc_registerTaggedPointerClass
000000000000a763 T __objc_rootAlloc
0000000000011718 T __objc_rootAllocWithZone
000000000000ded2 T __objc_rootAutorelease
0000000000008fdc T __objc_rootDealloc
00000000000207e0 T __objc_rootFinalize
00000000000149eb T __objc_rootHash
00000000000207f2 T __objc_rootInit
00000000000151dc T __objc_rootIsDeallocating
0000000000011798 T __objc_rootRelease
000000000000d5a0 T __objc_rootReleaseWasZero
000000000000d562 T __objc_rootRetain
0000000000013141 T __objc_rootRetainCount
0000000000015211 T __objc_rootTryRetain
00000000000141c6 T __objc_rootZone
000000000000a4e0 T __objc_setBadAllocHandler
00000000000141c2 t __objc_warn_deprecated
00000000000198ab T __object_getIvarLayout
0000000000010334 t __object_get_associative_reference
00000000000090c4 t __object_remove_assocations
000000000000fad4 t __object_set_associative_reference
000000000000dc12 T __protocol_getMethodTypeEncoding
                 U __pthread_override_qos_class_end_direct
                 U __pthread_override_qos_class_start_direct
                 U __pthread_qos_class_encode
0000000000002a0a t __read_images
                 U __simple_asl_log
0000000000016dd1 t __thisThreadIsInitializingClass
0000000000017f2e t __unload_image
                 U _abort_with_reason
0000000000009f89 t _add_category_to_loadable_list
000000000000948c t _add_class_to_loadable_list
0000000000001dea t _appendHeader
0000000000002990 t _arr_init
                 U _asprintf
                 U _backtrace
                 U _backtrace_symbols
                 U _backtrace_symbols_fd
                 U _bcopy
0000000000492490 s _cacheUpdateLock
000000000000b06c t _cache_collect
0000000000015823 t _cache_delete
00000000000067b5 t _cache_erase_nolock
000000000000852d t _cache_fill
0000000000006ab0 t _cache_getImp
00000000000095de t _call_load_methods
                 U _calloc
00000000000135f2 T _class_addIvar
00000000000102ad T _class_addMethod
0000000000019a41 T _class_addProperty
0000000000013dc8 T _class_addProtocol
000000000000cda6 T _class_conformsToProtocol
0000000000010e42 T _class_copyIvarList
00000000000113ec T _class_copyMethodList
0000000000010f34 T _class_copyPropertyList
0000000000010c30 T _class_copyProtocolList
0000000000006919 T _class_createInstance
000000000001408e T _class_createInstanceFromZone
000000000001a065 T _class_createInstances
000000000000f75b T _class_getClassMethod
0000000000015e74 T _class_getClassVariable
000000000000cd47 T _class_getImageName
000000000000f3f8 T _class_getInstanceMethod
0000000000012d6a T _class_getInstanceSize
000000000001287e T _class_getInstanceVariable
0000000000012935 T _class_getIvarLayout
000000000000c084 T _class_getMethodImplementation
000000000001599d T _class_getMethodImplementation_stret
000000000000c0dc T _class_getName
00000000000138ac T _class_getProperty
000000000000b566 T _class_getSuperclass
000000000000d2de T _class_getVersion
000000000000f381 T _class_getWeakIvarLayout
000000000000c810 T _class_isMetaClass
0000000000015ed3 T _class_lookupMethod
0000000000013d41 T _class_replaceMethod
0000000000019ba5 T _class_replaceProperty
0000000000015e98 T _class_respondsToMethod
000000000000ccd6 T _class_respondsToSelector
000000000000c402 t _class_respondsToSelector_inst
00000000000196ff T _class_setIvarLayout
000000000000ad4b T _class_setSuperclass
000000000000aebb T _class_setVersion
00000000000198d4 T _class_setWeakIvarLayout
                 U _close
0000000000021216 t _copyPreoptimizedClasses
00000000000111cd t _copyPropertyAttributeList
000000000001628d t _copyPropertyAttributeString
000000000001639e t _copyPropertyAttributeValue
0000000000013a10 t _disableSharedCacheOptimizations
                 U _dispatch_get_current_queue
                 U _dispatch_queue_get_label
                 U _dladdr
                 U _dyld_get_program_sdk_version
                 U _dyld_image_path_containing_address
000000000001164d t _encoding_copyArgumentType
000000000000fa3f t _encoding_copyReturnType
000000000000f53c t _encoding_getArgumentInfo
000000000000f4bd t _encoding_getArgumentType
000000000000f9b1 t _encoding_getNumberOfArguments
00000000000139b0 t _encoding_getReturnType
000000000001c86d t _encoding_getSizeOfArguments
000000000000107d t _environ_init
000000000000156e t _exception_init
                 U _fileno
0000000000015cca t _fixupCopiedIvars
                 U _free
                 U _fstat$INODE64
                 U _fsync
                 U _ftruncate
000000000048d1d8 s _gCRAnnotations
00000000000194b0 T _gdb_class_getClass
000000000000ccd5 t _gdb_objc_class_changed
00000000003d8ee0 S _gdb_objc_messenger_breakpoints
00000000004924b8 S _gdb_objc_realized_classes
00000000000194e7 T _gdb_object_getClass
000000000000a266 t _getPreoptimizedClass
00000000000213da t _getPreoptimizedHeaderRW
0000000000004836 t _getPreoptimizedProtocol
                 U _getenv
                 U _geteuid
                 U _getpid
                 U _getsectiondata
                 U _getsegmentdata
0000000000007a50 t _hax
00000000000200ba T _imp_getBlock
00000000000100a5 T _imp_implementationWithBlock
00000000000201ad T _imp_removeBlock
00000000000161e4 t _inform_duplicate
0000000000016088 T _instrumentObjcMessageSends
0000000000003874 t _isPreoptimized
                 U _issetugid
000000000000f367 T _ivar_getName
000000000000f373 T _ivar_getOffset
0000000000010f27 T _ivar_getTypeEncoding
0000000000017788 t _layout_bitmap_clear
0000000000016f46 t _layout_bitmap_create
00000000000170c2 t _layout_bitmap_create_empty
00000000000170f9 t _layout_bitmap_free
00000000000173f0 t _layout_bitmap_grow
00000000000176f8 t _layout_bitmap_or
000000000001781a t _layout_bitmap_print
00000000000172e1 t _layout_bitmap_set_ivar
0000000000017433 t _layout_bitmap_slide
00000000000175f5 t _layout_bitmap_slide_anywhere
0000000000017661 t _layout_bitmap_splat
0000000000017109 t _layout_string_create
00000000003d8460 d _loadMethodLock
0000000000006866 t _load_images
0000000000001530 t _lock_init
0000000000015f24 t _logMessageSend
000000000001b564 t _logReplacedMethod
0000000000007a92 t _lookUpImpOrForward
000000000000c0b9 t _lookUpImpOrNil
000000000000a139 t _look_up_class
000000000000d909 t _lookupMethodInClassAndLoadCache
                 U _lstat$INODE64
                 U _mach_absolute_time
                 U _mach_error
                 U _mach_port_deallocate
                 U _mach_task_self_
                 U _malloc
                 U _malloc_default_zone
                 U _malloc_size
                 U _malloc_zone_batch_malloc
                 U _malloc_zone_calloc
                 U _malloc_zone_from_ptr
                 U _malloc_zone_malloc
                 U _malloc_zone_memalign
0000000000001588 t _map_2_images
0000000000007a61 t _map_images
000000000000166c t _map_images_nolock
                 U _memcmp
                 U _memcpy
                 U _memmove
                 U _memset
0000000000011630 T _method_copyArgumentType
000000000000fa2d T _method_copyReturnType
0000000000015131 T _method_exchangeImplementations
000000000000f480 T _method_getArgumentType
00000000000116b8 T _method_getDescription
000000000000f474 T _method_getImplementation
000000000000fa22 T _method_getName
000000000000f997 T _method_getNumberOfArguments
000000000001398c T _method_getReturnType
000000000000f4b1 T _method_getTypeEncoding
0000000000007a00 T _method_invoke
0000000000007a40 T _method_invoke_stret
00000000000108c1 T _method_setImplementation
00000000000211f5 t _noMissingWeakSuperclasses
0000000000492488 s _objcMsgLogEnabled
00007ffffffffff8 A _objc_absolute_packed_isa_class_mask
000000000001184d T _objc_addExceptionHandler
0000000000020712 T _objc_alloc
0000000000020776 T _objc_allocWithZone
000000000000ff26 T _objc_allocateClassPair
0000000000018771 T _objc_allocateProtocol
000000000001568d T _objc_allocate_object
0000000000016b1d t _objc_alt_handler_error
000000000001b7cb T _objc_appRequiresGC
0000000000015696 T _objc_assertRegisteredThreadWithCollector
000000000000a7c9 T _objc_assign_global
000000000000b1e8 T _objc_assign_ivar
000000000000a740 T _objc_assign_strongCast
000000000001567f T _objc_assign_threadlocal
000000000000d683 T _objc_assign_weak
0000000000015670 T _objc_atomicCompareAndSwapGlobal
00000000000135e3 T _objc_atomicCompareAndSwapGlobalBarrier
0000000000014fe6 T _objc_atomicCompareAndSwapInstanceVariable
000000000001389c T _objc_atomicCompareAndSwapInstanceVariableBarrier
0000000000012443 T _objc_atomicCompareAndSwapPtr
000000000000c3a4 T _objc_atomicCompareAndSwapPtrBarrier
000000000000c780 T _objc_autorelease
000000000002049b t _objc_autoreleaseNoPool
000000000002049c t _objc_autoreleasePoolInvalid
0000000000009b33 T _objc_autoreleasePoolPop
00000000000098df T _objc_autoreleasePoolPush
000000000000cbc2 T _objc_autoreleaseReturnValue
0000000000014e99 T _objc_begin_catch
0000000000013fe9 T _objc_clear_deallocating
0000000000015686 T _objc_clear_stack
000000000001566c T _objc_collect
0000000000015697 T _objc_collect_init
000000000001569a T _objc_collectableZone
0000000000006915 T _objc_collectingEnabled
0000000000015687 T _objc_collecting_enabled
000000000001357a T _objc_constructInstance
0000000000018f78 T _objc_copyClassList
0000000000012c10 T _objc_copyClassNamesForImage
000000000001c9de T _objc_copyCppObjectAtomic
0000000000012ae0 T _objc_copyImageNames
0000000000019389 T _objc_copyProtocolList
0000000000012891 T _objc_copyStruct
000000000000ee07 T _objc_copyWeak
0000000000029800 S _objc_debug_indexed_isa_index_mask
0000000000029808 S _objc_debug_indexed_isa_index_shift
00000000000297f0 S _objc_debug_indexed_isa_magic_mask
00000000000297f8 S _objc_debug_indexed_isa_magic_value
0000000000029810 S _objc_debug_isa_class_mask
0000000000029818 S _objc_debug_isa_magic_mask
0000000000029820 S _objc_debug_isa_magic_value
00000000003d85f0 D _objc_debug_taggedpointer_classes
00000000003d8670 D _objc_debug_taggedpointer_ext_classes
00000000003d84b8 D _objc_debug_taggedpointer_ext_mask
00000000004924c8 S _objc_debug_taggedpointer_ext_payload_lshift
00000000003d84d0 D _objc_debug_taggedpointer_ext_payload_rshift
00000000003d84c8 D _objc_debug_taggedpointer_ext_slot_mask
00000000003d84c0 D _objc_debug_taggedpointer_ext_slot_shift
00000000003d84a0 D _objc_debug_taggedpointer_mask
00000000004924c4 S _objc_debug_taggedpointer_payload_lshift
00000000003d84b0 D _objc_debug_taggedpointer_payload_rshift
00000000003d84a8 D _objc_debug_taggedpointer_slot_mask
00000000004924c0 S _objc_debug_taggedpointer_slot_shift
000000000000e880 T _objc_destroyWeak
0000000000009028 T _objc_destructInstance
0000000000019f10 T _objc_disposeClassPair
00000000000156a0 T _objc_dumpHeap
0000000000019bb0 T _objc_duplicateClass
00000000003d81e0 D _objc_ehtype_vtable
0000000000014f11 T _objc_end_catch
00000000003d84f0 d _objc_entryPoints
000000000001b6df T _objc_enumerationMutation
0000000000014edf T _objc_exception_rethrow
00000000000149fa T _objc_exception_throw
00000000003d8570 d _objc_exitPoints
000000000000cd06 T _objc_finalizeOnMainThread
000000000001032e T _objc_getAssociatedObject
000000000000b276 T _objc_getClass
000000000001427c T _objc_getClassList
000000000000a52e T _objc_getFutureClass
000000000001b483 T _objc_getMetaClass
000000000000cf3d T _objc_getProperty
000000000000f3ab T _objc_getProtocol
000000000001b448 T _objc_getRequiredClass
00000000004924a8 S _objc_indexed_classes
00000000004924b0 S _objc_indexed_classes_count
000000000000e494 T _objc_initWeak
00000000000202a3 T _objc_initWeakOrNil
000000000000a7e9 T _objc_initializeClassPair
000000000001569d T _objc_isAuto
00000000000104a2 T _objc_is_finalized
00000000000105bc T _objc_loadWeak
000000000000e68b T _objc_loadWeakRetained
000000000000a128 T _objc_lookUpClass
000000000000a7d0 T _objc_memmove_collectable
00000000000148e3 T _objc_moveWeak
0000000000006c00 T _objc_msgLookup
0000000000006e00 T _objc_msgLookupSuper2
0000000000007500 T _objc_msgLookupSuper2_stret
0000000000007140 T _objc_msgLookup_fp2ret
0000000000006f80 T _objc_msgLookup_fpret
0000000000007300 T _objc_msgLookup_stret
0000000000006b40 T _objc_msgSend
0000000000006d00 T _objc_msgSendSuper
0000000000006d80 T _objc_msgSendSuper2
0000000000007880 T _objc_msgSendSuper2_debug
0000000000006e84 t _objc_msgSendSuper2_fixedup
0000000000006e80 T _objc_msgSendSuper2_fixup
0000000000007480 T _objc_msgSendSuper2_stret
0000000000007900 T _objc_msgSendSuper2_stret_debug
0000000000007584 t _objc_msgSendSuper2_stret_fixedup
0000000000007580 T _objc_msgSendSuper2_stret_fixup
0000000000007400 T _objc_msgSendSuper_stret
0000000000007840 T _objc_msgSend_debug
0000000000006cc4 t _objc_msgSend_fixedup
0000000000006cc0 T _objc_msgSend_fixup
0000000000007080 T _objc_msgSend_fp2ret
0000000000007980 T _objc_msgSend_fp2ret_debug
0000000000007204 t _objc_msgSend_fp2ret_fixedup
0000000000007200 T _objc_msgSend_fp2ret_fixup
0000000000006ec0 T _objc_msgSend_fpret
0000000000007940 T _objc_msgSend_fpret_debug
0000000000007044 t _objc_msgSend_fpret_fixedup
0000000000007040 T _objc_msgSend_fpret_fixup
00000000000079c0 T _objc_msgSend_noarg
0000000000007240 T _objc_msgSend_stret
00000000000078c0 T _objc_msgSend_stret_debug
00000000000073c4 t _objc_msgSend_stret_fixedup
00000000000073c0 T _objc_msgSend_stret_fixup
00000000000204a6 t _objc_overrelease_during_dealloc_error
0000000000019e28 T _objc_readClassPair
000000000000d68a T _objc_read_weak
000000000000ab9f T _objc_registerClassPair
000000000001886d T _objc_registerProtocol
000000000000e200 T _objc_registerThreadWithCollector
0000000000008f20 T _objc_release
000000000000d666 T _objc_removeAssociatedObjects
00000000000122e4 T _objc_removeExceptionHandler
00000000000069e0 T _objc_retain
000000000000c766 T _objc_retainAutorelease
000000000000cc1b T _objc_retainAutoreleaseReturnValue
000000000000b369 T _objc_retainAutoreleasedReturnValue
000000000000fed8 T _objc_retainBlock
0000000000020283 T _objc_retain_autorelease
0000000000020ae4 T _objc_retainedObject
000000000000facf T _objc_setAssociatedObject
000000000001566e T _objc_setCollectionRatio
000000000001566d T _objc_setCollectionThreshold
000000000000a526 T _objc_setEnumerationMutationHandler
000000000000a4f8 T _objc_setExceptionMatcher
000000000000a4e9 T _objc_setExceptionPreprocessor
000000000000a516 T _objc_setForwardHandler
000000000001b655 T _objc_setMultithreaded
000000000000d2f7 T _objc_setProperty
000000000000ec6b T _objc_setProperty_atomic
000000000000ed38 T _objc_setProperty_atomic_copy
0000000000013279 T _objc_setProperty_nonatomic
000000000000fede T _objc_setProperty_nonatomic_copy
000000000000a507 T _objc_setUncaughtExceptionHandler
000000000001568b T _objc_set_collection_ratio
000000000001568a T _objc_set_collection_threshold
000000000002027d T _objc_should_deallocate
000000000001566f T _objc_startCollectorThread
000000000001568c T _objc_start_collector_thread
000000000000b316 T _objc_storeStrong
000000000000b577 T _objc_storeWeak
000000000000c837 T _objc_storeWeakOrNil
000000000000bc37 T _objc_sync_enter
000000000000c01d T _objc_sync_exit
000000000001492c t _objc_sync_nil
0000000000016985 T _objc_terminate
0000000000015695 T _objc_unregisterThreadWithCollector
0000000000020ae8 T _objc_unretainedObject
0000000000020aec T _objc_unretainedPointer
0000000000020a9b T _objc_unsafeClaimAutoreleasedReturnValue
000000000002025a t _objc_weak_error
000000000000e93c T _object_copy
000000000001a075 T _object_copyFromZone
000000000000d84c t _object_cxxConstructFromClass
00000000000104a5 t _object_cxxDestruct
0000000000009001 T _object_dispose
000000000000a6f6 T _object_getClass
0000000000011743 T _object_getClassName
000000000000af41 T _object_getIndexedIvars
0000000000015c5b T _object_getInstanceVariable
0000000000014f8f T _object_getIvar
000000000000d6c3 T _object_getMethodImplementation
0000000000015936 T _object_getMethodImplementation_stret
0000000000015907 T _object_isClass
000000000000a57d T _object_setClass
000000000000f129 T _object_setInstanceVariable
0000000000015ba1 T _object_setInstanceVariableWithStrongDefault
000000000000f2e2 T _object_setIvar
0000000000015b1c T _object_setIvarWithStrongDefault
                 U _open
                 U _os_unfair_lock_lock_with_options
                 U _os_unfair_lock_unlock
                 U _pread
0000000000001ad4 t _preopt_init
0000000000001baa t _preoptimizedHinfoForHeader
000000000000228e t _preoptimizedSelectors
                 U _printf
0000000000011158 T _property_copyAttributeList
000000000001847f T _property_copyAttributeValue
0000000000011819 T _property_getAttributes
0000000000011153 T _property_getName
0000000000018b30 T _protocol_addMethodDescription
0000000000018d27 T _protocol_addProperty
0000000000018a31 T _protocol_addProtocol
00000000000127b3 T _protocol_conformsToProtocol
000000000000daa9 T _protocol_copyMethodDescriptionList
0000000000018762 T _protocol_copyPropertyList
0000000000018671 T _protocol_copyPropertyList2
000000000000d9a5 T _protocol_copyProtocolList
000000000000df32 T _protocol_getMethodDescription
000000000000de4e T _protocol_getName
00000000000184f0 T _protocol_getProperty
0000000000012768 T _protocol_isEqual
                 U _pthread_cond_broadcast
                 U _pthread_cond_wait
                 U _pthread_equal
                 U _pthread_getname_np
                 U _pthread_getspecific
                 U _pthread_key_init_np
                 U _pthread_mach_thread_np
                 U _pthread_mutex_lock
                 U _pthread_mutex_unlock
                 U _pthread_rwlock_rdlock
                 U _pthread_rwlock_unlock
                 U _pthread_rwlock_wrlock
                 U _pthread_self
                 U _pthread_setspecific
                 U _putchar
                 U _qos_class_main
                 U _realloc
000000000001b4d2 t _removeHeader
00000000000178ed t _remove_category_from_loadable_list
000000000001788d t _remove_class_from_loadable_list
00000000003d82d0 d _runtimeLock
00000000003d8398 d _selLock
000000000000d816 T _sel_getName
0000000000012ddd T _sel_getUid
0000000000001fe4 t _sel_init
0000000000012954 T _sel_isEqual
000000000001c7e1 T _sel_isMapped
0000000000004407 t _sel_lock
000000000000acfb T _sel_registerName
00000000000106e3 t _sel_registerNameNoLock
0000000000004416 t _sel_unlock
                 U _snprintf
                 U _sprintf
                 U _strcat
                 U _strchr
                 U _strcmp
                 U _strcspn
                 U _strdup
                 U _strlcpy
                 U _strlen
                 U _strncmp
                 U _strncpy
                 U _strstr
                 U _strtoul
                 U _task_threads
                 U _thread_get_state
0000000000001388 t _tls_init
0000000000014ff6 t _unmap_image
0000000000015066 t _unmap_image_nolock
                 U _unw_get_proc_info
                 U _unw_get_reg
                 U _unw_getcontext
                 U _unw_init_local
                 U _unw_step
                 U _vasprintf
                 U _vm_allocate
                 U _vm_deallocate
                 U _vm_remap
000000000000f852 t _weak_clear_no_lock
000000000000b8f1 t _weak_register_no_lock
000000000000b7c7 t _weak_unregister_no_lock
                 U _write
                 U dyld_stub_binder
