0000000000002c85 t -[KPCertificate .cxx_destruct]
0000000000002c37 t -[KPCertificate exponent]
0000000000002c10 t -[KPCertificate modulus]
0000000000002c5e t -[KPCertificate objId]
0000000000002be9 t -[KPCertificate privateKeyAcl]
0000000000002bc2 t -[KPCertificate privateKey]
0000000000002c4d t -[KPCertificate setExponent:]
0000000000002c26 t -[KPCertificate setModulus:]
0000000000002c74 t -[KPCertificate setObjId:]
0000000000002bd8 t -[KPCertificate setPrivateKey:]
0000000000002bff t -[KPCertificate setPrivateKeyAcl:]
0000000000002baf t -[KPSession .cxx_destruct]
0000000000002b6b t -[KPSession findIndex]
0000000000002b22 t -[KPSession findResults]
0000000000002b7c t -[KPSession setFindIndex:]
0000000000002b38 t -[KPSession setFindResults:]
0000000000002b9e t -[KPSession setSignIndex:]
0000000000002b5a t -[KPSession setSlotIndex:]
0000000000002b8d t -[KPSession signIndex]
0000000000002b49 t -[KPSession slotIndex]
0000000000002abe t -[KPSlot .cxx_destruct]
0000000000002a4d t -[KPSlot ID]
0000000000002a97 t -[KPSlot authenticationContext]
00000000000029d8 t -[KPSlot certificates]
00000000000029ff t -[KPSlot keychain]
0000000000002a26 t -[KPSlot name]
0000000000002aad t -[KPSlot setAuthenticationContext:]
00000000000029ee t -[KPSlot setCertificates:]
0000000000002a63 t -[KPSlot setID:]
0000000000002a15 t -[KPSlot setKeychain:]
0000000000002a3c t -[KPSlot setName:]
0000000000002a87 t -[KPSlot setUnlocked:]
0000000000002a74 t -[KPSlot unlocked]
0000000000005380 s GCC_except_table8
                 U _CFArrayGetCount
                 U _CFRelease
000000000000167b t _C_CloseSession
00000000000012b4 t _C_Finalize
000000000000248e t _C_FindObjects
0000000000002631 t _C_FindObjectsFinal
000000000000207c t _C_FindObjectsInit
0000000000001cba t _C_GetAttributeValue
0000000000001368 T _C_GetFunctionList
00000000000012bc t _C_GetInfo
000000000000139e t _C_GetSlotList
0000000000001419 t _C_GetTokenInfo
0000000000001201 t _C_Initialize
00000000000016fd t _C_Login
000000000000154e t _C_OpenSession
00000000000027a9 t _C_Sign
0000000000002695 t _C_SignInit
                 U _NSLog
00000000000070f8 s _OBJC_CLASS_$_KPCertificate
00000000000070a8 s _OBJC_CLASS_$_KPSession
0000000000007058 s _OBJC_CLASS_$_KPSlot
                 U _OBJC_CLASS_$_LAContext
                 U _OBJC_CLASS_$_NSArray
                 U _OBJC_CLASS_$_NSData
                 U _OBJC_CLASS_$_NSDictionary
                 U _OBJC_CLASS_$_NSMutableArray
                 U _OBJC_CLASS_$_NSMutableData
                 U _OBJC_CLASS_$_NSMutableDictionary
                 U _OBJC_CLASS_$_NSMutableString
                 U _OBJC_CLASS_$_NSNumber
                 U _OBJC_CLASS_$_NSObject
                 U _OBJC_CLASS_$_NSProcessInfo
                 U _OBJC_CLASS_$_NSString
0000000000007020 s _OBJC_IVAR_$_KPCertificate._exponent
0000000000007018 s _OBJC_IVAR_$_KPCertificate._modulus
0000000000007028 s _OBJC_IVAR_$_KPCertificate._objId
0000000000007008 s _OBJC_IVAR_$_KPCertificate._privateKey
0000000000007010 s _OBJC_IVAR_$_KPCertificate._privateKeyAcl
0000000000006ff8 s _OBJC_IVAR_$_KPSession._findIndex
0000000000006fe8 s _OBJC_IVAR_$_KPSession._findResults
0000000000007000 s _OBJC_IVAR_$_KPSession._signIndex
0000000000006ff0 s _OBJC_IVAR_$_KPSession._slotIndex
0000000000006fd0 s _OBJC_IVAR_$_KPSlot._ID
0000000000006fe0 s _OBJC_IVAR_$_KPSlot._authenticationContext
0000000000006fb8 s _OBJC_IVAR_$_KPSlot._certificates
0000000000006fc0 s _OBJC_IVAR_$_KPSlot._keychain
0000000000006fc8 s _OBJC_IVAR_$_KPSlot._name
0000000000006fd8 s _OBJC_IVAR_$_KPSlot._unlocked
00000000000070d0 s _OBJC_METACLASS_$_KPCertificate
0000000000007080 s _OBJC_METACLASS_$_KPSession
0000000000007030 s _OBJC_METACLASS_$_KPSlot
                 U _OBJC_METACLASS_$_NSObject
                 U _SecCertificateCopyCommonName
                 U _SecCertificateCopyPublicKeySHA1Digest
                 U _SecIdentityCopyCertificate
                 U _SecIdentityCopyPrivateKey
                 U _SecItemCopyMatching
                 U _SecKeyCopyAttributes
                 U _SecKeyCopyExponent
                 U _SecKeyCopyModulus
                 U _SecKeyCopyPublicBytes
                 U _SecKeyCreateSignature
                 U _SecKeychainCopyDomainSearchList
                 U _SecKeychainGetPath
                 U _SecKeychainGetStatus
                 U _SecKeychainUnlock
                 U _SecPolicyCreateBasicX509
                 U _SecTrustCopyPublicKey
                 U _SecTrustCreateWithCertificates
                 U __Block_object_assign
                 U __Block_object_dispose
                 U __NSConcreteStackBlock
                 U __Unwind_Resume
                 U ___CFConstantStringClassReference
000000000000505f t ___C_Login_block_invoke
0000000000006260 s ___block_descriptor_tmp
                 U ___bzero
000000000000507e t ___copy_helper_block_
00000000000050a9 t ___destroy_helper_block_
                 U ___objc_personality_v0
                 U ___stack_chk_fail
                 U ___stack_chk_guard
0000000000007358 s __lastSession
                 U __objc_empty_cache
0000000000007348 s __sessions
0000000000007350 s __slots
0000000000002fff t _dataFromHex
0000000000002f7b t _dataToHex
                 U _dispatch_semaphore_create
                 U _dispatch_semaphore_signal
                 U _dispatch_semaphore_wait
0000000000004014 t _getAvailableSlots
0000000000003178 t _getCertificateFilter
0000000000003e84 t _getPrivateKeyLabelAndAccessControl
0000000000002ce9 t _getProcessName
0000000000002f0b t _getSession
0000000000003c0f t _getSlot
                 U _getprogname
0000000000002d14 t _isCallerEligibleForUse
                 U _kCFBooleanTrue
                 U _kSecAttrAccessControl
                 U _kSecAttrAccessGroup
                 U _kSecAttrAccessGroupToken
                 U _kSecAttrApplicationLabel
                 U _kSecAttrCanSign
                 U _kSecAttrKeyClass
                 U _kSecAttrKeyClassPrivate
                 U _kSecAttrKeyType
                 U _kSecAttrKeyTypeRSA
                 U _kSecAttrLabel
                 U _kSecAttrTokenID
                 U _kSecClass
                 U _kSecClassIdentity
                 U _kSecClassKey
                 U _kSecKeyAlgorithmRSASignatureDigestPKCS1v15Raw
                 U _kSecMatchLimit
                 U _kSecMatchLimitAll
                 U _kSecMatchLimitOne
                 U _kSecMatchSearchList
                 U _kSecReturnAttributes
                 U _kSecReturnPersistentRef
                 U _kSecReturnRef
                 U _kSecUseAuthenticationContext
                 U _kSecValuePersistentRef
                 U _memcpy
                 U _memset
                 U _objc_autorelease
                 U _objc_autoreleaseReturnValue
                 U _objc_enumerationMutation
                 U _objc_getProperty
                 U _objc_msgSend
                 U _objc_release
                 U _objc_retain
                 U _objc_retainAutorelease
                 U _objc_retainAutoreleasedReturnValue
                 U _objc_setProperty_atomic
                 U _objc_storeStrong
0000000000007120 d _pkcs11_function_list
00000000000035fa t _processIdentity
0000000000003132 t _stringCpyPaddedWithSpaces
                 U _strlen
                 U _strncpy
                 U _strtoul
                 U dyld_stub_binder
