00000000000008aa T _APCategoryAndIdentifierForLegacyPolicyName
0000000000000867 T _APLegacyPoliciesWithPolicySet
                 U _APPolicySetCategoryAndIdentifierForLegacyPolicyName
                 U _APPolicySetCopyAccountPolicies
                 U _APPolicySetCopyLegacyPolicies
                 U _APPolicySetCreateWithAccountPolicies
                 U _APPolicySetCreateWithLegacyPolicies
0000000000000824 T _APPolicySetWithLegacyPolicies
                 U _CFRelease
                 U ___CFConstantStringClassReference
0000000000001138 S _kAPAttributeConsecutiveCharacters
0000000000001130 S _kAPAttributeCreationTime
00000000000010d8 S _kAPAttributeCurrentDate
00000000000010e8 S _kAPAttributeCurrentDayOfWeek
00000000000010e0 S _kAPAttributeCurrentTime
00000000000010f0 S _kAPAttributeCurrentTimeOfDay
0000000000001190 S _kAPAttributeDaysUntilExpiration
00000000000011b8 S _kAPAttributeEnableAtTimeOfDay
0000000000001198 S _kAPAttributeEnableOnDate
00000000000011a8 S _kAPAttributeEnableOnDayOfWeek
00000000000011c0 S _kAPAttributeExpiresAtTimeOfDay
0000000000001188 S _kAPAttributeExpiresEveryNDays
00000000000011a0 S _kAPAttributeExpiresOnDate
00000000000011b0 S _kAPAttributeExpiresOnDayOfWeek
00000000000010f8 S _kAPAttributeFailedAuthentications
0000000000001178 S _kAPAttributeGlobalPolicies
0000000000001168 S _kAPAttributeGlobalPoliciesGUID
0000000000001158 S _kAPAttributeIsAdmin
0000000000001160 S _kAPAttributeIsAdministrativelyDisabled
00000000000011c8 S _kAPAttributeIsMemberOfGroup
0000000000001110 S _kAPAttributeLastAuthenticationTime
0000000000001108 S _kAPAttributeLastFailedAuthenticationTime
0000000000001120 S _kAPAttributeLastPasswordChangeTime
0000000000001140 S _kAPAttributeMaximumConsecutiveCharacters
0000000000001100 S _kAPAttributeMaximumFailedAuthentications
0000000000001150 S _kAPAttributeMaximumSequentialCharacters
0000000000001118 S _kAPAttributeMinutesUntilFailedAuthenticationReset
0000000000001128 S _kAPAttributeNewPasswordRequiredTime
00000000000010b8 S _kAPAttributePassword
00000000000010c0 S _kAPAttributePasswordHashes
00000000000010c8 S _kAPAttributePasswordHistory
00000000000010d0 S _kAPAttributePasswordHistoryDepth
00000000000010a8 S _kAPAttributeRecordName
0000000000001180 S _kAPAttributeRecordPolicies
0000000000001170 S _kAPAttributeRecordPoliciesGUID
00000000000010b0 S _kAPAttributeRecordType
00000000000011d0 S _kAPAttributeRecordTypeComputer
00000000000011d8 S _kAPAttributeRecordTypeUser
0000000000001148 S _kAPAttributeSequentialCharacters
0000000000000fa0 S _kAPExpirationTimeExpired
0000000000000fa8 S _kAPExpirationTimeNeverExpires
00000000000011e0 S _kAPLegacyPolicyCategory
00000000000011e8 S _kAPLegacyPolicyIdentifier
0000000000001080 S _kAPPolicyCategoryAuthentication
0000000000001088 S _kAPPolicyCategoryPasswordChange
0000000000001090 S _kAPPolicyCategoryPasswordContent
0000000000001058 S _kAPPolicyKeyContent
0000000000001060 S _kAPPolicyKeyContentDescription
0000000000001078 S _kAPPolicyKeyDefaultContentDescription
00000000000010a0 S _kAPPolicyKeyDefaultPasswordContentSummary
0000000000001068 S _kAPPolicyKeyEvaluationDetails
0000000000001048 S _kAPPolicyKeyIdentifier
0000000000001050 S _kAPPolicyKeyParameters
0000000000001098 S _kAPPolicyKeyPasswordContentSummaries
0000000000001070 S _kAPPolicyKeyPolicySatisfied
                 U _kCFAllocatorDefault
                 U dyld_stub_binder
