                 U _BZ2_bzCompress
                 U _BZ2_bzCompressEnd
                 U _BZ2_bzCompressInit
                 U _BZ2_bzDecompress
                 U _BZ2_bzDecompressEnd
                 U _BZ2_bzDecompressInit
                 U _CC_MD5_Final
                 U _CC_MD5_Init
                 U _CC_MD5_Update
                 U _CC_SHA1_Final
                 U _CC_SHA1_Init
                 U _CC_SHA1_Update
                 U _CC_SHA256_Final
                 U _CC_SHA256_Init
                 U _CC_SHA256_Update
                 U _CC_SHA384_Final
                 U _CC_SHA384_Init
                 U _CC_SHA384_Update
                 U _CC_SHA512_Final
                 U _CC_SHA512_Init
                 U _CC_SHA512_Update
000000000002b998 S ___archive_2VersionNumber
000000000002b960 S ___archive_2VersionString
00000000000264cb T ___archive_check_child
00000000000011e0 T ___archive_check_magic
0000000000026332 T ___archive_create_child
0000000000002f34 T ___archive_entry_acl_parse_w
000000000001958b T ___archive_errx
00000000000195e4 T ___archive_parse_options
0000000000004f53 T ___archive_read_ahead
000000000000526b T ___archive_read_consume
0000000000004f64 T ___archive_read_filter_ahead
00000000000052a0 T ___archive_read_filter_consume
000000000000534b T ___archive_read_filter_skip
0000000000004ed5 T ___archive_read_get_bidder
0000000000007ae1 T ___archive_read_program
0000000000004e24 T ___archive_read_register_format
00000000000052ca T ___archive_read_skip
0000000000005326 T ___archive_read_skip_lenient
0000000000018c78 T ___archive_strappend_char
0000000000019018 T ___archive_strappend_w_mbs
0000000000018c98 T ___archive_strappend_w_utf8
0000000000018a4e T ___archive_string_append
0000000000018ba7 T ___archive_string_concat
0000000000018b43 T ___archive_string_copy
0000000000018ab7 T ___archive_string_ensure
0000000000018c0f T ___archive_string_free
0000000000019024 T ___archive_string_sprintf
0000000000018e7e T ___archive_string_utf8_w
00000000000190c6 T ___archive_string_vsprintf
0000000000018c43 T ___archive_strncat
0000000000025086 T ___archive_write_format_header_ustar
                 U ___bzero
                 U ___error
                 U ___memmove_chk
                 U ___sprintf_chk
                 U ___stack_chk_fail
                 U ___stack_chk_guard
                 U ___strcat_chk
                 U ___strncpy_chk
                 U __exit
                 U _abort
00000000000193d7 T _archive_api_feature
00000000000193e2 T _archive_api_version
0000000000019484 T _archive_clear_error
000000000001945d T _archive_compression
0000000000019466 T _archive_compression_name
0000000000019560 T _archive_copy_error
00000000000026f7 T _archive_entry_acl_add_entry
00000000000027ee T _archive_entry_acl_add_entry_w
000000000000146d T _archive_entry_acl_clear
00000000000028ee T _archive_entry_acl_count
0000000000002987 T _archive_entry_acl_next
0000000000002922 T _archive_entry_acl_reset
0000000000002ae5 T _archive_entry_acl_text_w
0000000000001836 T _archive_entry_atime
0000000000001849 T _archive_entry_atime_is_set
0000000000001840 T _archive_entry_atime_nsec
0000000000001858 T _archive_entry_birthtime
000000000000186b T _archive_entry_birthtime_is_set
0000000000001862 T _archive_entry_birthtime_nsec
000000000000139c T _archive_entry_clear
00000000000014e1 T _archive_entry_clone
0000000000001e08 T _archive_entry_copy_fflags_text
0000000000001f72 T _archive_entry_copy_fflags_text_w
000000000000210a T _archive_entry_copy_gname
000000000000211b T _archive_entry_copy_gname_w
0000000000002246 T _archive_entry_copy_hardlink
000000000000227e T _archive_entry_copy_hardlink_w
0000000000002407 T _archive_entry_copy_link
000000000000242e T _archive_entry_copy_link_w
00000000000024ee T _archive_entry_copy_pathname
00000000000024ff T _archive_entry_copy_pathname_w
00000000000025bf T _archive_entry_copy_sourcepath
00000000000037c5 T _archive_entry_copy_stat
0000000000002608 T _archive_entry_copy_symlink
0000000000002640 T _archive_entry_copy_symlink_w
00000000000026c4 T _archive_entry_copy_uname
00000000000026d5 T _archive_entry_copy_uname_w
000000000000187a T _archive_entry_ctime
0000000000001884 T _archive_entry_ctime_is_set
0000000000001893 T _archive_entry_ctime_nsec
000000000000189c T _archive_entry_dev
00000000000018b6 T _archive_entry_devmajor
00000000000018cb T _archive_entry_devminor
00000000000018f3 T _archive_entry_fflags
000000000000190d T _archive_entry_fflags_text
00000000000018e4 T _archive_entry_filetype
00000000000017e9 T _archive_entry_free
0000000000001b3f T _archive_entry_gid
0000000000001b48 T _archive_entry_gname
0000000000001b59 T _archive_entry_gname_w
0000000000001c19 T _archive_entry_hardlink
0000000000001c37 T _archive_entry_hardlink_w
0000000000001c55 T _archive_entry_ino
0000000000001c5f T _archive_entry_ino64
0000000000003a05 T _archive_entry_linkify
000000000000393b T _archive_entry_linkresolver_free
000000000000386e T _archive_entry_linkresolver_new
00000000000038ec T _archive_entry_linkresolver_set_strategy
0000000000001c69 T _archive_entry_mode
0000000000001c73 T _archive_entry_mtime
0000000000001c86 T _archive_entry_mtime_is_set
0000000000001c7d T _archive_entry_mtime_nsec
0000000000001805 T _archive_entry_new
0000000000001c95 T _archive_entry_nlink
0000000000001c9e T _archive_entry_pathname
0000000000001caf T _archive_entry_pathname_w
0000000000001cc0 T _archive_entry_rdev
0000000000001ce3 T _archive_entry_rdevmajor
0000000000001cfe T _archive_entry_rdevminor
00000000000022e1 T _archive_entry_set_atime
0000000000002321 T _archive_entry_set_birthtime
0000000000002361 T _archive_entry_set_ctime
00000000000023a1 T _archive_entry_set_dev
00000000000023b2 T _archive_entry_set_devmajor
00000000000023c9 T _archive_entry_set_devminor
0000000000001dd0 T _archive_entry_set_fflags
0000000000001dae T _archive_entry_set_filetype
00000000000020e9 T _archive_entry_set_gid
00000000000020f9 T _archive_entry_set_gname
000000000000220e T _archive_entry_set_hardlink
00000000000021ec T _archive_entry_set_ino
00000000000021fd T _archive_entry_set_ino64
00000000000023e0 T _archive_entry_set_link
000000000000247c T _archive_entry_set_mode
000000000000248d T _archive_entry_set_mtime
00000000000024cd T _archive_entry_set_nlink
00000000000024dd T _archive_entry_set_pathname
0000000000002521 T _archive_entry_set_perm
0000000000002543 T _archive_entry_set_rdev
0000000000002557 T _archive_entry_set_rdevmajor
0000000000002571 T _archive_entry_set_rdevminor
000000000000258b T _archive_entry_set_size
00000000000025d0 T _archive_entry_set_symlink
00000000000026a3 T _archive_entry_set_uid
00000000000026b3 T _archive_entry_set_uname
0000000000001d1d T _archive_entry_size
0000000000001d27 T _archive_entry_size_is_set
0000000000001d36 T _archive_entry_sourcepath
0000000000003e56 T _archive_entry_stat
0000000000003f63 T _archive_entry_strmode
0000000000001d47 T _archive_entry_symlink
0000000000001d65 T _archive_entry_symlink_w
0000000000001d83 T _archive_entry_uid
0000000000001d8c T _archive_entry_uname
0000000000001d9d T _archive_entry_uname_w
00000000000022fc T _archive_entry_unset_atime
000000000000233c T _archive_entry_unset_birthtime
000000000000237c T _archive_entry_unset_ctime
00000000000024a8 T _archive_entry_unset_mtime
00000000000025a3 T _archive_entry_unset_size
000000000000212c T _archive_entry_update_gname_utf8
00000000000022b6 T _archive_entry_update_hardlink_utf8
0000000000002455 T _archive_entry_update_link_utf8
0000000000002510 T _archive_entry_update_pathname_utf8
0000000000002678 T _archive_entry_update_symlink_utf8
00000000000026e6 T _archive_entry_update_uname_utf8
000000000000411e T _archive_entry_xattr_add_entry
00000000000040c1 T _archive_entry_xattr_clear
00000000000041af T _archive_entry_xattr_count
00000000000041f1 T _archive_entry_xattr_next
00000000000041ca T _archive_entry_xattr_reset
000000000001941d T _archive_errno
0000000000019426 T _archive_error_string
0000000000019441 T _archive_file_count
000000000001944a T _archive_format
0000000000019453 T _archive_format_name
0000000000019470 T _archive_position_compressed
000000000001947a T _archive_position_uncompressed
000000000001989d T _archive_read_close
0000000000004c33 T _archive_read_data
0000000000004da0 T _archive_read_data_block
0000000000004e17 T _archive_read_data_into_buffer
000000000000564c T _archive_read_data_into_fd
0000000000004b5f T _archive_read_data_skip
000000000000595d T _archive_read_disk_entry_from_file
0000000000005743 T _archive_read_disk_gname
0000000000005841 T _archive_read_disk_new
000000000000577c T _archive_read_disk_set_gname_lookup
0000000000005b24 T _archive_read_disk_set_standard_lookup
00000000000058f3 T _archive_read_disk_set_symlink_hybrid
00000000000058d7 T _archive_read_disk_set_symlink_logical
00000000000058e5 T _archive_read_disk_set_symlink_physical
00000000000057da T _archive_read_disk_set_uname_lookup
000000000000575e T _archive_read_disk_uname
0000000000005f0d T _archive_read_extract
0000000000005ff3 T _archive_read_extract2
0000000000006134 T _archive_read_extract_set_progress_callback
00000000000042c4 T _archive_read_extract_set_skip_file
00000000000198b4 T _archive_read_finish
0000000000004c06 T _archive_read_header_position
000000000000424e T _archive_read_new
0000000000004bdd T _archive_read_next_header
000000000000499d T _archive_read_next_header2
000000000000468c T _archive_read_open
000000000000469f T _archive_read_open2
00000000000063c8 T _archive_read_open_FILE
0000000000006193 T _archive_read_open_fd
000000000000657f T _archive_read_open_file
0000000000006589 T _archive_read_open_filename
00000000000068e2 T _archive_read_open_memory
00000000000068ef T _archive_read_open_memory2
00000000000044e3 T _archive_read_set_filter_options
0000000000004300 T _archive_read_set_format_options
000000000000463e T _archive_read_set_options
00000000000069f0 T _archive_read_support_compression_all
0000000000006a40 T _archive_read_support_compression_bzip2
0000000000006e3e T _archive_read_support_compression_compress
0000000000007414 T _archive_read_support_compression_gzip
0000000000009309 T _archive_read_support_compression_lzma
000000000000795e T _archive_read_support_compression_none
0000000000007966 T _archive_read_support_compression_program
0000000000007974 T _archive_read_support_compression_program_signature
0000000000007f80 T _archive_read_support_compression_rpm
00000000000083c9 T _archive_read_support_compression_uu
000000000000922c T _archive_read_support_compression_xz
000000000000985f T _archive_read_support_format_all
00000000000098ae T _archive_read_support_format_ar
000000000000a260 T _archive_read_support_format_cpio
000000000000b2df T _archive_read_support_format_empty
000000000001095c T _archive_read_support_format_gnutar
000000000000b374 T _archive_read_support_format_iso9660
000000000000ea14 T _archive_read_support_format_mtree
0000000000010720 T _archive_read_support_format_raw
0000000000010966 T _archive_read_support_format_tar
00000000000134e0 T _archive_read_support_format_xar
00000000000179b0 T _archive_read_support_format_zip
000000000001949a T _archive_set_error
0000000000019403 T _archive_version
00000000000193f8 T _archive_version_number
00000000000193ed T _archive_version_stamp
0000000000019410 T _archive_version_string
0000000000019892 T _archive_write_close
00000000000198de T _archive_write_data
00000000000198ed T _archive_write_data_block
000000000001a20c T _archive_write_disk_new
000000000001a172 T _archive_write_disk_set_group_lookup
000000000001a120 T _archive_write_disk_set_options
000000000001a12e T _archive_write_disk_set_skip_file
000000000001c1db T _archive_write_disk_set_standard_lookup
000000000001a1bf T _archive_write_disk_set_user_lookup
00000000000198a8 T _archive_write_finish
00000000000198d2 T _archive_write_finish_entry
0000000000019de5 T _archive_write_get_bytes_in_last_block
0000000000019d88 T _archive_write_get_bytes_per_block
00000000000198c0 T _archive_write_header
00000000000198fc T _archive_write_new
0000000000019e4f T _archive_write_open
000000000001c7ec T _archive_write_open_FILE
000000000001c669 T _archive_write_open_fd
000000000001c8b0 T _archive_write_open_file
000000000001c8ba T _archive_write_open_filename
000000000001cabc T _archive_write_open_memory
0000000000019db4 T _archive_write_set_bytes_in_last_block
0000000000019d57 T _archive_write_set_bytes_per_block
000000000001cc01 T _archive_write_set_compression_bzip2
000000000001d1cc T _archive_write_set_compression_compress
000000000001d964 T _archive_write_set_compression_gzip
000000000001eebf T _archive_write_set_compression_lzma
000000000001e0cb T _archive_write_set_compression_none
000000000001e4cb T _archive_write_set_compression_program
000000000001ea72 T _archive_write_set_compression_xz
0000000000019b71 T _archive_write_set_compressor_options
000000000001f0a1 T _archive_write_set_format
000000000001f0e0 T _archive_write_set_format_ar_bsd
000000000001f1e0 T _archive_write_set_format_ar_svr4
000000000001fa61 T _archive_write_set_format_by_name
000000000001fadc T _archive_write_set_format_cpio
0000000000020112 T _archive_write_set_format_cpio_newc
0000000000020704 T _archive_write_set_format_mtree
00000000000199ec T _archive_write_set_format_options
000000000002216e T _archive_write_set_format_pax
0000000000022147 T _archive_write_set_format_pax_restricted
0000000000023f25 T _archive_write_set_format_shar
000000000002499a T _archive_write_set_format_shar_dump
0000000000024ce8 T _archive_write_set_format_ustar
000000000002573f T _archive_write_set_format_zip
0000000000019d0f T _archive_write_set_options
0000000000019e11 T _archive_write_set_skip_file
                 U _calloc
                 U _chdir
                 U _chmod
                 U _close
                 U _crc32
                 U _deflate
                 U _deflateEnd
                 U _deflateInit2_
                 U _dup
                 U _dup2
                 U _execlp
                 U _exit
                 U _fchdir
                 U _fchflags
                 U _fchmod
                 U _fchown
                 U _fcntl
                 U _fileno
                 U _fread
                 U _free
                 U _fseeko
                 U _fstat$INODE64
                 U _ftruncate
                 U _futimes
                 U _fwrite
                 U _geteuid
                 U _getgrgid_r
                 U _getgrnam_r
                 U _getpwnam_r
                 U _getpwuid_r
                 U _inflate
                 U _inflateEnd
                 U _inflateInit2_
                 U _inflateInit_
                 U _inflateReset
                 U _lchflags
                 U _lchmod
                 U _lchown
                 U _link
                 U _localtime
                 U _lseek
                 U _lstat$INODE64
                 U _lutimes
                 U _lzma_alone_decoder
                 U _lzma_alone_encoder
                 U _lzma_code
                 U _lzma_end
                 U _lzma_lzma_preset
                 U _lzma_memusage
                 U _lzma_stream_decoder
                 U _lzma_stream_encoder
                 U _malloc
                 U _mbstowcs
                 U _memchr
                 U _memcmp
                 U _memcpy
                 U _memmove
                 U _memset
                 U _mkdir
                 U _mkfifo
                 U _mknod
                 U _mktime
                 U _open
                 U _pipe
                 U _poll
                 U _read
                 U _readlink
                 U _realloc
                 U _rmdir
                 U _stat$INODE64
                 U _strchr
                 U _strcmp
                 U _strcpy
                 U _strcspn
                 U _strdup
                 U _strlen
                 U _strncmp
                 U _strncpy
                 U _strrchr
                 U _strspn
                 U _strstr
                 U _symlink
                 U _time
                 U _timegm
                 U _umask
                 U _unlink
                 U _utimes
                 U _vfork
                 U _waitpid
                 U _wcscpy
                 U _wcslen
                 U _wmemcmp
                 U _wmemcpy
                 U _write
                 U _xmlCleanupParser
                 U _xmlFreeTextReader
                 U _xmlReaderForIO
                 U _xmlTextReaderConstLocalName
                 U _xmlTextReaderConstValue
                 U _xmlTextReaderIsEmptyElement
                 U _xmlTextReaderMoveToFirstAttribute
                 U _xmlTextReaderMoveToNextAttribute
                 U _xmlTextReaderNodeType
                 U _xmlTextReaderRead
                 U _xmlTextReaderSetErrorHandler
                 U dyld_stub_binder
