
nm_sample/hell/libft.a(ft_tolower.o):
0000000000000020 s EH_frame1
0000000000000000 T _ft_tolower

nm_sample/hell/libft.a(ft_toupper.o):
0000000000000020 s EH_frame1
0000000000000000 T _ft_toupper

nm_sample/hell/libft.a(ft_isprint.o):
0000000000000028 s EH_frame1
0000000000000000 T _ft_isprint

nm_sample/hell/libft.a(ft_isascii.o):
0000000000000028 s EH_frame1
0000000000000000 T _ft_isascii

nm_sample/hell/libft.a(ft_isalnum.o):
0000000000000040 s EH_frame1
0000000000000000 T _ft_isalnum

nm_sample/hell/libft.a(ft_isdigit.o):
0000000000000028 s EH_frame1
0000000000000000 T _ft_isdigit

nm_sample/hell/libft.a(ft_isalpha.o):
0000000000000030 s EH_frame1
0000000000000000 T _ft_isalpha

nm_sample/hell/libft.a(ft_atoi.o):
00000000000000e0 s EH_frame1
0000000000000000 T _ft_atoi

nm_sample/hell/libft.a(ft_strncmp.o):
00000000000000b8 s EH_frame1
0000000000000000 T _ft_strncmp

nm_sample/hell/libft.a(ft_strcmp.o):
0000000000000098 s EH_frame1
0000000000000000 T _ft_strcmp

nm_sample/hell/libft.a(ft_strlen.o):
0000000000000040 s EH_frame1
0000000000000000 T _ft_strlen

nm_sample/hell/libft.a(ft_strnstr.o):
00000000000000e0 s EH_frame1
                 U _ft_strchr
                 U _ft_strlen
                 U _ft_strncmp
0000000000000000 T _ft_strnstr

nm_sample/hell/libft.a(ft_strstr.o):
0000000000000090 s EH_frame1
                 U _ft_strlen
                 U _ft_strncmp
0000000000000000 T _ft_strstr

nm_sample/hell/libft.a(ft_strrchr.o):
0000000000000078 s EH_frame1
0000000000000000 T _ft_strrchr

nm_sample/hell/libft.a(ft_strchr.o):
0000000000000058 s EH_frame1
0000000000000000 T _ft_strchr

nm_sample/hell/libft.a(ft_strlcat.o):
0000000000000098 s EH_frame1
                 U _ft_memcpy
0000000000000000 T _ft_strlcat
                 U _ft_strlen

nm_sample/hell/libft.a(ft_memset.o):
0000000000000048 s EH_frame1
0000000000000000 T _ft_memset

nm_sample/hell/libft.a(ft_bzero.o):
0000000000000038 s EH_frame1
0000000000000000 T _ft_bzero

nm_sample/hell/libft.a(ft_memcpy.o):
0000000000000050 s EH_frame1
0000000000000000 T _ft_memcpy

nm_sample/hell/libft.a(ft_memccpy.o):
0000000000000068 s EH_frame1
0000000000000000 T _ft_memccpy

nm_sample/hell/libft.a(ft_memmove.o):
00000000000000c0 s EH_frame1
0000000000000000 T _ft_memmove

nm_sample/hell/libft.a(ft_memcmp.o):
0000000000000070 s EH_frame1
0000000000000000 T _ft_memcmp

nm_sample/hell/libft.a(ft_memchr.o):
0000000000000050 s EH_frame1
0000000000000000 T _ft_memchr

nm_sample/hell/libft.a(ft_strdup.o):
0000000000000058 s EH_frame1
                 U _ft_memcpy
0000000000000000 T _ft_strdup
                 U _ft_strlen
                 U _malloc

nm_sample/hell/libft.a(ft_strcpy.o):
0000000000000040 s EH_frame1
                 U _ft_memcpy
0000000000000000 T _ft_strcpy
                 U _ft_strlen

nm_sample/hell/libft.a(ft_strncpy.o):
0000000000000098 s EH_frame1
0000000000000000 T _ft_strncpy

nm_sample/hell/libft.a(ft_strcat.o):
0000000000000058 s EH_frame1
                 U _ft_memcpy
0000000000000000 T _ft_strcat
                 U _ft_strlen

nm_sample/hell/libft.a(ft_strncat.o):
0000000000000068 s EH_frame1
                 U _ft_memcpy
                 U _ft_strlen
0000000000000000 T _ft_strncat

nm_sample/hell/libft.a(ft_memalloc.o):
0000000000000040 s EH_frame1
                 U _ft_bzero
0000000000000000 T _ft_memalloc
                 U _malloc

nm_sample/hell/libft.a(ft_memdel.o):
0000000000000030 s EH_frame1
                 U _free
0000000000000000 T _ft_memdel

nm_sample/hell/libft.a(ft_strnew.o):
0000000000000050 s EH_frame1
                 U _ft_memalloc
0000000000000000 T _ft_strnew

nm_sample/hell/libft.a(ft_strdel.o):
0000000000000020 s EH_frame1
                 U _ft_memdel
0000000000000000 T _ft_strdel

nm_sample/hell/libft.a(ft_strclr.o):
0000000000000038 s EH_frame1
                 U _ft_memset
0000000000000000 T _ft_strclr
                 U _ft_strlen

nm_sample/hell/libft.a(ft_striter.o):
0000000000000050 s EH_frame1
0000000000000000 T _ft_striter

nm_sample/hell/libft.a(ft_striteri.o):
0000000000000060 s EH_frame1
0000000000000000 T _ft_striteri

nm_sample/hell/libft.a(ft_strmap.o):
00000000000000c0 s EH_frame1
                 U _ft_strlen
0000000000000000 T _ft_strmap
                 U _ft_strncpy
                 U _ft_strnew

nm_sample/hell/libft.a(ft_strmapi.o):
00000000000000c8 s EH_frame1
                 U _ft_strlen
0000000000000000 T _ft_strmapi
                 U _ft_strncpy
                 U _ft_strnew

nm_sample/hell/libft.a(ft_strequ.o):
0000000000000048 s EH_frame1
                 U _ft_strcmp
0000000000000000 T _ft_strequ

nm_sample/hell/libft.a(ft_strnequ.o):
0000000000000038 s EH_frame1
                 U _ft_strncmp
0000000000000000 T _ft_strnequ

nm_sample/hell/libft.a(ft_strsub.o):
0000000000000088 s EH_frame1
                 U _ft_memcpy
                 U _ft_strlen
                 U _ft_strnew
0000000000000000 T _ft_strsub

nm_sample/hell/libft.a(ft_strjoin.o):
00000000000000b8 s EH_frame1
                 U _ft_memcpy
0000000000000000 T _ft_strjoin
                 U _ft_strlen
                 U _ft_strnew

nm_sample/hell/libft.a(ft_strtrim.o):
0000000000000108 s EH_frame1
                 U _ft_strlen
                 U _ft_strnew
0000000000000000 T _ft_strtrim

nm_sample/hell/libft.a(ft_strsplit.o):
00000000000001a8 s EH_frame1
0000000000000000 t _count_parts
00000000000000a3 T _ft_strsplit
                 U _ft_strsub
                 U _malloc
0000000000000060 t _word_length

nm_sample/hell/libft.a(ft_itoa.o):
00000000000001c8 s EH_frame1
00000000000001b5 s LC0
00000000000000c2 T _ft_itoa
                 U _ft_strdup
                 U _ft_strlen
                 U _ft_strnew
0000000000000000 t _get_nb_digit
0000000000000050 t _rev

nm_sample/hell/libft.a(ft_putchar.o):
0000000000000028 s EH_frame1
0000000000000000 T _ft_putchar
                 U _write

nm_sample/hell/libft.a(ft_putstr.o):
0000000000000030 s EH_frame1
0000000000000000 T _ft_putstr
                 U _ft_strlen
                 U _write

nm_sample/hell/libft.a(ft_putendl.o):
0000000000000048 s EH_frame1
0000000000000044 s LC0
0000000000000000 T _ft_putendl
                 U _ft_strlen
                 U _write

nm_sample/hell/libft.a(ft_putnbr.o):
0000000000000020 s EH_frame1
                 U _ft_itoa
0000000000000000 T _ft_putnbr
                 U _ft_putstr

nm_sample/hell/libft.a(ft_putchar_fd.o):
0000000000000028 s EH_frame1
0000000000000000 T _ft_putchar_fd
                 U _write

nm_sample/hell/libft.a(ft_putstr_fd.o):
0000000000000038 s EH_frame1
0000000000000000 T _ft_putstr_fd
                 U _ft_strlen
                 U _write

nm_sample/hell/libft.a(ft_putendl_fd.o):
0000000000000050 s EH_frame1
0000000000000047 s LC0
0000000000000000 T _ft_putendl_fd
                 U _ft_strlen
                 U _write

nm_sample/hell/libft.a(ft_putnbr_fd.o):
0000000000000028 s EH_frame1
                 U _ft_itoa
0000000000000000 T _ft_putnbr_fd
                 U _ft_putstr_fd

nm_sample/hell/libft.a(ft_lstnew.o):
0000000000000090 s EH_frame1
0000000000000000 T _ft_lstnew
                 U _ft_memcpy
                 U _malloc

nm_sample/hell/libft.a(ft_lstdelone.o):
0000000000000068 s EH_frame1
0000000000000000 T _ft_lstdelone
                 U _ft_memdel

nm_sample/hell/libft.a(ft_lstdel.o):
0000000000000050 s EH_frame1
0000000000000000 T _ft_lstdel
                 U _ft_lstdelone

nm_sample/hell/libft.a(ft_lstadd.o):
0000000000000030 s EH_frame1
0000000000000000 T _ft_lstadd

nm_sample/hell/libft.a(ft_lstiter.o):
0000000000000048 s EH_frame1
0000000000000000 T _ft_lstiter

nm_sample/hell/libft.a(ft_lstmap.o):
0000000000000088 s EH_frame1
                 U _ft_lstadd
0000000000000000 T _ft_lstmap
