                 U __DefaultRuneLocale
                 U ___bzero
                 U ___maskrune
                 U ___stack_chk_fail
                 U ___stack_chk_guard
                 U ___stderrp
                 U ___stdinp
                 U ___stdoutp
                 U ___tolower
0000000100000000 T __mh_execute_header
                 U _access
                 U _add_history
                 U _exit
                 U _fclose
                 U _fflush
                 U _fgetc
                 U _fgets
                 U _fopen
                 U _fprintf
                 U _fputc
                 U _fputs
                 U _fread
                 U _free
                 U _fseek
                 U _ftell
                 U _fwrite
                 U _getenv
                 U _getpwuid
                 U _getrusage
                 U _getuid
                 U _isalnum
                 U _isalpha
                 U _isatty
                 U _malloc
                 U _memcmp
                 U _memcpy
                 U _pclose
                 U _popen
                 U _printf
                 U _putc
                 U _putchar
                 U _puts
                 U _read_history
                 U _readline
                 U _realloc
                 U _rewind
                 U _setvbuf
                 U _signal
                 U _sqlite3_backup_finish
                 U _sqlite3_backup_init
                 U _sqlite3_backup_step
                 U _sqlite3_bind_blob
                 U _sqlite3_bind_double
                 U _sqlite3_bind_int64
                 U _sqlite3_bind_null
                 U _sqlite3_bind_text
                 U _sqlite3_busy_timeout
                 U _sqlite3_changes
                 U _sqlite3_close
                 U _sqlite3_column_blob
                 U _sqlite3_column_bytes
                 U _sqlite3_column_count
                 U _sqlite3_column_double
                 U _sqlite3_column_int
                 U _sqlite3_column_int64
                 U _sqlite3_column_name
                 U _sqlite3_column_text
                 U _sqlite3_column_type
                 U _sqlite3_complete
                 U _sqlite3_config
                 U _sqlite3_create_function
                 U _sqlite3_db_status
                 U _sqlite3_errcode
                 U _sqlite3_errmsg
                 U _sqlite3_errstr
                 U _sqlite3_exec
                 U _sqlite3_extended_errcode
                 U _sqlite3_file_control
                 U _sqlite3_finalize
                 U _sqlite3_free
                 U _sqlite3_get_autocommit
                 U _sqlite3_initialize
                 U _sqlite3_interrupt
                 U _sqlite3_libversion
                 U _sqlite3_limit
                 U _sqlite3_malloc64
                 U _sqlite3_mprintf
                 U _sqlite3_open
                 U _sqlite3_prepare_v2
                 U _sqlite3_realloc64
                 U _sqlite3_reset
                 U _sqlite3_result_blob
                 U _sqlite3_result_int64
                 U _sqlite3_result_text
                 U _sqlite3_set_authorizer
                 U _sqlite3_sleep
                 U _sqlite3_snprintf
                 U _sqlite3_sourceid
                 U _sqlite3_sql
                 U _sqlite3_status
                 U _sqlite3_step
                 U _sqlite3_stmt_status
                 U _sqlite3_strglob
                 U _sqlite3_stricmp
                 U _sqlite3_strlike
                 U _sqlite3_strnicmp
                 U _sqlite3_test_control
                 U _sqlite3_total_changes
                 U _sqlite3_trace_v2
                 U _sqlite3_value_blob
                 U _sqlite3_value_bytes
                 U _sqlite3_value_text
                 U _sqlite3_vfs_find
                 U _sqlite3_vfs_register
                 U _stifle_history
                 U _strchr
                 U _strcmp
                 U _strlen
                 U _strncmp
                 U _strncpy
                 U _strtol
                 U _system
                 U _write_history
                 U dyld_stub_binder
