                 U ___error
                 U ___stack_chk_fail
                 U ___stack_chk_guard
                 U ___stderrp
                 U ___strlcat_chk
                 U ___strlcpy_chk
                 U ___strncat_chk
0000000100000000 T __mh_execute_header
                 U _chflags
                 U _chmod
                 U _chown
                 U _clonefile
                 U _close
                 U _compat_mode
                 U _copyfile
                 U _err
                 U _errx
                 U _exit
                 U _fchflags
                 U _fchmod
                 U _fchown
                 U _fcntl
                 U _fcopyfile
                 U _fprintf
                 U _fstat$INODE64
                 U _fstatfs$INODE64
                 U _fts_close$INODE64
                 U _fts_open$INODE64
                 U _fts_read$INODE64
                 U _fts_set$INODE64
                 U _futimes
                 U _fwrite
                 U _getchar
                 U _getopt
                 U _lchflags
                 U _lchmod
                 U _lchown
                 U _lstat$INODE64
                 U _lutimes
                 U _mkdir
                 U _mkfifo
                 U _mknod
                 U _open
                 U _optind
                 U _printf
                 U _read
                 U _readlink
                 U _signal
                 U _stat$INODE64
                 U _strcmp
                 U _strerror
                 U _strlen
                 U _strrchr
                 U _symlink
                 U _umask
                 U _unlink
                 U _utimes
                 U _warn
                 U _warnx
                 U _write
                 U dyld_stub_binder
