                 U __DefaultRuneLocale
                 U ___error
                 U ___maskrune
                 U ___sprintf_chk
                 U ___stack_chk_fail
                 U ___stack_chk_guard
0000000100000000 T __mh_execute_header
                 U _errx
                 U _free
                 U _malloc
                 U _memchr
                 U _memcpy
                 U _printf
                 U _puts
                 U _regcomp
                 U _regerror
                 U _regexec
                 U _regfree
                 U _setlocale
                 U _strcmp
                 U _strcoll
                 U _strdup
                 U _strlen
                 U _strtoimax
                 U dyld_stub_binder
