                 U ___error
                 U ___stderrp
0000000100000000 T __mh_execute_header
                 U _chmod
                 U _dirname
                 U _errx
                 U _exit
                 U _free
                 U _fwrite
                 U _getmode
                 U _getopt
                 U _mkdir
                 U _mkpath_np
                 U _optarg
                 U _optind
                 U _printf
                 U _setmode
                 U _warn
                 U _warnc
                 U dyld_stub_binder
