                 U ___error
                 U ___stack_chk_fail
                 U ___stack_chk_guard
                 U ___stderrp
                 U ___strcpy_chk
                 U __exit
0000000100000000 T __mh_execute_header
                 U _access
                 U _close
                 U _compat_mode
                 U _errx
                 U _execl
                 U _exit
                 U _fchflags
                 U _fchmod
                 U _fchown
                 U _fcntl
                 U _fcopyfile
                 U _fork
                 U _fprintf
                 U _free
                 U _fstatfs$INODE64
                 U _fwrite
                 U _getchar
                 U _getopt
                 U _group_from_gid
                 U _lstat$INODE64
                 U _malloc
                 U _memmove
                 U _open
                 U _optind
                 U _printf
                 U _read
                 U _realpath$DARWIN_EXTSN
                 U _rename
                 U _stat$INODE64
                 U _statfs$INODE64
                 U _strcmp
                 U _strlen
                 U _strmode
                 U _unlink
                 U _user_from_uid
                 U _utimes
                 U _vfork
                 U _waitpid
                 U _warn
                 U _warnx
                 U _write
                 U dyld_stub_binder
