                 U ___snprintf_chk
                 U ___stack_chk_fail
                 U ___stack_chk_guard
                 U ___stderrp
0000000100000000 T __mh_execute_header
                 U _atoi
                 U _bsearch
                 U _cfgetispeed
                 U _cfgetospeed
                 U _cfmakeraw
                 U _cfsetispeed
                 U _cfsetospeed
                 U _compat_mode
                 U _err
                 U _errx
                 U _exit
                 U _fstat$INODE64
                 U _fwrite
                 U _getopt
                 U _ioctl
                 U _isatty
                 U _open
                 U _optarg
                 U _opterr
                 U _optind
                 U _printf
                 U _putchar
                 U _puts
                 U _sscanf
                 U _strchr
                 U _strcmp
                 U _strlen
                 U _strncmp
                 U _strsep
                 U _strspn
                 U _strtol
                 U _tcgetattr
                 U _tcsetattr
                 U _warn
                 U _warnx
                 U dyld_stub_binder
