                 U ___error
                 U ___stack_chk_fail
                 U ___stack_chk_guard
                 U ___stderrp
                 U ___strlcpy_chk
0000000100000000 T __mh_execute_header
                 U _access
                 U _chflags
                 U _compat_mode
                 U _err
                 U _errx
                 U _exit
                 U _fflagstostr
                 U _fflush
                 U _fprintf
                 U _free
                 U _fts_close$INODE64
                 U _fts_open$INODE64
                 U _fts_read$INODE64
                 U _fts_set$INODE64
                 U _getchar
                 U _geteuid
                 U _getopt
                 U _group_from_gid
                 U _isatty
                 U _lstat$INODE64
                 U _optind
                 U _puts
                 U _removefile
                 U _rindex
                 U _rmdir
                 U _strcmp
                 U _strerror
                 U _strlen
                 U _strmode
                 U _strrchr
                 U _undelete
                 U _unlink
                 U _user_from_uid
                 U _warn
                 U _warnx
                 U dyld_stub_binder
