0000000100082e88 S _SHIN
0000000100082c90 S _SHTTY
                 U __DefaultRuneLocale
                 U ___bzero
                 U ___error
                 U ___maskrune
                 U ___mb_cur_max
                 U ___memcpy_chk
                 U ___sprintf_chk
                 U ___stack_chk_fail
                 U ___stack_chk_guard
                 U ___stderrp
                 U ___stdinp
                 U ___stdoutp
                 U ___strcat_chk
                 U ___strcpy_chk
                 U ___strncat_chk
                 U ___tolower
                 U ___toupper
                 U __exit
0000000100000000 T __mh_execute_header
                 U __mktemp
                 U _access
0000000100032c92 T _acquire_pgrp
000000010003428a T _add
000000010003d869 T _add_dep
00000001000313ff T _addbgstatus
000000010003bdda T _addbuiltins
00000001000832e4 S _addedx
0000000100042d06 T _addenv
000000010002fb58 T _addfilelist
000000010002290d T _addhashnode
0000000100022936 T _addhashnode2
000000010002418f T _addhistnode
0000000100026b06 T _addhistnum
000000010003c133 T _addhookdef
000000010003c285 T _addhookdeffunc
000000010003c174 T _addhookdefs
000000010003c2a0 T _addhookfunc
000000010006840f T _addlockfd
00000001000683e4 T _addmodulefd
000000010003c39a T _addparamdef
00000001000670c2 T _addprepromptfn
000000010002fe49 T _addproc
000000010006714c T _addtimedfn
0000000100082b60 S _addtoline
0000000100066e5b T _adduserdir
000000010003bead T _addwrapper
0000000100067f5f T _adjustwinsize
                 U _alarm
0000000100083638 S _aliasspaceflag
0000000100082b28 S _aliastab
0000000100057a36 T _allocate_colour_buffer
000000010005ac0f T _appstr
00000001000834a0 S _argzero
00000001000673c0 T _arrdup
000000010006d2fc T _arrdup_max
0000000100047454 T _arrfixenv
00000001000410bc T _arrgetfn
00000001000463a1 T _arrhashsetfn
0000000100068776 T _arrlen
0000000100066e2d T _arrlen_ge
0000000100068794 T _arrlen_gt
00000001000687b6 T _arrlen_le
00000001000687d8 T _arrlen_lt
00000001000410d4 T _arrsetfn
0000000100041125 T _arrvargetfn
0000000100041140 T _arrvarsetfn
0000000100046858 T _assignaparam
0000000100042df7 T _assigngetset
00000001000425ba T _assignsparam
0000000100045876 T _assignstrvalue
                 U _atoi
0000000100069712 T _attachtty
000000010003ed6a T _autofeatures
0000000100082b00 S _badcshglob
00000001000834a8 S _bangchar
000000010005ab38 T _bicat
0000000100008f7f T _bin_alias
000000010000c336 T _bin_break
00000001000024ed T _bin_cd
00000001000021aa T _bin_dirs
000000010000c7c7 T _bin_dot
000000010000cae8 T _bin_emulate
0000000100001865 T _bin_enable
00000001000077e0 T _bin_eval
00000001000093be T _bin_false
0000000100003366 T _bin_fc
00000001000314de T _bin_fg
0000000100005857 T _bin_functions
000000010000c023 T _bin_getopts
0000000100008b31 T _bin_hash
000000010003242c T _bin_kill
000000010000f0e4 T _bin_let
000000010006f5a0 T _bin_log
000000010000f3ef T _bin_notavail
00000001000093c9 T _bin_print
0000000100002151 T _bin_pwd
000000010000d096 T _bin_read
0000000100001ba8 T _bin_set
00000001000404b0 T _bin_setopt
000000010000bcac T _bin_shift
0000000100032b9d T _bin_suspend
000000010000e95c T _bin_test
000000010000eb76 T _bin_times
000000010000ed4b T _bin_trap
00000001000093b6 T _bin_true
000000010000f088 T _bin_ttyctl
000000010000458a T _bin_typeset
000000010000f14e T _bin_umask
0000000100007ddf T _bin_unhash
0000000100007890 T _bin_unset
000000010000820e T _bin_whence
000000010004a381 T _bin_zcompile
000000010003d8e8 T _bin_zmodload
000000010003bcb6 T _boot_zshQsmain
0000000100083350 S _breaks
0000000100082e90 S _bshin
000000010002996d T _bufferwords
0000000100082918 S _bufstack
0000000100082920 S _builtintab
0000000100083ef8 S _cached_uid
0000000100083f00 S _cached_username
000000010006720d T _callhookfunc
0000000100028ce0 T _casemodify
000000010000308b T _cd_able_vars
00000001000834b0 S _cdpath
000000010002883a T _chabspath
                 U _chdir
000000010002e3bc T _check_cursh_sig
000000010002780f T _checkcurline
000000010001be94 T _checkglobqual
0000000100068f09 T _checkrmall
0000000100082b68 S _chline
0000000100028a14 T _chrealpath
00000001000686a2 T _chuck
0000000100082b70 S _chwordlen
0000000100082b74 S _chwordpos
0000000100082b78 S _chwords
000000010003bcbe T _cleanup_zshQsmain
                 U _clearerr
00000001000303df T _clearjobtab
00000001000538be T _clearpatterndisables
                 U _close
                 U _closedir
00000001000135c2 T _closem
0000000100082b30 S _cmdnamtab
000000010008295c S _cmdoutpid
0000000100082960 S _cmdoutval
00000001000574dd T _cmdpop
00000001000574b1 T _cmdpush
0000000100083714 S _cmdsp
0000000100083718 S _cmdstack
000000010004752e T _colonarrgetfn
0000000100047557 T _colonarrsetfn
000000010006b02b T _colonsplit
000000010007ec38 D _compctlreadptr
0000000100010fcf T _cond_match
0000000100010f4f T _cond_str
0000000100010f8c T _cond_val
00000001000824f0 D _condlex
0000000100083390 S _condtab
0000000100083354 S _contflag
00000001000453b4 T _convbase
0000000100048655 T _convbase_ptr
0000000100046128 T _convbase_underscore
00000001000453c0 T _convfloat
0000000100046204 T _convfloat_underscore
0000000100082964 S _coprocin
0000000100082968 S _coprocout
0000000100043165 T _copyparam
0000000100041790 T _copyparamtable
000000010003676e T _countlinknodes
000000010005726a T _countprompt
0000000100023fa3 T _createaliasnode
0000000100023ad1 T _createaliastable
0000000100023d8c T _createaliastables
0000000100000f8c T _createbuiltintable
0000000100022f42 T _createcmdnamtable
0000000100023fcc T _createhisttable
00000001000242e2 T _createnameddirtable
00000001000401e0 T _createoptiontable
0000000100042e78 T _createparam
0000000100041c02 T _createparamtable
0000000100023978 T _createreswdtable
0000000100023401 T _createshfunctable
0000000100043092 T _createspecialhash
0000000100033fed T _ctxtlex
0000000100082b80 S _curhist
0000000100082ea4 S _curjob
0000000100082b88 S _curline
0000000100082970 S _current_limits
0000000100082928 S _curtestarg
0000000100040bc4 T _dashgetfn
0000000100049d20 T _decrdumpcount
000000010007d410 S _default_watchfmt
0000000100043071 T _delenv
000000010004861e T _delenvvalue
000000010003bda3 T _deletebuiltin
000000010003c086 T _deleteconddef
000000010002fc7d T _deletefilelist
00000001000228e0 T _deletehashtable
000000010003c1e9 T _deletehookdef
000000010003c2d3 T _deletehookdeffunc
000000010003c23f T _deletehookdefs
000000010003c300 T _deletehookfunc
000000010002fa21 T _deletejob
000000010003c768 T _deletemathfunc
000000010003c56b T _deleteparamdef
00000001000418a5 T _deleteparamtable
000000010003beff T _deletewrapper
0000000100067107 T _delprepromptfn
00000001000671c5 T _deltimedfn
                 U _difftime
0000000100082930 S _dirstack
0000000100022c6b T _disablehashnode
                 U _dlclose
                 U _dlerror
                 U _dlopen
                 U _dlsym
00000001000828f0 S _doprintdir
000000010004087d T _dosetopt
0000000100014e0c T _doshfunc
0000000100059fc5 T _dotrap
000000010006eecc T _dowatch
00000001000277f5 T _down_histent
000000010006e367 T _dquotedztrdup
0000000100083640 S _dummy_eprog
000000010004baac T _dump_autoload
                 U _dup
                 U _dup2
0000000100049b88 T _dupeprog
000000010005a8cd T _dupstring
000000010005a938 T _dupstring_glen
000000010005a905 T _dupstring_wlen
000000010005ab89 T _dupstrpfx
000000010005aae7 T _dyncat
0000000100083678 S _ecbuf
000000010004a127 T _eccopyredirs
0000000100049eae T _ecgetarr
0000000100049f5d T _ecgetlist
000000010004a00b T _ecgetredirs
0000000100049d9b T _ecgetstr
0000000100083680 S _eclen
0000000100083684 S _ecnfunc
0000000100083688 S _ecnpats
0000000100049e3a T _ecrawstr
000000010008368c S _ecsoffs
0000000100083690 S _ecssub
0000000100083698 S _ecstrs
00000001000836a0 S _ecused
0000000100047cf4 T _egidgetfn
0000000100047d01 T _egidsetfn
0000000100048f52 T _empty_eprog
0000000100022eaa T _emptyhashtable
00000001000240e9 T _emptyhisttable
00000001000403f3 T _emulate
00000001000833c8 S _emulation
0000000100022c75 T _enablehashnode
000000010003bcab T _enables_zshQsmain
00000001000487a2 T _endparamscope
000000010005386f T _endpatternscope
                 U _endpwent
00000001000598e9 T _endtrapscope
000000010003c01f T _ensurefeature
                 U _environ
000000010006cd8b T _equalsplit
000000010005bd88 T _equalsubstr
0000000100082ea8 S _errbrk_saved
0000000100082a00 S _errflag
0000000100048159 T _errnogetfn
0000000100048121 T _errnosetfn
00000001000836d0 S _errsfound
0000000100047c8c T _euidgetfn
0000000100047c99 T _euidsetfn
00000001000076a4 T _eval_autoload
000000010000fefc T _evalcond
0000000100033cac T _exalias
0000000100082be0 S _excs
0000000100001116 T _execbuiltin
0000000100037b3f T _execcase
0000000100036959 T _execfor
0000000100037994 T _execif
0000000100011b9d T _execlist
0000000100011ab6 T _execode
000000010003781a T _execrepeat
0000000100015c05 T _execrestore
0000000100015acc T _execsave
0000000100036f27 T _execselect
0000000100011a2a T _execstring
000000010001357a T _execsubst
0000000100037f9e T _exectry
                 U _execve
00000001000375a0 T _execwhile
                 U _exit
0000000100082938 S _exit_level
000000010008293c S _exit_pending
0000000100082be4 S _exlast
0000000100082be8 S _expanding
0000000100030654 T _expandjobtab
00000001000457cd T _export_param
0000000100082a08 S _exstack
000000010002ce57 T _fallback_compctlread
                 U _fchdir
                 U _fchmod
                 U _fchown
                 U _fclose
                 U _fcntl
                 U _fdopen
0000000100082a10 S _fdtable
0000000100082a18 S _fdtable_flocks
0000000100082a1c S _fdtable_size
000000010003bca0 T _features_zshQsmain
000000010003f3d5 T _featuresarray
                 U _feof
                 U _ferror
00000001000450a0 T _fetchvalue
                 U _fflush
                 U _fgetc
                 U _fgets
00000001000834b8 S _fignore
000000010001f81c T _file_type
                 U _fileno
000000010005afba T _filesub
000000010005b9d8 T _filesubstr
0000000100011382 T _findcmd
000000010006626e T _finddir
00000001000311aa T _findjobnam
000000010002e2d8 T _findproc
0000000100065b6c T _findpwd
000000010006b88d T _findword
000000010003bcc6 T _finish_zshQsmain
00000001000030de T _fixdir
0000000100047a64 T _floatsecondsgetfn
0000000100047aac T _floatsecondssetfn
                 U _fmod
                 U _fopen
00000001000836d4 S _forceerrs
                 U _fork
0000000100082a20 S _forklevel
00000001000834c0 S _fpath
0000000100066207 T _fprintdir
                 U _fprintf
                 U _fputc
                 U _fputs
                 U _fread
                 U _free
0000000100057c7c T _free_colour_buffer
000000010006cd58 T _freearray
0000000100049c8e T _freeeprog
000000010003aae8 T _freeheap
0000000100024248 T _freehistdata
0000000100024222 T _freehistnode
000000010002fcfd T _freejob
000000010003671c T _freelinklist
0000000100021690 T _freematchlist
000000010004136f T _freeparamnode
0000000100053670 T _freepatprog
0000000100067edc T _freestr
                 U _fseek
                 U _fstat$INODE64
                 U _ftell
0000000100082a28 S _funcstack
                 U _fwrite
000000010002f7f0 T _get_clktck
000000010005be30 T _get_strarg
000000010002e3a6 T _get_usage
0000000100066c64 T _get_username
0000000100046622 T _getaparam
00000001000454f0 T _getarrvalue
000000010003bf4f T _getconddef
                 U _getcwd
                 U _getegid
                 U _getenv
                 U _geteuid
000000010003f580 T _getfeatureenables
0000000100014944 T _getfpfunc
                 U _getgid
                 U _getgrnam
0000000100022aec T _gethashnode
0000000100022b4a T _gethashnode2
0000000100013641 T _gethere
000000010002762b T _gethistent
00000001000466e7 T _gethkparam
000000010003c0f8 T _gethookdef
                 U _gethostname
000000010004667e T _gethparam
0000000100043264 T _getindex
00000001000456c8 T _getintvalue
000000010004657d T _getiparam
0000000100030f7e T _getjob
0000000100063ee4 T _getjobtext
000000010006bfff T _getkeystring
0000000100036637 T _getlinknode
                 U _getlogin
0000000100020838 T _getmatch
00000001000215bc T _getmatcharr
0000000100021663 T _getmatchlist
000000010003c678 T _getmathfunc
0000000100066fc3 T _getnameddir
00000001000465b9 T _getnparam
000000010004573f T _getnumvalue
0000000100013820 T _getoutput
0000000100014170 T _getoutputfile
000000010006298b T _getpermtext
                 U _getpgrp
                 U _getpid
                 U _getppid
00000001000144a4 T _getproc
                 U _getpwent
                 U _getpwnam
                 U _getpwuid
000000010006930c T _getquery
0000000100047b0c T _getrawseconds
000000010006400a T _getredirs
                 U _getrlimit
                 U _getrusage
00000001000673a5 T _getshfunc
0000000100032a55 T _getsigname
00000001000329bd T _getsignum
0000000100042ccd T _getsparam
0000000100046605 T _getsparam_u
0000000100044a80 T _getstrvalue
0000000100068566 T _gettempfile
0000000100068473 T _gettempname
                 U _gettimeofday
0000000100032a8d T _gettrapnode
000000010006d493 T _gettygrp
0000000100067ee6 T _gettyinfo
                 U _getuid
0000000100041b94 T _getvalue
0000000100047cc0 T _gidgetfn
0000000100047ccd T _gidsetfn
0000000100082b08 S _glob_pre
0000000100082b10 S _glob_suf
000000010005b8d8 T _globlist
000000010003fabc T _handlefeatures
000000010006867b T _has_token
0000000100082c94 S _hasam
000000010001f8a0 T _hasbraces
0000000100082c98 S _hasbw
00000001000834c8 S _hashchar
00000001000117b3 T _hashcmd
000000010002324b T _hashdir
000000010002286a T _hasher
00000001000411d5 T _hashgetfn
00000001000411df T _hashsetfn
000000010002e36f T _hasprocs
000000010006dda4 T _hasspecial
00000001000538db T _haswilds
0000000100082c9c S _hasxn
0000000100082ca0 S _hasye
00000001000834c9 S _hatchar
000000010002ff4a T _havefiles
0000000100024904 T _hbegin
000000010003b62d T _hcalloc
00000001000287b2 T _hcomsearch
00000001000836a8 S _hdocs
0000000100024c32 T _hend
000000010002487e T _herrflush
0000000100082bf0 S _hgetc
0000000100028766 T _hgetline
0000000100024675 T _hist_context_restore
0000000100024538 T _hist_context_save
0000000100082bf8 S _hist_ignore_all_dups
0000000100024787 T _hist_in_word
0000000100082c00 S _hist_ring
0000000100082c08 S _hist_skip_flags
0000000100082c0c S _histactive
0000000100028679 T _histbackword
0000000100048219 T _histcharsgetfn
000000010004825a T _histcharssetfn
0000000100082c10 S _histdone
0000000100028442 T _histfileIsLocked
000000010002407c T _histhasher
0000000100082c18 S _histlinect
00000001000273f1 T _histreduceblanks
00000001000275c7 T _histremovedups
0000000100082c20 S _histsiz
00000001000480c8 T _histsizegetfn
00000001000480d8 T _histsizesetfn
000000010002945c T _histsplitwords
0000000100024107 T _histstrcmp
0000000100082c28 S _histtab
0000000100082c30 S _hlinesz
0000000100036871 T _hlinklist2array
000000010006bfca T _hmkarray
00000001000588d9 T _holdintr
00000001000834d0 S _home
0000000100048338 T _homegetfn
0000000100048348 T _homesetfn
0000000100083398 S _hooktab
0000000100082c38 S _hptr
000000010003b13f T _hrealloc
0000000100082c40 S _hsubl
0000000100082c48 S _hsubr
0000000100082c50 S _hungetc
0000000100082c58 S _hwaddc
0000000100082c60 S _hwbegin
0000000100082c68 S _hwend
00000001000286b9 T _hwrep
00000001000247a5 T _iaddtoline
                 U _iconv
                 U _iconv_close
                 U _iconv_open
00000001000834d8 S _ifs
0000000100047d74 T _ifsgetfn
0000000100047d84 T _ifssetfn
0000000100026992 T _ihwbegin
00000001000269fb T _ihwend
00000001000832e8 S _inalmore
0000000100082e98 S _inbufct
0000000100082e9c S _inbufflags
00000001000836b0 S _incasepat
00000001000836b4 S _incmdpos
0000000100083f08 S _incompfunc
00000001000836b8 S _incond
000000010004baa3 T _incrdumpcount
000000010002e1fa T _inerrflush
0000000100082940 S _ineval
00000001000836bc S _infor
000000010002d817 T _ingetc
000000010002e26b T _ingetptr
000000010002c768 T _init_bltinmods
00000001000010d0 T _init_builtins
000000010006e577 T _init_dirsav
000000010004a350 T _init_eprog
000000010002af27 T _init_io
0000000100031252 T _init_jobs
000000010002c67c T _init_misc
0000000100048e0a T _init_parse
0000000100048dbf T _init_parse_status
000000010002b1ff T _init_shout
000000010002bd8f T _init_signals
000000010002b286 T _init_term
                 U _initgroups
00000001000293fd T _inithist
000000010003056c T _initjob
00000001000340b8 T _initlextabs
000000010006cdaf T _inittyptab
000000010002e22b T _inpop
000000010002e24b T _inpopalias
000000010002dea2 T _inpush
00000001000836c0 S _inredir
00000001000836c4 S _inrepeat_
00000001000365ff T _insertlinklist
0000000100036538 T _insertlinknode
00000001000585b6 T _install_handler
0000000100040384 T _installemulation
0000000100041078 T _intgetfn
000000010005889c T _intr
0000000100083724 S _intrap
00000001000479ea T _intsecondsgetfn
0000000100047a26 T _intsecondssetfn
000000010004108c T _intvargetfn
0000000100041099 T _intvarsetfn
00000001000836c8 S _intypeset
000000010002dd68 T _inungetc
00000001000832ec S _inwhat
                 U _ioctl
00000001000628f8 T _is_cond_binary_op
000000010006d576 T _is_mb_niceformat
00000001000654ec T _is_nicechar
00000001000658a1 T _is_wcs_nicechar
                 U _isatty
0000000100011914 T _iscom
00000001000832f0 S _isfirstch
00000001000832f4 S _isfirstln
0000000100042506 T _isident
00000001000836cc S _isnewlin
000000010000fe97 T _isprint_ascii
0000000100065c38 T _ispwd
0000000100011978 T _isreallycom
0000000100011771 T _isrelative
0000000100041adf T _issetvar
000000010006a283 T _itype_end
0000000100082eb0 S _jobtab
0000000100082eb8 S _jobtabsize
0000000100082908 S _keyboardhackchar
0000000100048167 T _keyboardhackgetfn
0000000100048187 T _keyboardhacksetfn
                 U _kill
0000000100058d53 T _killjb
                 U _killpg
0000000100058fba T _killrunjobs
0000000100047f8a T _langsetfn
0000000100083728 S _last_signal
000000010008335c S _lastbase
0000000100083f10 S _lastmailcheck
0000000100083360 S _lastmathval
00000001000834e0 S _lastpid
00000001000834e8 S _lastval
0000000100082a30 S _lastval2
0000000100083f18 S _lastwatch
0000000100047da9 T _lc_allsetfn
000000010006e595 T _lchdir
0000000100047fae T _lcsetfn
0000000100032f68 T _lex_context_restore
0000000100032e7c T _lex_context_save
00000001000832f8 S _lexflags
000000010003425d T _lexinit
00000001000832fc S _lexstop
0000000100082a40 S _limits
00000001000834f0 S _lineno
                 U _link
00000001000833a0 S _linkedmodules
0000000100036822 T _linknodebydatum
000000010003683d T _linknodebystring
0000000100040ea5 T _list_emulate_options
00000001000828f4 S _list_pipe
000000010003c8d4 T _load_module
000000010001473d T _loadautofn
00000001000834f8 S _locallevel
                 U _localtime
0000000100027a94 T _lockhistfile
000000010002a47d T _loop
0000000100083358 S _loops
                 U _lseek
                 U _lstat$INODE64
0000000100083500 S _mailpath
0000000100000f80 T _main
000000010006d274 T _makebangspecial
000000010006d226 T _makecommaspecial
000000010002e278 T _makerunning
                 U _malloc
0000000100083508 S _manpath
0000000100057504 T _match_colour
0000000100057675 T _match_highlight
00000001000207f0 T _matchpat
0000000100038ce0 T _matheval
0000000100039097 T _mathevalarg
000000010003907b T _mathevali
00000001000833a8 S _mathfuncs
0000000100082ad0 S _max_zsh_fd
0000000100082ebc S _maxjob
0000000100031314 T _maybeshrinkjobtab
0000000100065243 T _mb_charinit
000000010006db43 T _mb_charlenconv
000000010006da54 T _mb_charlenconv_r
000000010006b9ca T _mb_metacharlenconv
000000010006d6e1 T _mb_metacharlenconv_r
000000010006d7fc T _mb_metastrlenend
0000000100064e58 T _mb_niceformat
0000000100053173 T _mb_patmatchindex
0000000100052bf0 T _mb_patmatchrange
                 U _mbrlen
                 U _mbrtowc
                 U _memchr
                 U _memcmp
                 U _memcpy
                 U _memmove
                 U _memset
                 U _memset_pattern16
0000000100067d21 T _metafy
000000010006521e T _metalen
000000010000fc5e T _mk_wcwidth
000000010006bf95 T _mkarray
0000000100007775 T _mkautofn
                 U _mkstemp
                 U _mmap
000000010006ebc4 T _mode_to_octal
000000010005bf60 T _modify
000000010003bd58 T _module_linked
000000010003c7e3 T _module_loaded
00000001000833b0 S _module_path
00000001000833b8 S _modulestab
0000000100068202 T _movefd
0000000100027729 T _movehistent
                 U _munmap
0000000100082ec0 S _mypgrp
0000000100083510 S _mypid
0000000100082b58 S _nameddirtab
                 U _nanosleep
000000010003a718 T _new_heaps
0000000100022896 T _newhashtable
00000001000364eb T _newlinklist
000000010003b800 T _newmoduletable
0000000100041254 T _newparamtable
00000001000367ba T _newsizedlist
00000001000476df T _newuniqtable
                 U _nice
00000001000654d8 T _nicechar
000000010006539a T _nicechar_sel
000000010006d551 T _nicedup
000000010006d52e T _nicedupstring
                 U _nl_langinfo
0000000100083300 S _noaliases
0000000100083304 S _nocomments
0000000100083308 S _nocorrect
0000000100082ad4 S _noerrexit
0000000100082ad8 S _noerrs
0000000100083370 S _noeval
00000001000828fc S _noexitct
0000000100082adc S _nohistsave
0000000100058952 T _noholdintr
000000010002cc68 T _noop_function
000000010002cc6e T _noop_function_int
00000001000696b3 T _noquery
000000010008372c S _nsigtrapped
0000000100083518 S _nullcmd
00000001000474f3 T _nullintsetfn
000000010007cc40 S _nullsethash_gsu
0000000100041226 T _nullsethashfn
000000010007cbc8 S _nullsetinteger_gsu
000000010007cb80 S _nullsetscalar_gsu
000000010004106b T _nullstrsetfn
000000010004124e T _nullunsetfn
00000001000828b8 D _nulstring
0000000100082ec4 S _numpipestats
000000010003a7c7 T _old_heaps
0000000100083520 S _oldpwd
0000000100038164 T _op
                 U _open
                 U _open_memstream
                 U _opendir$INODE64
0000000100082944 S _optcind
00000001000833d0 S _optiontab
00000001000407f3 T _optlookup
0000000100040b73 T _optlookupc
00000001000833e0 S _opts
0000000100082ec8 S _origpgrp
000000010005779e T _output_highlight
0000000100083374 S _outputradix
0000000100083378 S _outputunderscore
0000000100049006 T _par_event
0000000100083528 S _paramtab
00000001000418ef T _paramvalarr
000000010008330c S _parbegin
0000000100083310 S _parend
000000010004986e T _parse_cond
0000000100048cb3 T _parse_context_restore
0000000100048bc8 T _parse_context_save
0000000100048f73 T _parse_event
00000001000496dc T _parse_list
0000000100011230 T _parse_string
0000000100034b0c T _parse_subscript
0000000100034bfc T _parse_subst_string
000000010002a987 T _parseopts
000000010003431d T _parsestr
000000010003437b T _parsestrnoerr
0000000100053685 T _pat_enables
00000001000506ef T _patallocstr
000000010004f729 T _patcompile
000000010004f67c T _patcompstart
00000001000502cc T _patgetglobflags
0000000100083530 S _path
0000000100082b18 S _pathbuf
0000000100082b38 S _pathchecked
0000000100082b20 S _pathpos
0000000100065949 T _pathprog
0000000100052be4 T _patmatchlen
0000000100053263 T _patmatchrange
0000000100050530 T _pattern_range_to_string
00000001000508ae T _pattry
00000001000510a7 T _pattrylen
00000001000508d9 T _pattryrefs
00000001000506cf T _pattrystart
                 U _pipe
000000010002fbf7 T _pipecleanfilelist
0000000100082ed0 S _pipestats
000000010003ac9d T _popheap
0000000100028504 T _pophiststack
0000000100083538 S _posixzero
0000000100083540 S _postedit
00000001000479b7 T _poundgetfn
                 U _pow
0000000100083548 S _pparams
0000000100083550 S _ppid
000000010005ac80 T _prefork
0000000100027869 T _prepnexthistent
000000010006741f T _preprompt
00000001000832d0 S _prev_breaks
00000001000832d4 S _prev_errflag
00000001000832d8 S _prevjob
00000001000660b4 T _print_if_link
                 U _printf
0000000100003331 T _printif
000000010002ee9d T _printjob
0000000100040d0f T _printoptionlist
0000000100040c36 T _printoptionstates
00000001000413bb T _printparamnode
0000000100067bf6 T _printprompt4
00000001000032d6 T _printqt
000000010002394f T _printshfuncexpand
000000010006ebb0 T _privasserted
0000000100083558 S _prompt
0000000100083560 S _prompt2
0000000100083568 S _prompt3
0000000100083570 S _prompt4
0000000100055110 T _promptexpand
0000000100083578 S _psvar
000000010003a948 T _pushheap
000000010002971d T _pushhiststack
                 U _putc
                 U _putchar
                 U _putenv
000000010006536c T _putraw
                 U _puts
0000000100065383 T _putshout
0000000100056f21 T _putstr
0000000100083580 S _pwd
0000000100082c70 S _qbang
                 U _qsort
0000000100083730 S _queue_front
0000000100083734 S _queue_rear
0000000100059f36 T _queue_traps
0000000100083738 S _queueing_enabled
00000001000293ee T _quietgethist
000000010001331a T _quote_tokenized_output
000000010006decc T _quotedzputs
00000001000664a9 T _quotestring
000000010005b7c3 T _quotesubst
                 U _rand
00000001000479ce T _randomgetfn
00000001000479de T _randomsetfn
00000001000504b0 T _range_type
                 U _read
00000001000695a0 T _read_loop
0000000100068bdb T _read_poll
                 U _readdir$INODE64
0000000100027dae T _readhistfile
                 U _readlink
0000000100083588 S _readnullcmd
0000000100013ac3 T _readoutput
                 U _realloc
0000000100083590 S _realparamtab
                 U _realpath$DARWIN_EXTSN
0000000100068355 T _redup
000000010003bcce T _register_module
0000000100032c56 T _release_pgrp
0000000100028c1c T _rembutext
0000000100028c72 T _remlpaths
00000001000366b0 T _remnode
000000010002182c T _remnulargs
0000000100022b97 T _removehashnode
000000010003c638 T _removemathfunc
000000010005936f T _removetrap
0000000100032b61 T _removetrapnode
0000000100028bdc T _remtext
0000000100028b4d T _remtpath
                 U _rename
000000010003d454 T _require_module
0000000100083f20 S _resetneeded
0000000100029407 T _resizehistents
000000010006ea41 T _restoredir
000000010005384a T _restorepatterndisables
0000000100082b40 S _reswdtab
0000000100082ae0 S _retflag
0000000100036785 T _rolllist
0000000100083598 S _rprompt
00000001000835a0 S _rprompt2
00000001000835a8 S _rprompt_indent
000000010002be9d T _run_init_scripts
000000010003c330 T _runhookdef
00000001000158f9 T _runshfunc
000000010002a0d1 T _saveandpophiststack
0000000100026ba8 T _savehistfile
0000000100082c78 S _savehistsiz
00000001000480f8 T _savehistsizegetfn
0000000100048108 T _savehistsizesetfn
00000001000537cc T _savepatterndisables
00000001000418ca T _scancountparams
0000000100022e82 T _scanhashtable
0000000100030f08 T _scanjobs
00000001000238bb T _scanmatchshfunc
0000000100022c7f T _scanmatchtable
0000000100023907 T _scanshfunc
0000000100083f28 S _scriptfilename
0000000100083f30 S _scriptname
                 U _select$1050
0000000100037377 T _selectlist
000000010006bbcf T _sepjoin
000000010006bd81 T _sepsplit
0000000100056f44 T _set_colour_attribute
00000001000579ba T _set_default_colour_sequences
00000001000023ed T _set_pwd_env
0000000100042dc0 T _setaparam
0000000100045d10 T _setarrvalue
0000000100068afe T _setblock_fd
0000000100068bbd T _setblock_stdin
000000010006d43a T _setcbreak
                 U _setegid
                 U _seteuid
000000010003f69d T _setfeatureenables
                 U _setgid
00000001000499ca T _setheredoc
0000000100046c7c T _sethparam
00000001000424c0 T _setiparam
000000010004738a T _setiparam_no_convert
00000001000306cd T _setjobpwd
0000000100011345 T _setlimits
                 U _setlocale
0000000100046ed2 T _setnparam
0000000100045fb9 T _setnumvalue
                 U _setpgid
                 U _setpwent
0000000100047b2f T _setrawseconds
                 U _setrlimit
0000000100047b5d T _setsecondstype
00000001000424cf T _setsparam
000000010004586a T _setstrvalue
000000010005908d T _settrap
0000000100067f20 T _settyinfo
                 U _setuid
0000000100013434 T _setunderscore
000000010003bc98 T _setup_zshQsmain
000000010002b5e3 T _setupvals
                 U _setvbuf
0000000100082ae4 S _sfcontext
00000001000308e0 T _shelltime
000000010001470f T _shfunc_set_sticky
0000000100082b48 S _shfunctab
000000010002d517 T _shingetline
00000001000835b0 S _shlvl
0000000100082ca8 S _shout
00000001000835b8 S _shtimer
000000010002180b T _shtokenize
0000000100083f38 S _shttyinfo
0000000100082690 D _sig_msg
                 U _sigaction
0000000100082cb0 S _sigchld_mask
0000000100083740 S _siglists
                 U _signal
000000010005890c T _signal_block
0000000100058932 T _signal_mask
0000000100083850 S _signal_mask_queue
0000000100083a50 S _signal_queue
00000001000589ab T _signal_setmask
00000001000589d1 T _signal_suspend
0000000100058985 T _signal_unblock
                 U _sigprocmask
00000001000827a0 D _sigs
                 U _sigsuspend
0000000100083c50 S _sigtrapped
00000001000828f8 S _simple_pline
000000010005b975 T _singsub
00000001000687fa T _skipparens
                 U _sleep
000000010002c0c1 T _source
000000010002c4e3 T _sourcehome
0000000100082cb4 S _sourcelevel
000000010006b142 T _spacesplit
0000000100030743 T _spawnjob
00000001000698fc T _spckword
00000001000835c8 S _sprompt
                 U _srand
0000000100048793 T _startparamscope
00000001000537fc T _startpatternscope
00000001000598ad T _starttrapscope
                 U _stat$INODE64
000000010007cbf8 S _stdarray_gsu
000000010007cbe0 S _stdfloat_gsu
000000010007cc28 S _stdhash_gsu
000000010007cb98 S _stdinteger_gsu
000000010007cb50 S _stdscalar_gsu
0000000100040faa T _stdunsetfn
0000000100083498 S _sticky
0000000100014d85 T _sticky_emulation_differs
0000000100014667 T _sticky_emulation_dup
0000000100082c80 S _stophist
0000000100082948 S _stopmsg
000000010002e482 T _storepipestats
0000000100056b90 T _stradd
                 U _strcasecmp
                 U _strchr
                 U _strcmp
                 U _strcoll
                 U _strcpy
000000010005ac58 T _strend
                 U _strerror
                 U _strftime
0000000100040f38 T _strgetfn
0000000100082ea0 S _strin
00000001000248e7 T _strinbeg
0000000100024c02 T _strinend
0000000100014be1 T _stripkshdef
                 U _strlen
000000010005a374 T _strmetasort
                 U _strncmp
                 U _strncpy
000000010006e4fb T _strpfx
                 U _strrchr
0000000100040f52 T _strsetfn
000000010006e522 T _strsfx
                 U _strspn
                 U _strstr
                 U _strtod
                 U _strtoul
0000000100068728 T _strucpy
0000000100068746 T _struncpy
0000000100041030 T _strvargetfn
000000010004104d T _strvarsetfn
000000010002dfed T _stuff
0000000100082ae8 S _subsh
00000001000291d1 T _subst
000000010006bebb T _subst_string_by_func
0000000100066d2e T _subst_string_by_hook
0000000100066451 T _substnamedir
0000000100082b50 S _sufaliastab
000000010003a897 T _switch_heaps
                 U _symlink
                 U _sysconf
000000010002b264 T _tccap_get_name
0000000100082cb8 S _tccolours
0000000100082cbc S _tccolumns
                 U _tcgetattr
                 U _tcgetpgrp
0000000100082cc0 S _tclen
0000000100082d48 S _tclines
                 U _tcsetattr
                 U _tcsetpgrp
0000000100082d50 S _tcstr
00000001000835d0 S _term
00000001000835d8 S _termflags
0000000100048410 T _termgetfn
00000001000484f9 T _terminfodirsgetfn
000000010004851b T _terminfodirssetfn
000000010004848b T _terminfogetfn
00000001000484ad T _terminfosetfn
0000000100048420 T _termsetfn
0000000100082950 S _testargs
000000010000e86b T _testlex
0000000100083ef4 S _text_expand_tabs
                 U _tgetent
                 U _tgetflag
                 U _tgetnum
                 U _tgetstr
                 U _tgoto
0000000100082aec S _this_noerrexit
00000001000832dc S _thisjob
00000001000475be T _tiedarrgetfn
00000001000475e9 T _tiedarrsetfn
0000000100047695 T _tiedarrunsetfn
                 U _time
0000000100083f88 S _timedfns
                 U _times
0000000100083314 S _tok
00000001000216b0 T _tokenize
0000000100083318 S _tokfd
0000000100083320 S _toklineno
0000000100083328 S _tokstr
000000010007ec70 D _tokstrings
                 U _tputs
0000000100082958 S _tracingcond
0000000100083ce0 S _trap_queue
0000000100083ee0 S _trap_queue_front
0000000100083ee4 S _trap_queue_rear
0000000100083ee8 S _trap_queueing_enabled
0000000100082af0 S _trap_return
0000000100082af4 S _trap_state
0000000100083eec S _trapisfunc
0000000100083ef0 S _traplocallevel
000000010005a9e9 T _tricat
000000010004b07e T _try_dump_file
000000010007ee78 D _try_errflag
000000010007ee80 D _try_interrupt
000000010004b84f T _try_source_file
0000000100082900 S _try_tryflag
0000000100056d3b T _tsetcap
00000001000832e0 S _ttyfrozen
0000000100047d28 T _ttyidlegetfn
                 U _ttyname
00000001000835e0 S _ttystrname
0000000100065326 T _tulower
00000001000686b7 T _tuupper
0000000100083720 S _txtattrmask
0000000100083f90 S _typtab
000000010003667f T _ugetnode
0000000100047c58 T _uidgetfn
0000000100047c65 T _uidsetfn
00000001000365d7 T _uinsertlinknode
                 U _umask
                 U _uname
00000001000483e6 T _underscoregetfn
0000000100082e60 S _underscorelen
0000000100082e64 S _underscoreused
000000010004741b T _uniqarray
                 U _unlink
000000010003eb37 T _unload_module
000000010003f2a4 T _unload_named_module
0000000100028454 T _unlockhistfile
0000000100065a63 T _unmeta
0000000100067cba T _unmetafy
0000000100059f5e T _unqueue_traps
0000000100046750 T _unsetparam
00000001000471ba T _unsetparam_pm
00000001000592a1 T _unsettrap
000000010001329b T _untokenize
0000000100027608 T _up_histent
000000010002e5f4 T _update_job
00000001000366f3 T _uremnode
0000000100082af8 S _use_cmdoutval
0000000100082e68 S _use_exit_printed
0000000100049c6e T _useeprog
0000000100047b9c T _usernamegetfn
0000000100047ba6 T _usernamesetfn
000000010007cc10 S _vararray_gsu
000000010007cbb0 S _varinteger_gsu
000000010007cb68 S _varscalar_gsu
                 U _wait3
0000000100058a19 T _wait_for_processes
000000010002ff90 T _waitforpid
0000000100030103 T _waitjobs
00000001000835e8 S _watch
0000000100083330 S _wb
                 U _wcrtomb
000000010006531a T _wcs_nicechar
0000000100065540 T _wcs_nicechar_sel
000000010006d3db T _wcs_zarrdup
000000010005a9ad T _wcs_ztrdup
                 U _wcscpy
000000010006d2b7 T _wcsiblank
000000010006ba2f T _wcsitype
                 U _wcslen
0000000100083334 S _we
0000000100084190 S _winchanged
                 U _wmemchr
                 U _wmemcpy
0000000100083338 S _wordbeg
00000001000835f0 S _wordchars
00000001000483b1 T _wordcharsgetfn
00000001000483c1 T _wordcharssetfn
000000010006b47e T _wordcount
00000001000833c0 S _wrappers
                 U _write
0000000100069632 T _write_loop
000000010001fea7 T _xpandbraces
000000010001fca2 T _xpandredir
0000000100065bcd T _xsymlink
0000000100082910 S _xtrerr
000000010003aa13 T _zalloc
000000010006d37c T _zarrdup
000000010006921c T _zbeep
000000010000faec T _zchdir
0000000100068256 T _zclose
000000010006843e T _zcloselockfd
000000010001121f T _zcontext_restore
0000000100011121 T _zcontext_restore_partial
0000000100011112 T _zcontext_save
0000000100011007 T _zcontext_save_partial
0000000100083380 S _zero_mnumber
0000000100064658 T _zerr
0000000100064a83 T _zerrmsg
000000010006483f T _zerrnam
000000010000c578 T _zexit
000000010006db77 T _zexpandtabs
000000010003ae1c T _zfree
000000010000fbf0 T _zgetcwd
000000010000f7f4 T _zgetdir
0000000100048571 T _zgetenv
000000010001bfc4 T _zglob
000000010003aefc T _zhalloc
00000001000585e1 T _zhandler
000000010003ae2d T _zheapptr
000000010005aa68 T _zhtricat
000000010004799e T _zhuniqarray
0000000100036583 T _zinsertlinknode
000000010006af18 T _zjoin
0000000100082c88 S _zle_chline
0000000100082e70 S _zle_entry_ptr
0000000100082e78 S _zle_load_state
0000000100082afc S _zleactive
000000010002cc74 T _zleentry
000000010008333c S _zlemetacs
0000000100083340 S _zlemetall
00000001000474f9 T _zlevarsetfn
00000001000368ea T _zlinklist2array
000000010003650d T _znewlinklist
000000010000f7b5 T _zopenmax
00000001000835f8 S _zoptarg
0000000100083600 S _zoptind
0000000100062936 T _zoutputtab
00000001000836e0 S _zpc_disables
0000000100083700 S _zpc_special
0000000100082500 D _zpc_strings
0000000100048567 T _zputenv
00000001000652bb T _zputs
00000001000690c8 T _zreaddir
000000010003b680 T _zrealloc
00000001000112bb T _zsetlimit
000000010003b7ee T _zsfree
0000000100083608 S _zsh_eval_context
000000010002ce70 T _zsh_main
0000000100083610 S _zsh_subshell
0000000100083618 S _zsh_terminfo
0000000100083620 S _zsh_terminfodirs
000000010003b652 T _zshcalloc
000000010007ebc0 D _zshhooks
000000010003301c T _zshlex
0000000100035e37 T _zshlex_raw_add
0000000100035ec5 T _zshlex_raw_back
0000000100035ef8 T _zshlex_raw_back_to_mark
0000000100035ee1 T _zshlex_raw_mark
0000000100083348 S _zshlextext
0000000100068def T _zsleep
0000000100068e90 T _zsleep_random
000000010005a0f8 T _zstrcmp
0000000100066e4f T _zstrtol
000000010006885a T _zstrtol_underscore
0000000100083628 S _zterm_columns
0000000100083630 S _zterm_lines
000000010007ec50 D _ztokens
000000010006d4cf T _ztrcmp
000000010005a975 T _ztrdup
000000010006d4b2 T _ztrdup_metafy
000000010005abcc T _ztrduppfx
000000010006a7c4 T _ztrftime
0000000100065880 T _ztrlen
0000000100068700 T _ztrncpy
000000010006d50e T _ztrsub
0000000100082e80 S _zunderscore
0000000100064900 T _zwarn
00000001000649c9 T _zwarnnam
000000010006591a T _zwcwidth
                 U dyld_stub_binder
