                 U ___error
                 U ___stack_chk_fail
                 U ___stack_chk_guard
                 U ___stderrp
0000000100000000 T __mh_execute_header
                 U _acl_add_flag_np
                 U _acl_add_perm
                 U _acl_copy_entry
                 U _acl_create_entry
                 U _acl_create_entry_np
                 U _acl_delete_entry
                 U _acl_delete_flag_np
                 U _acl_delete_perm
                 U _acl_dup
                 U _acl_free
                 U _acl_get_entry
                 U _acl_get_fd_np
                 U _acl_get_file
                 U _acl_get_flag_np
                 U _acl_get_flagset_np
                 U _acl_get_perm_np
                 U _acl_get_permset
                 U _acl_get_qualifier
                 U _acl_get_tag_type
                 U _acl_init
                 U _acl_set_fd_np
                 U _acl_set_file
                 U _acl_set_flagset_np
                 U _acl_set_permset
                 U _acl_set_qualifier
                 U _acl_set_tag_type
                 U _acl_to_text
                 U _bcmp
                 U _calloc
                 U _chmod
                 U _chmodx_np
                 U _close
                 U _err
                 U _errx
                 U _exit
                 U _fchmodx_np
                 U _filesec_free
                 U _filesec_init
                 U _filesec_set_property
                 U _free
                 U _fts_open$INODE64
                 U _fts_read$INODE64
                 U _fts_set$INODE64
                 U _fwrite
                 U _getmode
                 U _getopt
                 U _lchmod
                 U _malloc
                 U _mbr_identifier_to_uuid
                 U _open
                 U _optind
                 U _printf
                 U _putchar
                 U _puts
                 U _read
                 U _setmode
                 U _strchr
                 U _strcmp
                 U _strerror
                 U _strlen
                 U _strmode
                 U _strncmp
                 U _strncpy
                 U _strsep
                 U _strtol
                 U _warn
                 U _warnx
                 U dyld_stub_binder
