                 U ___bzero
                 U ___error
                 U ___stack_chk_fail
                 U ___stack_chk_guard
                 U ___stderrp
                 U ___stdoutp
                 U ___strlcpy_chk
0000000100000000 T __mh_execute_header
                 U _atoi
                 U _bind
                 U _close
                 U _compat_mode
                 U _connect
                 U _err
                 U _errx
                 U _exit
                 U _fflush
                 U _fprintf
                 U _free
                 U _gethostname
                 U _getlogin
                 U _getopt
                 U _getservbyname
                 U _getsockopt
                 U _gettimeofday
                 U _localtime
                 U _malloc
                 U _mktime
                 U _optarg
                 U _optind
                 U _puts
                 U _pututxline
                 U _recvfrom
                 U _select$1050
                 U _send
                 U _setenv
                 U _setlocale
                 U _settimeofday
                 U _socket
                 U _stat$INODE64
                 U _strftime
                 U _strlen
                 U _strncasecmp
                 U _strptime
                 U _strspn
                 U _strtol
                 U _strtoq
                 U _syslog$DARWIN_EXTSN
                 U _time
                 U _warn
                 U _warnc
                 U _warnx
                 U dyld_stub_binder
