                 U ___bzero
                 U ___error
                 U ___snprintf_chk
                 U ___stack_chk_fail
                 U ___stack_chk_guard
                 U ___tolower
                 U ___toupper
                 U __exit
0000000100000000 T __mh_execute_header
                 U _atexit
                 U _bsearch
                 U _err
                 U _errx
                 U _exit
                 U _fstat$INODE64
                 U _ftruncate
                 U _gettimeofday
                 U _ioctl
                 U _lseek
                 U _malloc
                 U _memmove
                 U _memset
                 U _open
                 U _read
                 U _setlocale
                 U _signal
                 U _strchr
                 U _strcmp
                 U _strdup
                 U _strerror
                 U _strlen
                 U _strsep
                 U _strtoq
                 U _swab
                 U _warn
                 U _warnx
                 U _write
                 U dyld_stub_binder
