                 U ___error
                 U ___stack_chk_fail
                 U ___stack_chk_guard
                 U ___stderrp
0000000100000000 T __mh_execute_header
                 U _compat_mode
                 U _errx
                 U _exit
                 U _fprintf
                 U _free
                 U _getbsize
                 U _getmntinfo$INODE64
                 U _getopt
                 U _humanize_number
                 U _malloc
                 U _memcpy
                 U _optarg
                 U _optind
                 U _printf
                 U _putenv
                 U _puts
                 U _stat$INODE64
                 U _statfs$INODE64
                 U _strchr
                 U _strcmp
                 U _strdup
                 U _strlen
                 U _strncpy
                 U _sysctl
                 U _warn
                 U _warnx
                 U dyld_stub_binder
