                 U __DefaultRuneLocale
                 U ___error
                 U ___maskrune
                 U ___stack_chk_fail
                 U ___stack_chk_guard
                 U ___stderrp
                 U ___stdinp
                 U ___stdoutp
                 U ___strcat_chk
                 U ___strcpy_chk
0000000100000000 T __mh_execute_header
                 U _clearerr
                 U _close
                 U _compat_mode
                 U _exit
                 U _fclose
                 U _fdopen
                 U _feof
                 U _ferror
                 U _fflush
                 U _fopen
                 U _fprintf
                 U _fputc
                 U _fputs
                 U _fread
                 U _free
                 U _fseeko
                 U _ftello
                 U _fwrite
                 U _getc
                 U _getchar
                 U _getenv
                 U _getopt
                 U _ioctl
                 U _isatty
                 U _longjmp
                 U _malloc
                 U _memchr
                 U _memcpy
                 U _mkstemp
                 U _optarg
                 U _optind
                 U _pclose
                 U _perror
                 U _popen
                 U _printf
                 U _putchar
                 U _puts
                 U _realloc
                 U _regcomp
                 U _regerror
                 U _regexec
                 U _regfree
                 U _setbuffer
                 U _setjmp
                 U _setlocale
                 U _setvbuf
                 U _signal
                 U _strchr
                 U _strcmp
                 U _strcpy
                 U _strerror
                 U _strlen
                 U _strtol
                 U _system
                 U _umask
                 U _unlink
                 U dyld_stub_binder
