                 U __DefaultRuneLocale
                 U ___maskrune
                 U ___stderrp
                 U ___stdoutp
0000000100000000 T __mh_execute_header
                 U _errx
                 U _exit
                 U _fprintf
                 U _fputc
                 U _fputs
                 U _kill
                 U _puts
                 U _strcasecmp
                 U _strcmp
                 U _strncasecmp
                 U _strncmp
                 U _strtol
                 U _sys_signame
                 U _warn
                 U _warnx
                 U dyld_stub_binder
