                 U __DefaultRuneLocale
                 U ___bzero
                 U ___error
                 U ___fpclassifyl
                 U ___maskrune
                 U ___mb_cur_max
                 U ___memccpy_chk
                 U ___memcpy_chk
                 U ___stack_chk_fail
                 U ___stack_chk_guard
                 U ___strcat_chk
                 U ___strcpy_chk
                 U ___strlcpy_chk
                 U ___strncpy_chk
                 U ___tolower
                 U ___toupper
                 U __exit
                 U __longjmp
0000000100000000 T __mh_execute_header
                 U __setjmp
                 U _abort
                 U _accept
                 U _access
                 U _acoshl
                 U _acosl
                 U _alarm
                 U _asinhl
                 U _asinl
                 U _atan2l
                 U _atanhl
                 U _atanl
                 U _atexit
                 U _bind
                 U _catclose
                 U _catgets
                 U _catopen
                 U _cbrtl
                 U _ceill
                 U _cfgetospeed
                 U _chdir
                 U _chmod
                 U _clock_gettime
                 U _close
                 U _closedir
                 U _confstr
                 U _connect
                 U _copysignl
                 U _coshl
                 U _cosl
                 U _dlclose
                 U _dlerror
                 U _dlopen
                 U _dlsym
                 U _dup
                 U _environ
                 U _erfcl
                 U _erfl
                 U _execlp
                 U _execv
                 U _execve
                 U _exit
                 U _exp2l
                 U _expl
                 U _expm1l
                 U _fabsl
                 U _fchdir
                 U _fchmod
                 U _fcntl
                 U _fdiml
                 U _floorl
                 U _fmal
                 U _fmaxl
                 U _fminl
                 U _fmodl
                 U _fork
                 U _freeaddrinfo
                 U _frexp
                 U _frexpl
                 U _fstat$INODE64
                 U _ftruncate
                 U _getaddrinfo
                 U _getdomainname
                 U _getegid
                 U _geteuid
                 U _getfsstat$INODE64
                 U _getgid
                 U _getgroups
                 U _gethostid
                 U _gethostname
                 U _getlogin
                 U _getpagesize
                 U _getpgrp
                 U _getpid
                 U _getppid
                 U _getpwnam
                 U _getpwuid
                 U _getrlimit
                 U _gettimeofday
                 U _getuid
                 U _gmtime
                 U _hypotl
                 U _iconv
                 U _iconv_close
                 U _iconv_open
                 U _ilogbl
                 U _ioctl
                 U _isatty
                 U _iswalpha
                 U _j0
                 U _j1
                 U _jn
                 U _kill
                 U _killpg
                 U _lchmod
                 U _ldexp
                 U _ldexpl
                 U _lgammal
                 U _listen
                 U _localeconv
                 U _localtime
                 U _log10l
                 U _log1pl
                 U _log2l
                 U _logbl
                 U _logl
                 U _lseek
                 U _lstat$INODE64
                 U _madvise
                 U _mblen
                 U _mbrtowc
                 U _mbtowc
                 U _memchr
                 U _memcmp
                 U _memcpy
                 U _memmove
                 U _memset
                 U _memset_pattern16
                 U _mkdir
                 U _mmap
                 U _mount
                 U _munmap
                 U _nanosleep
                 U _nearbyintl
                 U _nextafterl
                 U _nexttowardl
                 U _nice
                 U _nl_langinfo
                 U _open
                 U _opendir$INODE64
                 U _pathconf
                 U _pause
                 U _pipe
                 U _poll
                 U _posix_spawn
                 U _posix_spawnattr_destroy
                 U _posix_spawnattr_init
                 U _posix_spawnattr_setflags
                 U _posix_spawnattr_setpgroup
                 U _pow
                 U _powl
                 U _qsort
                 U _rand
                 U _read
                 U _readdir$INODE64
                 U _readlink
                 U _remainderl
                 U _rename
                 U _rewinddir$INODE64
                 U _rintl
                 U _roundl
                 U _sbrk
                 U _scalb
                 U _scalbnl
                 U _select$1050
                 U _semctl
                 U _semget
                 U _semop
                 U _setgid
                 U _sethostname
                 U _setitimer
                 U _setlocale
                 U _setpgid
                 U _setregid
                 U _setreuid
                 U _setrlimit
                 U _setsid
                 U _setuid
                 U _shutdown
                 U _sigaction
                 U _sigpending
                 U _sigprocmask
                 U _sigvec
                 U _sinhl
                 U _sinl
                 U _socket
                 U _socketpair
                 U _sqrtl
                 U _srand
                 U _stat$INODE64
                 U _strcasecmp
                 U _strchr
                 U _strcmp
                 U _strcoll
                 U _strcpy
                 U _strerror
                 U _strlen
                 U _strncmp
                 U _strncpy
                 U _strrchr
                 U _strstr
                 U _strxfrm
                 U _sync
                 U _sysconf
                 U _tanhl
                 U _tanl
                 U _tcgetattr
                 U _tcgetpgrp
                 U _tcsetattr
                 U _tcsetpgrp
                 U _tgammal
                 U _time
                 U _times
                 U _towctrans
                 U _truncl
                 U _ttyname
                 U _tzname
                 U _tzset
                 U _umask
                 U _uname
                 U _unlink
                 U _utime
                 U _utimensat
                 U _utimes
                 U _vfork
                 U _wait
                 U _waitpid
                 U _wcrtomb
                 U _wctomb
                 U _wctrans
                 U _wctype
                 U _wcwidth
                 U _write
                 U _y0
                 U _y1
                 U _yn
                 U dyld_stub_binder
