                 U __NSGetEnviron
                 U ___bzero
                 U ___error
                 U ___snprintf_chk
                 U ___stack_chk_fail
                 U ___stack_chk_guard
                 U ___stderrp
                 U ___stdoutp
                 U ___strcat_chk
                 U ___strlcpy_chk
                 U ___udivti3
0000000100000000 T __mh_execute_header
                 U __os_alloc_once
                 U __os_alloc_once_table
                 U __os_assert_log
                 U __os_assumes_log
                 U __os_avoid_tail_call
                 U __os_crash
                 U __xpc_bool_true
                 U __xpc_type_array
                 U __xpc_type_bool
                 U __xpc_type_dictionary
                 U __xpc_type_double
                 U __xpc_type_fd
                 U __xpc_type_int64
                 U __xpc_type_mach_send
                 U __xpc_type_string
                 U _asprintf
                 U _au_sflagstostr
                 U _audit_session_port
                 U _auditon
                 U _bootstrap_get_root
                 U _bootstrap_port
                 U _bootstrap_strerror
                 U _close
                 U _csops
                 U _csops_audittoken
                 U _csr_check
                 U _dispatch_once_f
                 U _dlopen
                 U _dlsym
                 U _exit
                 U _fflush
                 U _fprintf
                 U _fputc
                 U _fputs
                 U _free
                 U _fstat$INODE64
                 U _fwrite
                 U _getcwd
                 U _getenv
                 U _getopt
                 U _getopt_long
                 U _getpid
                 U _getppid
                 U _getprogname
                 U _getuid
                 U _host_get_exception_ports
                 U _host_get_special_port
                 U _isatty
                 U _kevent
                 U _kill
                 U _kqueue
                 U _launch_data_free
                 U _launch_data_get_errno
                 U _launch_msg
                 U _mach_error_string
                 U _mach_host_self
                 U _mach_host_special_port_description
                 U _mach_port_deallocate
                 U _mach_port_type
                 U _mach_task_self_
                 U _mach_task_special_port_description
                 U _mach_timebase_info
                 U _malloc
                 U _memcpy
                 U _memorystatus_control
                 U _memset
                 U _mmap
                 U _munmap
                 U _objc_autoreleaseReturnValue
                 U _objc_release
                 U _objc_retain
                 U _objc_retainAutorelease
                 U _objc_retainAutoreleasedReturnValue
                 U _objc_storeStrong
                 U _open
                 U _optarg
                 U _opterr
                 U _optind
                 U _posix_spawnattr_destroy
                 U _posix_spawnattr_init
                 U _posix_spawnattr_setauditsessionport_np
                 U _posix_spawnattr_setexceptionports_np
                 U _posix_spawnattr_setflags
                 U _posix_spawnattr_setspecialport_np
                 U _posix_spawnp
                 U _proc_get_dirty
                 U _proc_pidinfo
                 U _proc_pidpath
                 U _read
                 U _reboot3
                 U _responsibility_get_responsible_for_pid
                 U _sandbox_check
                 U _sandbox_container_path_for_pid
                 U _setenv
                 U _signal
                 U _sleep
                 U _strcasecmp
                 U _strchr
                 U _strcmp
                 U _strdup
                 U _strerror
                 U _strlen
                 U _strncasecmp
                 U _strncmp
                 U _strrchr
                 U _strsep
                 U _strsignal
                 U _strtol
                 U _strtold
                 U _strtoll
                 U _strtoul
                 U _swap_fat_arch
                 U _swap_fat_header
                 U _swap_mach_header
                 U _swap_mach_header_64
                 U _swap_section
                 U _swap_section_64
                 U _swap_segment_command
                 U _swap_segment_command_64
                 U _sys_signame
                 U _sysctl
                 U _sysctlbyname
                 U _sysdir_get_next_search_path_enumeration
                 U _sysdir_start_search_path_enumeration
                 U _task_for_pid
                 U _task_get_exception_ports
                 U _task_get_special_port
                 U _task_info
                 U _task_set_exception_ports
                 U _vasprintf
                 U _vm_allocate
                 U _vm_deallocate
                 U _vm_page_size
                 U _vproc_swap_integer
                 U _vproc_swap_string
                 U _waitpid
                 U _xpc_array_apply_f
                 U _xpc_array_create
                 U _xpc_array_get_count
                 U _xpc_array_get_value
                 U _xpc_array_set_fd
                 U _xpc_array_set_int64
                 U _xpc_array_set_string
                 U _xpc_create_from_plist
                 U _xpc_data_create
                 U _xpc_data_get_bytes_ptr
                 U _xpc_data_get_length
                 U _xpc_dictionary_apply_f
                 U _xpc_dictionary_copy_mach_send
                 U _xpc_dictionary_create
                 U _xpc_dictionary_get_audit_token
                 U _xpc_dictionary_get_bool
                 U _xpc_dictionary_get_count
                 U _xpc_dictionary_get_data
                 U _xpc_dictionary_get_int64
                 U _xpc_dictionary_get_string
                 U _xpc_dictionary_get_uint64
                 U _xpc_dictionary_get_value
                 U _xpc_dictionary_set_bool
                 U _xpc_dictionary_set_fd
                 U _xpc_dictionary_set_int64
                 U _xpc_dictionary_set_mach_send
                 U _xpc_dictionary_set_string
                 U _xpc_dictionary_set_uint64
                 U _xpc_dictionary_set_value
                 U _xpc_double_get_value
                 U _xpc_get_type
                 U _xpc_int64_create
                 U _xpc_int64_get_value
                 U _xpc_null_create
                 U _xpc_pipe_create_from_port
                 U _xpc_pipe_routine
                 U _xpc_shmem_create
                 U _xpc_strerror
                 U _xpc_string_create
                 U _xpc_string_get_string_ptr
                 U dyld_stub_binder
