                 U ___bzero
                 U ___error
                 U ___memcpy_chk
                 U ___memmove_chk
                 U ___snprintf_chk
                 U ___sprintf_chk
                 U ___stack_chk_fail
                 U ___stack_chk_guard
                 U ___stderrp
                 U ___stdinp
                 U ___stdoutp
                 U ___strlcpy_chk
0000000100000000 T __mh_execute_header
                 U _access
                 U _asprintf
                 U _atoi
                 U _basename
                 U _bsearch
                 U _calloc
                 U _chdir
                 U _chmod
                 U _chown
                 U _close
                 U _copyfile
                 U _dirname
                 U _dup2
                 U _endgrent
                 U _endpwent
                 U _err
                 U _errx
                 U _execlp
                 U _exit
                 U _fchdir
                 U _fclose
                 U _fcopyfile
                 U _fdopen
                 U _feof
                 U _ferror
                 U _fflush
                 U _fgetln
                 U _fgets
                 U _fileno
                 U _fnmatch
                 U _fopen
                 U _fork
                 U _fprintf
                 U _fputc
                 U _fputs
                 U _free
                 U _fstat$INODE64
                 U _ftruncate
                 U _fts_close$INODE64
                 U _fts_open$INODE64
                 U _fts_read$INODE64
                 U _fts_set$INODE64
                 U _getchar
                 U _getcwd
                 U _getenv
                 U _geteuid
                 U _getgrgid
                 U _getgrnam
                 U _getopt
                 U _getopt_long
                 U _getpid
                 U _getpwnam
                 U _getpwuid
                 U _getrlimit
                 U _isatty
                 U _issetugid
                 U _kill
                 U _link
                 U _localtime
                 U _lseek
                 U _lstat$INODE64
                 U _malloc
                 U _memcpy
                 U _memmove
                 U _mkdir
                 U _mkfifo
                 U _mknod
                 U _mkstemp
                 U _mktime
                 U _nl_langinfo
                 U _open
                 U _optarg
                 U _optind
                 U _pipe
                 U _putc
                 U _read
                 U _readlink
                 U _realloc
                 U _realpath$DARWIN_EXTSN
                 U _regcomp
                 U _regerror
                 U _regexec
                 U _regfree
                 U _rmdir
                 U _setgroupent
                 U _setpassent
                 U _setrlimit
                 U _sigaction
                 U _sigprocmask
                 U _sscanf
                 U _stat$INODE64
                 U _strchr
                 U _strcmp
                 U _strcspn
                 U _strdup
                 U _strerror
                 U _strftime
                 U _strlen
                 U _strmode
                 U _strncasecmp
                 U _strncmp
                 U _strncpy
                 U _strrchr
                 U _strspn
                 U _strstr
                 U _strtoq
                 U _strtoul
                 U _symlink
                 U _time
                 U _unlink
                 U _utimes
                 U _vfprintf
                 U _vis
                 U _waitpid
                 U _write
                 U dyld_stub_binder
