                 U __DefaultRuneLocale
                 U ___assert_rtn
                 U ___bzero
                 U ___error
                 U ___maskrune
                 U ___mb_cur_max
                 U ___memmove_chk
                 U ___stack_chk_fail
                 U ___stack_chk_guard
                 U ___strcpy_chk
                 U ___tolower
                 U ___toupper
                 U __exit
0000000100000000 T __mh_execute_header
                 U _abort
                 U _access
                 U _alarm
                 U _atof
                 U _atoi
                 U _catclose
                 U _catgets
                 U _catopen
                 U _cfgetispeed
                 U _cfgetospeed
                 U _cfsetispeed
                 U _cfsetospeed
                 U _chdir
                 U _close
                 U _closedir
                 U _creat
                 U _crypt
                 U _ctime
                 U _dup
                 U _dup2
                 U _endgrent
                 U _endpwent
                 U _endutxent
                 U _environ
                 U _execv
                 U _exit
                 U _fcntl
                 U _fork
                 U _free
                 U _fstat$INODE64
                 U _getcwd
                 U _getegid
                 U _getenv
                 U _geteuid
                 U _getgid
                 U _getgrent
                 U _getgrgid
                 U _getgroups
                 U _gethostbyname
                 U _gethostname
                 U _getpeername
                 U _getpgrp
                 U _getpid
                 U _getpwent
                 U _getpwnam
                 U _getpwuid
                 U _getrlimit
                 U _getrusage
                 U _gettimeofday
                 U _getuid
                 U _getutxent
                 U _iconv
                 U _iconv_close
                 U _iconv_open
                 U _inet_addr
                 U _inet_ntoa
                 U _ioctl
                 U _isatty
                 U _kill
                 U _killpg
                 U _localtime
                 U _longjmp
                 U _lseek
                 U _lstat$INODE64
                 U _malloc
                 U _mblen
                 U _mbtowc
                 U _memchr
                 U _memcmp
                 U _memcpy
                 U _memmove
                 U _memset_pattern16
                 U _mkstemp
                 U _nl_langinfo
                 U _open
                 U _opendir$INODE64
                 U _pipe
                 U _qsort
                 U _read
                 U _readdir$INODE64
                 U _readlink
                 U _realloc
                 U _rewinddir$INODE64
                 U _setgrent
                 U _setjmp
                 U _setlocale
                 U _setpgid
                 U _setpriority
                 U _setpwent
                 U _setrlimit
                 U _setutxent
                 U _sigaction
                 U _signal
                 U _sigprocmask
                 U _sigsuspend
                 U _sleep
                 U _stat$INODE64
                 U _strchr
                 U _strcmp
                 U _strcoll
                 U _strerror
                 U _strlen
                 U _strncmp
                 U _strncpy
                 U _strrchr
                 U _strtol
                 U _strtoul
                 U _sysconf
                 U _tcgetattr
                 U _tcgetpgrp
                 U _tcsetattr
                 U _tcsetpgrp
                 U _tgetent
                 U _tgetflag
                 U _tgetnum
                 U _tgetstr
                 U _tgoto
                 U _time
                 U _tputs
                 U _ttyname
                 U _umask
                 U _unlink
                 U _vfork
                 U _wait3
                 U _waitpid
                 U _wcscat
                 U _wcschr
                 U _wcscmp
                 U _wcscoll
                 U _wcscpy
                 U _wcslen
                 U _wcsncmp
                 U _wcsncpy
                 U _wcsrchr
                 U _wctomb
                 U _wcwidth
                 U _write
                 U dyld_stub_binder
